#
# There is insufficient memory for the Java Runtime Environment to continue.
# Native memory allocation (mmap) failed to map 51380224 bytes for Failed to commit area from 0x000000074fd00000 to 0x0000000752e00000 of length 51380224.
# Possible reasons:
#   The system is out of physical RAM or swap space
#   The process is running with CompressedOops enabled, and the Java Heap may be blocking the growth of the native heap
# Possible solutions:
#   Reduce memory load on the system
#   Increase physical memory or swap space
#   Check if swap backing store is full
#   Decrease Java heap size (-Xmx/-Xms)
#   Decrease number of Java threads
#   Decrease Java thread stack sizes (-Xss)
#   Set larger code cache with -XX:ReservedCodeCacheSize=
#   JVM is running with Zero Based Compressed Oops mode in which the Java heap is
#     placed in the first 32GB address space. The Java Heap base address is the
#     maximum limit for the native heap growth. Please use -XX:HeapBaseMinAddress
#     to set the Java Heap base and to place the Java Heap above 32GB virtual address.
# This output file may be truncated or incomplete.
#
#  Out of Memory Error (./src/hotspot/os/windows/os_windows.cpp:3521), pid=6680, tid=6344
#
# JRE version: OpenJDK Runtime Environment (11.0.12+7) (build 11.0.12+7-b1504.28-7817840)
# Java VM: OpenJDK 64-Bit Server VM (11.0.12+7-b1504.28-7817840, mixed mode, tiered, compressed oops, g1 gc, windows-amd64)
# No core dump will be written. Minidumps are not enabled by default on client versions of Windows
#

---------------  S U M M A R Y ------------

Command Line: org.jetbrains.kotlin.cli.jvm.K2JVMCompiler @C:\Projects\Andriod\MyRecipe\app\build\20220831_2423776905181348067.compiler.options

Host: Intel(R) Core(TM) i3-7020U CPU @ 2.30GHz, 4 cores, 11G,  Windows 10 , 64 bit Build 19041 (10.0.19041.1200)
Time: Wed Aug 31 19:26:51 2022 RTZ 2 (зима) elapsed time: 14.734226 seconds (0d 0h 0m 14s)

---------------  T H R E A D  ---------------

Current thread (0x000002149855f000):  VMThread "VM Thread" [stack: 0x0000003c34700000,0x0000003c34800000] [id=6344]

Stack: [0x0000003c34700000,0x0000003c34800000]
[error occurred during error reporting (printing stack bounds), id 0xc0000005, EXCEPTION_ACCESS_VIOLATION (0xc0000005) at pc=0x000002148000112d]

Native frames: (J=compiled Java code, j=interpreted, Vv=VM code, C=native code)
V  [jvm.dll+0x5fbcea]
V  [jvm.dll+0x731905]
V  [jvm.dll+0x732f1d]
V  [jvm.dll+0x733535]
V  [jvm.dll+0x7334eb]
V  [jvm.dll+0x5fb080]
V  [jvm.dll+0x5fb818]
C  [ntdll.dll+0xa20cf]
C  [ntdll.dll+0x51454]
C  [ntdll.dll+0xa0bfe]
C  0x000002148000112d

VM_Operation (0x0000003c341fbaf0): G1CollectForAllocation, mode: safepoint, requested by thread 0x00000214fbb59000


---------------  P R O C E S S  ---------------

Threads class SMR info:
_java_thread_list=0x000002149c575a60, length=11, elements={
0x00000214fbb59000, 0x0000021498575800, 0x0000021498577000, 0x0000021498de7800,
0x0000021498dea800, 0x0000021498dec800, 0x0000021498df5800, 0x0000021498df9000,
0x0000021498e04000, 0x0000021498f7a000, 0x000002149c481800
}

Java Threads: ( => current thread )
  0x00000214fbb59000 JavaThread "main" [_thread_blocked, id=4048, stack(0x0000003c34100000,0x0000003c34200000)]
  0x0000021498575800 JavaThread "Reference Handler" daemon [_thread_blocked, id=4252, stack(0x0000003c34800000,0x0000003c34900000)]
  0x0000021498577000 JavaThread "Finalizer" daemon [_thread_blocked, id=2908, stack(0x0000003c34900000,0x0000003c34a00000)]
  0x0000021498de7800 JavaThread "Signal Dispatcher" daemon [_thread_blocked, id=6644, stack(0x0000003c34a00000,0x0000003c34b00000)]
  0x0000021498dea800 JavaThread "Attach Listener" daemon [_thread_blocked, id=7932, stack(0x0000003c34b00000,0x0000003c34c00000)]
  0x0000021498dec800 JavaThread "Service Thread" daemon [_thread_blocked, id=7404, stack(0x0000003c34c00000,0x0000003c34d00000)]
  0x0000021498df5800 JavaThread "C2 CompilerThread0" daemon [_thread_blocked, id=8696, stack(0x0000003c34d00000,0x0000003c34e00000)]
  0x0000021498df9000 JavaThread "C1 CompilerThread0" daemon [_thread_blocked, id=8088, stack(0x0000003c34e00000,0x0000003c34f00000)]
  0x0000021498e04000 JavaThread "Sweeper thread" daemon [_thread_blocked, id=4660, stack(0x0000003c34f00000,0x0000003c35000000)]
  0x0000021498f7a000 JavaThread "Common-Cleaner" daemon [_thread_blocked, id=3140, stack(0x0000003c35100000,0x0000003c35200000)]
  0x000002149c481800 JavaThread "C2 CompilerThread1" daemon [_thread_in_native, id=5188, stack(0x0000003c35200000,0x0000003c35300000)]

Other Threads:
=>0x000002149855f000 VMThread "VM Thread" [stack: 0x0000003c34700000,0x0000003c34800000] [id=6344]
  0x0000021498f4f800 WatcherThread [stack: 0x0000003c35000000,0x0000003c35100000] [id=8124]
  0x00000214fbb71000 GCTaskThread "GC Thread#0" [stack: 0x0000003c34200000,0x0000003c34300000] [id=7916]
  0x0000021499479000 GCTaskThread "GC Thread#1" [stack: 0x0000003c35300000,0x0000003c35400000] [id=8556]
  0x0000021499540000 GCTaskThread "GC Thread#2" [stack: 0x0000003c35400000,0x0000003c35500000] [id=1708]
  0x0000021499541000 GCTaskThread "GC Thread#3" [stack: 0x0000003c35500000,0x0000003c35600000] [id=5524]
  0x00000214fbbb7800 ConcurrentGCThread "G1 Main Marker" [stack: 0x0000003c34300000,0x0000003c34400000] [id=4400]
  0x00000214fbbb9000 ConcurrentGCThread "G1 Conc#0" [stack: 0x0000003c34400000,0x0000003c34500000] [id=3476]
  0x00000214fbc3d800 ConcurrentGCThread "G1 Refine#0" [stack: 0x0000003c34500000,0x0000003c34600000] [id=1972]
  0x000002149da06800 ConcurrentGCThread "G1 Refine#1" [stack: 0x0000003c35600000,0x0000003c35700000] [id=5592]
  0x00000214983cb800 ConcurrentGCThread "G1 Young RemSet Sampling" [stack: 0x0000003c34600000,0x0000003c34700000] [id=1008]

Threads with active compile tasks:
C2 CompilerThread0  14741 10907       4       org.jetbrains.kotlin.backend.common.serialization.mangle.MangleUtilsKt::collectForMangler (167 bytes)
C2 CompilerThread1  14741 10824       4       org.jetbrains.kotlin.resolve.OverridingUtil::generateOverridesInFunctionGroup (123 bytes)

VM state:at safepoint (normal execution)

VM Mutex/Monitor currently owned by a thread:  ([mutex/lock_event])
[0x00000214fbb550b0] Threads_lock - owner thread: 0x000002149855f000
[0x00000214fbb559b0] Heap_lock - owner thread: 0x00000214fbb59000

Heap address: 0x0000000741600000, size: 3050 MB, Compressed Oops mode: Zero based, Oop shift amount: 3
Narrow klass base: 0x0000000800000000, Narrow klass shift: 0
Compressed class space size: 1073741824 Address: 0x0000000800000000

Heap:
 garbage-first heap   total 286720K, used 63811K [0x0000000741600000, 0x0000000800000000)
  region size 1024K, 8 young (8192K), 8 survivors (8192K)
 Metaspace       used 78956K, capacity 79872K, committed 80032K, reserved 1120256K
  class space    used 8750K, capacity 9132K, committed 9204K, reserved 1048576K
Heap Regions: E=young(eden), S=young(survivor), O=old, HS=humongous(starts), HC=humongous(continues), CS=collection set, F=free, A=archive, TAMS=top-at-mark-start (previous, next)
|   0|0x0000000741600000, 0x0000000741700000, 0x0000000741700000|100%|HS|  |TAMS 0x0000000741700000, 0x0000000741600000| Complete 
|   1|0x0000000741700000, 0x0000000741800000, 0x0000000741800000|100%|HC|  |TAMS 0x0000000741800000, 0x0000000741700000| Complete 
|   2|0x0000000741800000, 0x0000000741900000, 0x0000000741900000|100%|HC|  |TAMS 0x0000000741900000, 0x0000000741800000| Complete 
|   3|0x0000000741900000, 0x0000000741a00000, 0x0000000741a00000|100%| O|  |TAMS 0x0000000741a00000, 0x0000000741900000| Untracked 
|   4|0x0000000741a00000, 0x0000000741b00000, 0x0000000741b00000|100%| O|  |TAMS 0x0000000741b00000, 0x0000000741a00000| Untracked 
|   5|0x0000000741b00000, 0x0000000741c00000, 0x0000000741c00000|100%|HS|  |TAMS 0x0000000741c00000, 0x0000000741b00000| Complete 
|   6|0x0000000741c00000, 0x0000000741d00000, 0x0000000741d00000|100%|HC|  |TAMS 0x0000000741d00000, 0x0000000741c00000| Complete 
|   7|0x0000000741d00000, 0x0000000741e00000, 0x0000000741e00000|100%|HC|  |TAMS 0x0000000741e00000, 0x0000000741d00000| Complete 
|   8|0x0000000741e00000, 0x0000000741f00000, 0x0000000741f00000|100%|HS|  |TAMS 0x0000000741f00000, 0x0000000741e00000| Complete 
|   9|0x0000000741f00000, 0x0000000742000000, 0x0000000742000000|100%|HC|  |TAMS 0x0000000742000000, 0x0000000741f00000| Complete 
|  10|0x0000000742000000, 0x0000000742100000, 0x0000000742100000|100%| O|  |TAMS 0x0000000742100000, 0x0000000742000000| Untracked 
|  11|0x0000000742100000, 0x0000000742200000, 0x0000000742200000|100%| O|  |TAMS 0x0000000742200000, 0x0000000742100000| Untracked 
|  12|0x0000000742200000, 0x0000000742300000, 0x0000000742300000|100%| O|  |TAMS 0x0000000742300000, 0x0000000742200000| Untracked 
|  13|0x0000000742300000, 0x0000000742400000, 0x0000000742400000|100%| O|  |TAMS 0x0000000742400000, 0x0000000742300000| Untracked 
|  14|0x0000000742400000, 0x0000000742500000, 0x0000000742500000|100%| O|  |TAMS 0x0000000742500000, 0x0000000742400000| Untracked 
|  15|0x0000000742500000, 0x0000000742600000, 0x0000000742600000|100%| O|  |TAMS 0x0000000742600000, 0x0000000742500000| Untracked 
|  16|0x0000000742600000, 0x0000000742700000, 0x0000000742700000|100%| O|  |TAMS 0x0000000742700000, 0x0000000742600000| Untracked 
|  17|0x0000000742700000, 0x0000000742800000, 0x0000000742800000|100%| O|  |TAMS 0x0000000742800000, 0x0000000742700000| Untracked 
|  18|0x0000000742800000, 0x0000000742900000, 0x0000000742900000|100%| O|  |TAMS 0x0000000742900000, 0x0000000742800000| Untracked 
|  19|0x0000000742900000, 0x0000000742a00000, 0x0000000742a00000|100%| O|  |TAMS 0x0000000742a00000, 0x0000000742900000| Untracked 
|  20|0x0000000742a00000, 0x0000000742b00000, 0x0000000742b00000|100%| O|  |TAMS 0x0000000742b00000, 0x0000000742a00000| Untracked 
|  21|0x0000000742b00000, 0x0000000742c00000, 0x0000000742c00000|100%| O|  |TAMS 0x0000000742c00000, 0x0000000742b00000| Untracked 
|  22|0x0000000742c00000, 0x0000000742d00000, 0x0000000742d00000|100%| O|  |TAMS 0x0000000742d00000, 0x0000000742c00000| Untracked 
|  23|0x0000000742d00000, 0x0000000742e00000, 0x0000000742e00000|100%| O|  |TAMS 0x0000000742e00000, 0x0000000742d00000| Untracked 
|  24|0x0000000742e00000, 0x0000000742f00000, 0x0000000742f00000|100%| O|  |TAMS 0x0000000742f00000, 0x0000000742e00000| Untracked 
|  25|0x0000000742f00000, 0x0000000743000000, 0x0000000743000000|100%| O|  |TAMS 0x0000000743000000, 0x0000000742f00000| Untracked 
|  26|0x0000000743000000, 0x0000000743100000, 0x0000000743100000|100%| O|  |TAMS 0x0000000743100000, 0x0000000743000000| Untracked 
|  27|0x0000000743100000, 0x0000000743200000, 0x0000000743200000|100%| O|  |TAMS 0x0000000743200000, 0x0000000743100000| Untracked 
|  28|0x0000000743200000, 0x0000000743300000, 0x0000000743300000|100%| O|  |TAMS 0x0000000743300000, 0x0000000743200000| Untracked 
|  29|0x0000000743300000, 0x0000000743400000, 0x0000000743400000|100%| O|  |TAMS 0x0000000743400000, 0x0000000743300000| Untracked 
|  30|0x0000000743400000, 0x0000000743500000, 0x0000000743500000|100%| O|  |TAMS 0x0000000743500000, 0x0000000743400000| Untracked 
|  31|0x0000000743500000, 0x0000000743600000, 0x0000000743600000|100%| O|  |TAMS 0x0000000743600000, 0x0000000743500000| Untracked 
|  32|0x0000000743600000, 0x0000000743700000, 0x0000000743700000|100%| O|  |TAMS 0x0000000743700000, 0x0000000743600000| Untracked 
|  33|0x0000000743700000, 0x0000000743800000, 0x0000000743800000|100%| O|  |TAMS 0x0000000743800000, 0x0000000743700000| Untracked 
|  34|0x0000000743800000, 0x0000000743900000, 0x0000000743900000|100%| O|  |TAMS 0x0000000743900000, 0x0000000743800000| Untracked 
|  35|0x0000000743900000, 0x0000000743a00000, 0x0000000743a00000|100%| O|  |TAMS 0x0000000743a00000, 0x0000000743900000| Untracked 
|  36|0x0000000743a00000, 0x0000000743b00000, 0x0000000743b00000|100%| O|  |TAMS 0x0000000743b00000, 0x0000000743a00000| Untracked 
|  37|0x0000000743b00000, 0x0000000743c00000, 0x0000000743c00000|100%| O|  |TAMS 0x0000000743c00000, 0x0000000743b00000| Untracked 
|  38|0x0000000743c00000, 0x0000000743d00000, 0x0000000743d00000|100%| O|  |TAMS 0x0000000743d00000, 0x0000000743c00000| Untracked 
|  39|0x0000000743d00000, 0x0000000743e00000, 0x0000000743e00000|100%| O|  |TAMS 0x0000000743e00000, 0x0000000743d00000| Untracked 
|  40|0x0000000743e00000, 0x0000000743f00000, 0x0000000743f00000|100%| O|  |TAMS 0x0000000743f00000, 0x0000000743e00000| Untracked 
|  41|0x0000000743f00000, 0x0000000744000000, 0x0000000744000000|100%| O|  |TAMS 0x0000000744000000, 0x0000000743f00000| Untracked 
|  42|0x0000000744000000, 0x0000000744100000, 0x0000000744100000|100%| O|  |TAMS 0x0000000744100000, 0x0000000744000000| Untracked 
|  43|0x0000000744100000, 0x0000000744200000, 0x0000000744200000|100%| O|  |TAMS 0x0000000744200000, 0x0000000744100000| Untracked 
|  44|0x0000000744200000, 0x0000000744300000, 0x0000000744300000|100%| O|  |TAMS 0x00000007442c3200, 0x0000000744200000| Untracked 
|  45|0x0000000744300000, 0x0000000744400000, 0x0000000744400000|100%| O|  |TAMS 0x0000000744300000, 0x0000000744300000| Untracked 
|  46|0x0000000744400000, 0x0000000744500000, 0x0000000744500000|100%| O|  |TAMS 0x0000000744400000, 0x0000000744400000| Untracked 
|  47|0x0000000744500000, 0x0000000744600000, 0x0000000744600000|100%| O|  |TAMS 0x0000000744500000, 0x0000000744500000| Untracked 
|  48|0x0000000744600000, 0x0000000744700000, 0x0000000744700000|100%| O|  |TAMS 0x0000000744600000, 0x0000000744600000| Untracked 
|  49|0x0000000744700000, 0x0000000744800000, 0x0000000744800000|100%| O|  |TAMS 0x0000000744700000, 0x0000000744700000| Untracked 
|  50|0x0000000744800000, 0x0000000744900000, 0x0000000744900000|100%| O|  |TAMS 0x0000000744800000, 0x0000000744800000| Untracked 
|  51|0x0000000744900000, 0x0000000744a00000, 0x0000000744a00000|100%| O|  |TAMS 0x0000000744900000, 0x0000000744900000| Untracked 
|  52|0x0000000744a00000, 0x0000000744b00000, 0x0000000744b00000|100%| O|  |TAMS 0x0000000744a00000, 0x0000000744a00000| Untracked 
|  53|0x0000000744b00000, 0x0000000744c00000, 0x0000000744c00000|100%| O|  |TAMS 0x0000000744b00000, 0x0000000744b00000| Untracked 
|  54|0x0000000744c00000, 0x0000000744ce8e00, 0x0000000744d00000| 90%| O|  |TAMS 0x0000000744c00000, 0x0000000744c00000| Untracked 
|  55|0x0000000744d00000, 0x0000000744d00000, 0x0000000744e00000|  0%| F|  |TAMS 0x0000000744d00000, 0x0000000744d00000| Untracked 
|  56|0x0000000744e00000, 0x0000000744e00000, 0x0000000744f00000|  0%| F|  |TAMS 0x0000000744e00000, 0x0000000744e00000| Untracked 
|  57|0x0000000744f00000, 0x0000000744f00000, 0x0000000745000000|  0%| F|  |TAMS 0x0000000744f00000, 0x0000000744f00000| Untracked 
|  58|0x0000000745000000, 0x0000000745000000, 0x0000000745100000|  0%| F|  |TAMS 0x0000000745000000, 0x0000000745000000| Untracked 
|  59|0x0000000745100000, 0x0000000745100000, 0x0000000745200000|  0%| F|  |TAMS 0x0000000745100000, 0x0000000745100000| Untracked 
|  60|0x0000000745200000, 0x0000000745200000, 0x0000000745300000|  0%| F|  |TAMS 0x0000000745200000, 0x0000000745200000| Untracked 
|  61|0x0000000745300000, 0x0000000745300000, 0x0000000745400000|  0%| F|  |TAMS 0x0000000745300000, 0x0000000745300000| Untracked 
|  62|0x0000000745400000, 0x0000000745400000, 0x0000000745500000|  0%| F|  |TAMS 0x0000000745400000, 0x0000000745400000| Untracked 
|  63|0x0000000745500000, 0x0000000745500000, 0x0000000745600000|  0%| F|  |TAMS 0x0000000745500000, 0x0000000745500000| Untracked 
|  64|0x0000000745600000, 0x0000000745600000, 0x0000000745700000|  0%| F|  |TAMS 0x0000000745600000, 0x0000000745600000| Untracked 
|  65|0x0000000745700000, 0x0000000745700000, 0x0000000745800000|  0%| F|  |TAMS 0x0000000745700000, 0x0000000745700000| Untracked 
|  66|0x0000000745800000, 0x0000000745800000, 0x0000000745900000|  0%| F|  |TAMS 0x0000000745800000, 0x0000000745800000| Untracked 
|  67|0x0000000745900000, 0x0000000745900000, 0x0000000745a00000|  0%| F|  |TAMS 0x0000000745900000, 0x0000000745900000| Untracked 
|  68|0x0000000745a00000, 0x0000000745a00000, 0x0000000745b00000|  0%| F|  |TAMS 0x0000000745a00000, 0x0000000745a00000| Untracked 
|  69|0x0000000745b00000, 0x0000000745b00000, 0x0000000745c00000|  0%| F|  |TAMS 0x0000000745b00000, 0x0000000745b00000| Untracked 
|  70|0x0000000745c00000, 0x0000000745c00000, 0x0000000745d00000|  0%| F|  |TAMS 0x0000000745c00000, 0x0000000745c00000| Untracked 
|  71|0x0000000745d00000, 0x0000000745d00000, 0x0000000745e00000|  0%| F|  |TAMS 0x0000000745d00000, 0x0000000745d00000| Untracked 
|  72|0x0000000745e00000, 0x0000000745e00000, 0x0000000745f00000|  0%| F|  |TAMS 0x0000000745e00000, 0x0000000745e00000| Untracked 
|  73|0x0000000745f00000, 0x0000000745f00000, 0x0000000746000000|  0%| F|  |TAMS 0x0000000745f00000, 0x0000000745f00000| Untracked 
|  74|0x0000000746000000, 0x0000000746000000, 0x0000000746100000|  0%| F|  |TAMS 0x0000000746000000, 0x0000000746000000| Untracked 
|  75|0x0000000746100000, 0x0000000746100000, 0x0000000746200000|  0%| F|  |TAMS 0x0000000746100000, 0x0000000746100000| Untracked 
|  76|0x0000000746200000, 0x0000000746200000, 0x0000000746300000|  0%| F|  |TAMS 0x0000000746200000, 0x0000000746200000| Untracked 
|  77|0x0000000746300000, 0x0000000746300000, 0x0000000746400000|  0%| F|  |TAMS 0x0000000746300000, 0x0000000746300000| Untracked 
|  78|0x0000000746400000, 0x0000000746400000, 0x0000000746500000|  0%| F|  |TAMS 0x0000000746400000, 0x0000000746400000| Untracked 
|  79|0x0000000746500000, 0x0000000746500000, 0x0000000746600000|  0%| F|  |TAMS 0x0000000746500000, 0x0000000746500000| Untracked 
|  80|0x0000000746600000, 0x0000000746600000, 0x0000000746700000|  0%| F|  |TAMS 0x0000000746600000, 0x0000000746600000| Untracked 
|  81|0x0000000746700000, 0x0000000746700000, 0x0000000746800000|  0%| F|  |TAMS 0x0000000746700000, 0x0000000746700000| Untracked 
|  82|0x0000000746800000, 0x0000000746800000, 0x0000000746900000|  0%| F|  |TAMS 0x0000000746800000, 0x0000000746800000| Untracked 
|  83|0x0000000746900000, 0x0000000746900000, 0x0000000746a00000|  0%| F|  |TAMS 0x0000000746900000, 0x0000000746900000| Untracked 
|  84|0x0000000746a00000, 0x0000000746a00000, 0x0000000746b00000|  0%| F|  |TAMS 0x0000000746a00000, 0x0000000746a00000| Untracked 
|  85|0x0000000746b00000, 0x0000000746b00000, 0x0000000746c00000|  0%| F|  |TAMS 0x0000000746b00000, 0x0000000746b00000| Untracked 
|  86|0x0000000746c00000, 0x0000000746c00000, 0x0000000746d00000|  0%| F|  |TAMS 0x0000000746c00000, 0x0000000746c00000| Untracked 
|  87|0x0000000746d00000, 0x0000000746d00000, 0x0000000746e00000|  0%| F|  |TAMS 0x0000000746d00000, 0x0000000746d00000| Untracked 
|  88|0x0000000746e00000, 0x0000000746e00000, 0x0000000746f00000|  0%| F|  |TAMS 0x0000000746e00000, 0x0000000746e00000| Untracked 
|  89|0x0000000746f00000, 0x0000000746f00000, 0x0000000747000000|  0%| F|  |TAMS 0x0000000746f00000, 0x0000000746f00000| Untracked 
|  90|0x0000000747000000, 0x0000000747000000, 0x0000000747100000|  0%| F|  |TAMS 0x0000000747000000, 0x0000000747000000| Untracked 
|  91|0x0000000747100000, 0x0000000747100000, 0x0000000747200000|  0%| F|  |TAMS 0x0000000747100000, 0x0000000747100000| Untracked 
|  92|0x0000000747200000, 0x0000000747200000, 0x0000000747300000|  0%| F|  |TAMS 0x0000000747200000, 0x0000000747200000| Untracked 
|  93|0x0000000747300000, 0x0000000747300000, 0x0000000747400000|  0%| F|  |TAMS 0x0000000747300000, 0x0000000747300000| Untracked 
|  94|0x0000000747400000, 0x0000000747400000, 0x0000000747500000|  0%| F|  |TAMS 0x0000000747400000, 0x0000000747400000| Untracked 
|  95|0x0000000747500000, 0x0000000747500000, 0x0000000747600000|  0%| F|  |TAMS 0x0000000747500000, 0x0000000747500000| Untracked 
|  96|0x0000000747600000, 0x0000000747600000, 0x0000000747700000|  0%| F|  |TAMS 0x0000000747600000, 0x0000000747600000| Untracked 
|  97|0x0000000747700000, 0x0000000747700000, 0x0000000747800000|  0%| F|  |TAMS 0x0000000747700000, 0x0000000747700000| Untracked 
|  98|0x0000000747800000, 0x0000000747800000, 0x0000000747900000|  0%| F|  |TAMS 0x0000000747800000, 0x0000000747800000| Untracked 
|  99|0x0000000747900000, 0x0000000747900000, 0x0000000747a00000|  0%| F|  |TAMS 0x0000000747900000, 0x0000000747900000| Untracked 
| 100|0x0000000747a00000, 0x0000000747a00000, 0x0000000747b00000|  0%| F|  |TAMS 0x0000000747a00000, 0x0000000747a00000| Untracked 
| 101|0x0000000747b00000, 0x0000000747b00000, 0x0000000747c00000|  0%| F|  |TAMS 0x0000000747b00000, 0x0000000747b00000| Untracked 
| 102|0x0000000747c00000, 0x0000000747c00000, 0x0000000747d00000|  0%| F|  |TAMS 0x0000000747c00000, 0x0000000747c00000| Untracked 
| 103|0x0000000747d00000, 0x0000000747d00000, 0x0000000747e00000|  0%| F|  |TAMS 0x0000000747d00000, 0x0000000747d00000| Untracked 
| 104|0x0000000747e00000, 0x0000000747e00000, 0x0000000747f00000|  0%| F|  |TAMS 0x0000000747e00000, 0x0000000747e00000| Untracked 
| 105|0x0000000747f00000, 0x0000000747f00000, 0x0000000748000000|  0%| F|  |TAMS 0x0000000747f00000, 0x0000000747f00000| Untracked 
| 106|0x0000000748000000, 0x0000000748000000, 0x0000000748100000|  0%| F|  |TAMS 0x0000000748000000, 0x0000000748000000| Untracked 
| 107|0x0000000748100000, 0x0000000748100000, 0x0000000748200000|  0%| F|  |TAMS 0x0000000748100000, 0x0000000748100000| Untracked 
| 108|0x0000000748200000, 0x0000000748200000, 0x0000000748300000|  0%| F|  |TAMS 0x0000000748200000, 0x0000000748200000| Untracked 
| 109|0x0000000748300000, 0x0000000748300000, 0x0000000748400000|  0%| F|  |TAMS 0x0000000748300000, 0x0000000748300000| Untracked 
| 110|0x0000000748400000, 0x0000000748400000, 0x0000000748500000|  0%| F|  |TAMS 0x0000000748400000, 0x0000000748400000| Untracked 
| 111|0x0000000748500000, 0x0000000748500000, 0x0000000748600000|  0%| F|  |TAMS 0x0000000748500000, 0x0000000748500000| Untracked 
| 112|0x0000000748600000, 0x0000000748600000, 0x0000000748700000|  0%| F|  |TAMS 0x0000000748600000, 0x0000000748600000| Untracked 
| 113|0x0000000748700000, 0x0000000748700000, 0x0000000748800000|  0%| F|  |TAMS 0x0000000748700000, 0x0000000748700000| Untracked 
| 114|0x0000000748800000, 0x0000000748800000, 0x0000000748900000|  0%| F|  |TAMS 0x0000000748800000, 0x0000000748800000| Untracked 
| 115|0x0000000748900000, 0x0000000748900000, 0x0000000748a00000|  0%| F|  |TAMS 0x0000000748900000, 0x0000000748900000| Untracked 
| 116|0x0000000748a00000, 0x0000000748a00000, 0x0000000748b00000|  0%| F|  |TAMS 0x0000000748a00000, 0x0000000748a00000| Untracked 
| 117|0x0000000748b00000, 0x0000000748b00000, 0x0000000748c00000|  0%| F|  |TAMS 0x0000000748b00000, 0x0000000748b00000| Untracked 
| 118|0x0000000748c00000, 0x0000000748c00000, 0x0000000748d00000|  0%| F|  |TAMS 0x0000000748c00000, 0x0000000748c00000| Untracked 
| 119|0x0000000748d00000, 0x0000000748d00000, 0x0000000748e00000|  0%| F|  |TAMS 0x0000000748d00000, 0x0000000748d00000| Untracked 
| 120|0x0000000748e00000, 0x0000000748e00000, 0x0000000748f00000|  0%| F|  |TAMS 0x0000000748e00000, 0x0000000748e00000| Untracked 
| 121|0x0000000748f00000, 0x0000000748f00000, 0x0000000749000000|  0%| F|  |TAMS 0x0000000748f00000, 0x0000000748f00000| Untracked 
| 122|0x0000000749000000, 0x0000000749000000, 0x0000000749100000|  0%| F|  |TAMS 0x0000000749000000, 0x0000000749000000| Untracked 
| 123|0x0000000749100000, 0x0000000749100000, 0x0000000749200000|  0%| F|  |TAMS 0x0000000749100000, 0x0000000749100000| Untracked 
| 124|0x0000000749200000, 0x0000000749200000, 0x0000000749300000|  0%| F|  |TAMS 0x0000000749200000, 0x0000000749200000| Untracked 
| 125|0x0000000749300000, 0x0000000749300000, 0x0000000749400000|  0%| F|  |TAMS 0x0000000749300000, 0x0000000749300000| Untracked 
| 126|0x0000000749400000, 0x0000000749400000, 0x0000000749500000|  0%| F|  |TAMS 0x0000000749400000, 0x0000000749400000| Untracked 
| 127|0x0000000749500000, 0x0000000749500000, 0x0000000749600000|  0%| F|  |TAMS 0x0000000749500000, 0x0000000749500000| Untracked 
| 128|0x0000000749600000, 0x0000000749600000, 0x0000000749700000|  0%| F|  |TAMS 0x0000000749600000, 0x0000000749600000| Untracked 
| 129|0x0000000749700000, 0x0000000749700000, 0x0000000749800000|  0%| F|  |TAMS 0x0000000749700000, 0x0000000749700000| Untracked 
| 130|0x0000000749800000, 0x0000000749800000, 0x0000000749900000|  0%| F|  |TAMS 0x0000000749800000, 0x0000000749800000| Untracked 
| 131|0x0000000749900000, 0x0000000749900000, 0x0000000749a00000|  0%| F|  |TAMS 0x0000000749900000, 0x0000000749900000| Untracked 
| 132|0x0000000749a00000, 0x0000000749a00000, 0x0000000749b00000|  0%| F|  |TAMS 0x0000000749a00000, 0x0000000749a00000| Untracked 
| 133|0x0000000749b00000, 0x0000000749b00000, 0x0000000749c00000|  0%| F|  |TAMS 0x0000000749b00000, 0x0000000749b00000| Untracked 
| 134|0x0000000749c00000, 0x0000000749c00000, 0x0000000749d00000|  0%| F|  |TAMS 0x0000000749c00000, 0x0000000749c00000| Untracked 
| 135|0x0000000749d00000, 0x0000000749d00000, 0x0000000749e00000|  0%| F|  |TAMS 0x0000000749d00000, 0x0000000749d00000| Untracked 
| 136|0x0000000749e00000, 0x0000000749e681e0, 0x0000000749f00000| 40%| S|CS|TAMS 0x0000000749e00000, 0x0000000749e00000| Complete 
| 137|0x0000000749f00000, 0x000000074a000000, 0x000000074a000000|100%| S|CS|TAMS 0x0000000749f00000, 0x0000000749f00000| Complete 
| 138|0x000000074a000000, 0x000000074a100000, 0x000000074a100000|100%| S|CS|TAMS 0x000000074a000000, 0x000000074a000000| Complete 
| 139|0x000000074a100000, 0x000000074a200000, 0x000000074a200000|100%| S|CS|TAMS 0x000000074a100000, 0x000000074a100000| Complete 
| 140|0x000000074a200000, 0x000000074a300000, 0x000000074a300000|100%| S|CS|TAMS 0x000000074a200000, 0x000000074a200000| Complete 
| 141|0x000000074a300000, 0x000000074a400000, 0x000000074a400000|100%| S|CS|TAMS 0x000000074a300000, 0x000000074a300000| Complete 
| 142|0x000000074a400000, 0x000000074a500000, 0x000000074a500000|100%| S|CS|TAMS 0x000000074a400000, 0x000000074a400000| Complete 
| 143|0x000000074a500000, 0x000000074a600000, 0x000000074a600000|100%| S|CS|TAMS 0x000000074a500000, 0x000000074a500000| Complete 
| 144|0x000000074a600000, 0x000000074a600000, 0x000000074a700000|  0%| F|  |TAMS 0x000000074a600000, 0x000000074a600000| Untracked 
| 145|0x000000074a700000, 0x000000074a700000, 0x000000074a800000|  0%| F|  |TAMS 0x000000074a700000, 0x000000074a700000| Untracked 
| 146|0x000000074a800000, 0x000000074a800000, 0x000000074a900000|  0%| F|  |TAMS 0x000000074a800000, 0x000000074a800000| Untracked 
| 147|0x000000074a900000, 0x000000074a900000, 0x000000074aa00000|  0%| F|  |TAMS 0x000000074a900000, 0x000000074a900000| Untracked 
| 148|0x000000074aa00000, 0x000000074aa00000, 0x000000074ab00000|  0%| F|  |TAMS 0x000000074aa00000, 0x000000074aa00000| Untracked 
| 149|0x000000074ab00000, 0x000000074ab00000, 0x000000074ac00000|  0%| F|  |TAMS 0x000000074ab00000, 0x000000074ab00000| Untracked 
| 150|0x000000074ac00000, 0x000000074ac00000, 0x000000074ad00000|  0%| F|  |TAMS 0x000000074ac00000, 0x000000074ac00000| Untracked 
| 151|0x000000074ad00000, 0x000000074ad00000, 0x000000074ae00000|  0%| F|  |TAMS 0x000000074ad00000, 0x000000074ad00000| Untracked 
| 152|0x000000074ae00000, 0x000000074ae00000, 0x000000074af00000|  0%| F|  |TAMS 0x000000074ae00000, 0x000000074ae00000| Untracked 
| 153|0x000000074af00000, 0x000000074af00000, 0x000000074b000000|  0%| F|  |TAMS 0x000000074af00000, 0x000000074af00000| Untracked 
| 154|0x000000074b000000, 0x000000074b000000, 0x000000074b100000|  0%| F|  |TAMS 0x000000074b000000, 0x000000074b000000| Untracked 
| 155|0x000000074b100000, 0x000000074b100000, 0x000000074b200000|  0%| F|  |TAMS 0x000000074b100000, 0x000000074b100000| Untracked 
| 156|0x000000074b200000, 0x000000074b200000, 0x000000074b300000|  0%| F|  |TAMS 0x000000074b200000, 0x000000074b200000| Untracked 
| 157|0x000000074b300000, 0x000000074b300000, 0x000000074b400000|  0%| F|  |TAMS 0x000000074b300000, 0x000000074b300000| Untracked 
| 158|0x000000074b400000, 0x000000074b400000, 0x000000074b500000|  0%| F|  |TAMS 0x000000074b400000, 0x000000074b400000| Untracked 
| 159|0x000000074b500000, 0x000000074b500000, 0x000000074b600000|  0%| F|  |TAMS 0x000000074b500000, 0x000000074b500000| Untracked 
| 160|0x000000074b600000, 0x000000074b600000, 0x000000074b700000|  0%| F|  |TAMS 0x000000074b600000, 0x000000074b600000| Untracked 
| 161|0x000000074b700000, 0x000000074b700000, 0x000000074b800000|  0%| F|  |TAMS 0x000000074b700000, 0x000000074b700000| Untracked 
| 162|0x000000074b800000, 0x000000074b800000, 0x000000074b900000|  0%| F|  |TAMS 0x000000074b800000, 0x000000074b800000| Untracked 
| 163|0x000000074b900000, 0x000000074b900000, 0x000000074ba00000|  0%| F|  |TAMS 0x000000074b900000, 0x000000074b900000| Untracked 
| 164|0x000000074ba00000, 0x000000074ba00000, 0x000000074bb00000|  0%| F|  |TAMS 0x000000074ba00000, 0x000000074ba00000| Untracked 
| 165|0x000000074bb00000, 0x000000074bb00000, 0x000000074bc00000|  0%| F|  |TAMS 0x000000074bb00000, 0x000000074bb00000| Untracked 
| 166|0x000000074bc00000, 0x000000074bc00000, 0x000000074bd00000|  0%| F|  |TAMS 0x000000074bc00000, 0x000000074bc00000| Untracked 
| 167|0x000000074bd00000, 0x000000074bd00000, 0x000000074be00000|  0%| F|  |TAMS 0x000000074bd00000, 0x000000074bd00000| Untracked 
| 168|0x000000074be00000, 0x000000074be00000, 0x000000074bf00000|  0%| F|  |TAMS 0x000000074be00000, 0x000000074be00000| Untracked 
| 169|0x000000074bf00000, 0x000000074bf00000, 0x000000074c000000|  0%| F|  |TAMS 0x000000074bf00000, 0x000000074bf00000| Untracked 
| 170|0x000000074c000000, 0x000000074c000000, 0x000000074c100000|  0%| F|  |TAMS 0x000000074c000000, 0x000000074c000000| Untracked 
| 171|0x000000074c100000, 0x000000074c100000, 0x000000074c200000|  0%| F|  |TAMS 0x000000074c100000, 0x000000074c100000| Untracked 
| 172|0x000000074c200000, 0x000000074c200000, 0x000000074c300000|  0%| F|  |TAMS 0x000000074c200000, 0x000000074c200000| Untracked 
| 173|0x000000074c300000, 0x000000074c300000, 0x000000074c400000|  0%| F|  |TAMS 0x000000074c300000, 0x000000074c300000| Untracked 
| 174|0x000000074c400000, 0x000000074c400000, 0x000000074c500000|  0%| F|  |TAMS 0x000000074c400000, 0x000000074c400000| Untracked 
| 175|0x000000074c500000, 0x000000074c500000, 0x000000074c600000|  0%| F|  |TAMS 0x000000074c500000, 0x000000074c500000| Untracked 
| 176|0x000000074c600000, 0x000000074c600000, 0x000000074c700000|  0%| F|  |TAMS 0x000000074c600000, 0x000000074c600000| Untracked 
| 177|0x000000074c700000, 0x000000074c700000, 0x000000074c800000|  0%| F|  |TAMS 0x000000074c700000, 0x000000074c700000| Untracked 
| 178|0x000000074c800000, 0x000000074c800000, 0x000000074c900000|  0%| F|  |TAMS 0x000000074c800000, 0x000000074c800000| Untracked 
| 179|0x000000074c900000, 0x000000074c900000, 0x000000074ca00000|  0%| F|  |TAMS 0x000000074c900000, 0x000000074c900000| Untracked 
| 180|0x000000074ca00000, 0x000000074ca00000, 0x000000074cb00000|  0%| F|  |TAMS 0x000000074ca00000, 0x000000074ca00000| Untracked 
| 181|0x000000074cb00000, 0x000000074cb00000, 0x000000074cc00000|  0%| F|  |TAMS 0x000000074cb00000, 0x000000074cb00000| Untracked 
| 182|0x000000074cc00000, 0x000000074cc00000, 0x000000074cd00000|  0%| F|  |TAMS 0x000000074cc00000, 0x000000074cc00000| Untracked 
| 183|0x000000074cd00000, 0x000000074cd00000, 0x000000074ce00000|  0%| F|  |TAMS 0x000000074cd00000, 0x000000074cd00000| Untracked 
| 184|0x000000074ce00000, 0x000000074ce00000, 0x000000074cf00000|  0%| F|  |TAMS 0x000000074ce00000, 0x000000074ce00000| Untracked 
| 185|0x000000074cf00000, 0x000000074cf00000, 0x000000074d000000|  0%| F|  |TAMS 0x000000074cf00000, 0x000000074cf00000| Untracked 
| 186|0x000000074d000000, 0x000000074d000000, 0x000000074d100000|  0%| F|  |TAMS 0x000000074d000000, 0x000000074d000000| Untracked 
| 187|0x000000074d100000, 0x000000074d100000, 0x000000074d200000|  0%| F|  |TAMS 0x000000074d100000, 0x000000074d100000| Untracked 
| 188|0x000000074d200000, 0x000000074d200000, 0x000000074d300000|  0%| F|  |TAMS 0x000000074d200000, 0x000000074d200000| Untracked 
| 189|0x000000074d300000, 0x000000074d300000, 0x000000074d400000|  0%| F|  |TAMS 0x000000074d300000, 0x000000074d300000| Untracked 
| 190|0x000000074d400000, 0x000000074d400000, 0x000000074d500000|  0%| F|  |TAMS 0x000000074d400000, 0x000000074d400000| Untracked 
| 191|0x000000074d500000, 0x000000074d500000, 0x000000074d600000|  0%| F|  |TAMS 0x000000074d500000, 0x000000074d500000| Untracked 
| 192|0x000000074d600000, 0x000000074d600000, 0x000000074d700000|  0%| F|  |TAMS 0x000000074d600000, 0x000000074d600000| Untracked 
| 193|0x000000074d700000, 0x000000074d700000, 0x000000074d800000|  0%| F|  |TAMS 0x000000074d700000, 0x000000074d700000| Untracked 
| 194|0x000000074d800000, 0x000000074d800000, 0x000000074d900000|  0%| F|  |TAMS 0x000000074d800000, 0x000000074d800000| Untracked 
| 195|0x000000074d900000, 0x000000074d900000, 0x000000074da00000|  0%| F|  |TAMS 0x000000074d900000, 0x000000074d900000| Untracked 
| 196|0x000000074da00000, 0x000000074da00000, 0x000000074db00000|  0%| F|  |TAMS 0x000000074da00000, 0x000000074da00000| Untracked 
| 197|0x000000074db00000, 0x000000074db00000, 0x000000074dc00000|  0%| F|  |TAMS 0x000000074db00000, 0x000000074db00000| Untracked 
| 198|0x000000074dc00000, 0x000000074dc00000, 0x000000074dd00000|  0%| F|  |TAMS 0x000000074dc00000, 0x000000074dc00000| Untracked 
| 199|0x000000074dd00000, 0x000000074dd00000, 0x000000074de00000|  0%| F|  |TAMS 0x000000074dd00000, 0x000000074dd00000| Untracked 
| 200|0x000000074de00000, 0x000000074de00000, 0x000000074df00000|  0%| F|  |TAMS 0x000000074de00000, 0x000000074de00000| Untracked 
| 201|0x000000074df00000, 0x000000074df00000, 0x000000074e000000|  0%| F|  |TAMS 0x000000074df00000, 0x000000074df00000| Untracked 
| 202|0x000000074e000000, 0x000000074e000000, 0x000000074e100000|  0%| F|  |TAMS 0x000000074e000000, 0x000000074e000000| Untracked 
| 203|0x000000074e100000, 0x000000074e100000, 0x000000074e200000|  0%| F|  |TAMS 0x000000074e100000, 0x000000074e100000| Untracked 
| 204|0x000000074e200000, 0x000000074e200000, 0x000000074e300000|  0%| F|  |TAMS 0x000000074e200000, 0x000000074e200000| Untracked 
| 205|0x000000074e300000, 0x000000074e300000, 0x000000074e400000|  0%| F|  |TAMS 0x000000074e300000, 0x000000074e300000| Untracked 
| 206|0x000000074e400000, 0x000000074e400000, 0x000000074e500000|  0%| F|  |TAMS 0x000000074e400000, 0x000000074e400000| Untracked 
| 207|0x000000074e500000, 0x000000074e500000, 0x000000074e600000|  0%| F|  |TAMS 0x000000074e500000, 0x000000074e500000| Untracked 
| 208|0x000000074e600000, 0x000000074e600000, 0x000000074e700000|  0%| F|  |TAMS 0x000000074e600000, 0x000000074e600000| Untracked 
| 209|0x000000074e700000, 0x000000074e700000, 0x000000074e800000|  0%| F|  |TAMS 0x000000074e700000, 0x000000074e700000| Untracked 
| 210|0x000000074e800000, 0x000000074e800000, 0x000000074e900000|  0%| F|  |TAMS 0x000000074e800000, 0x000000074e800000| Untracked 
| 211|0x000000074e900000, 0x000000074e900000, 0x000000074ea00000|  0%| F|  |TAMS 0x000000074e900000, 0x000000074e900000| Untracked 
| 212|0x000000074ea00000, 0x000000074ea00000, 0x000000074eb00000|  0%| F|  |TAMS 0x000000074ea00000, 0x000000074ea00000| Untracked 
| 213|0x000000074eb00000, 0x000000074eb00000, 0x000000074ec00000|  0%| F|  |TAMS 0x000000074eb00000, 0x000000074eb00000| Untracked 
| 214|0x000000074ec00000, 0x000000074ec00000, 0x000000074ed00000|  0%| F|  |TAMS 0x000000074ec00000, 0x000000074ec00000| Untracked 
| 215|0x000000074ed00000, 0x000000074ed00000, 0x000000074ee00000|  0%| F|  |TAMS 0x000000074ed00000, 0x000000074ed00000| Untracked 
| 216|0x000000074ee00000, 0x000000074ee00000, 0x000000074ef00000|  0%| F|  |TAMS 0x000000074ee00000, 0x000000074ee00000| Untracked 
| 217|0x000000074ef00000, 0x000000074ef00000, 0x000000074f000000|  0%| F|  |TAMS 0x000000074ef00000, 0x000000074ef00000| Untracked 
| 218|0x000000074f000000, 0x000000074f000000, 0x000000074f100000|  0%| F|  |TAMS 0x000000074f000000, 0x000000074f000000| Untracked 
| 219|0x000000074f100000, 0x000000074f100000, 0x000000074f200000|  0%| F|  |TAMS 0x000000074f100000, 0x000000074f100000| Untracked 
| 220|0x000000074f200000, 0x000000074f200000, 0x000000074f300000|  0%| F|  |TAMS 0x000000074f200000, 0x000000074f200000| Untracked 
| 221|0x000000074f300000, 0x000000074f300000, 0x000000074f400000|  0%| F|  |TAMS 0x000000074f300000, 0x000000074f300000| Untracked 
| 222|0x000000074f400000, 0x000000074f400000, 0x000000074f500000|  0%| F|  |TAMS 0x000000074f400000, 0x000000074f400000| Untracked 
| 223|0x000000074f500000, 0x000000074f500000, 0x000000074f600000|  0%| F|  |TAMS 0x000000074f500000, 0x000000074f500000| Untracked 
| 224|0x000000074f600000, 0x000000074f600000, 0x000000074f700000|  0%| F|  |TAMS 0x000000074f600000, 0x000000074f600000| Untracked 
| 225|0x000000074f700000, 0x000000074f700000, 0x000000074f800000|  0%| F|  |TAMS 0x000000074f700000, 0x000000074f700000| Untracked 
| 226|0x000000074f800000, 0x000000074f800000, 0x000000074f900000|  0%| F|  |TAMS 0x000000074f800000, 0x000000074f800000| Untracked 
| 227|0x000000074f900000, 0x000000074f900000, 0x000000074fa00000|  0%| F|  |TAMS 0x000000074f900000, 0x000000074f900000| Untracked 
| 228|0x000000074fa00000, 0x000000074fa00000, 0x000000074fb00000|  0%| F|  |TAMS 0x000000074fa00000, 0x000000074fa00000| Untracked 
| 229|0x000000074fb00000, 0x000000074fb00000, 0x000000074fc00000|  0%| F|  |TAMS 0x000000074fb00000, 0x000000074fb00000| Untracked 
| 230|0x000000074fc00000, 0x000000074fc00000, 0x000000074fd00000|  0%| F|  |TAMS 0x000000074fc00000, 0x000000074fc00000| Untracked 

Card table byte_map: [0x000002148f600000,0x000002148fc00000] _byte_map_base: 0x000002148bbf5000

Marking Bits (Prev, Next): (CMBitMap*) 0x00000214fbbaa978, (CMBitMap*) 0x00000214fbbaa9b0
 Prev Bits: [0x0000021490200000, 0x00000214931a8000)
 Next Bits: [0x00000214931b0000, 0x0000021496158000)

Polling page: 0x00000214fa200000

Metaspace:

Usage:
  Non-class:     69.08 MB capacity,    68.56 MB (>99%) used,   403.61 KB ( <1%) free+waste,   130.56 KB ( <1%) overhead. 
      Class:      8.92 MB capacity,     8.55 MB ( 96%) used,   325.53 KB (  4%) free+waste,    55.63 KB ( <1%) overhead. 
       Both:     78.00 MB capacity,    77.11 MB ( 99%) used,   729.14 KB ( <1%) free+waste,   186.19 KB ( <1%) overhead. 

Virtual space:
  Non-class space:       70.00 MB reserved,      69.17 MB ( 99%) committed 
      Class space:        1.00 GB reserved,       8.99 MB ( <1%) committed 
             Both:        1.07 GB reserved,      78.16 MB (  7%) committed 

Chunk freelists:
   Non-Class:  24.00 KB
       Class:  20.00 KB
        Both:  44.00 KB

MaxMetaspaceSize: 17179869184.00 GB
CompressedClassSpaceSize: 1.00 GB
Initial GC threshold: 20.80 MB
Current GC threshold: 112.14 MB
CDS: off

CodeHeap 'non-profiled nmethods': size=120064Kb used=5067Kb max_used=5067Kb free=114996Kb
 bounds [0x0000021487ac0000, 0x0000021487fc0000, 0x000002148f000000]
CodeHeap 'profiled nmethods': size=120000Kb used=33820Kb max_used=33820Kb free=86179Kb
 bounds [0x0000021480590000, 0x00000214826a0000, 0x0000021487ac0000]
CodeHeap 'non-nmethods': size=5696Kb used=1381Kb max_used=1420Kb free=4314Kb
 bounds [0x0000021480000000, 0x0000021480270000, 0x0000021480590000]
 total_blobs=11765 nmethods=11094 adapters=580
 compilation: enabled
              stopped_count=0, restarted_count=0
 full_count=0

Compilation events (20 events):
Event: 14.682 Thread 0x0000021498df9000 11149       1       org.jetbrains.kotlin.backend.jvm.JvmBackendContext::getPreferJavaLikeCounterLoop (2 bytes)
Event: 14.682 Thread 0x0000021498df9000 nmethod 11149 0x0000021487fb2990 code [0x0000021487fb2b40, 0x0000021487fb2bf8]
Event: 14.682 Thread 0x0000021498df9000 11150       3       org.jetbrains.kotlin.backend.common.lower.matchers.IrFunctionMatcherContainer::parameterCount (22 bytes)
Event: 14.684 Thread 0x0000021498df9000 nmethod 11150 0x000002148268a310 code [0x000002148268a600, 0x000002148268b4c8]
Event: 14.684 Thread 0x0000021498df9000 11151       3       org.jetbrains.kotlin.backend.common.lower.matchers.ParameterCountMatcher::<init> (16 bytes)
Event: 14.684 Thread 0x0000021498df9000 nmethod 11151 0x000002148268b990 code [0x000002148268bbc0, 0x000002148268c238]
Event: 14.684 Thread 0x0000021498df9000 11154       3       org.jetbrains.kotlin.ir.types.IrTypesKt::getDefaultType (93 bytes)
Event: 14.687 Thread 0x0000021498df9000 nmethod 11154 0x000002148268c490 code [0x000002148268ca00, 0x000002148268f888]
Event: 14.687 Thread 0x0000021498df9000 11155       3       org.jetbrains.kotlin.backend.common.lower.matchers.SimpleCalleeMatcher::<init> (22 bytes)
Event: 14.689 Thread 0x0000021498df9000 nmethod 11155 0x0000021482690590 code [0x00000214826908a0, 0x00000214826918e8]
Event: 14.689 Thread 0x0000021498df9000 11156       3       org.jetbrains.kotlin.backend.common.lower.matchers.IrFunctionMatcherKt::createIrFunctionRestrictions (24 bytes)
Event: 14.690 Thread 0x0000021498df9000 nmethod 11156 0x0000021482691e90 code [0x0000021482692100, 0x0000021482692b48]
Event: 14.690 Thread 0x0000021498df9000 11152       3       org.jetbrains.kotlin.ir.types.impl.IrAbstractSimpleType::hashCode (33 bytes)
Event: 14.690 Thread 0x0000021498df9000 nmethod 11152 0x0000021482692f10 code [0x00000214826931c0, 0x0000021482693ea8]
Event: 14.690 Thread 0x0000021498df9000 11157       3       org.jetbrains.kotlin.backend.common.lower.matchers.IrFunctionMatcherContainer::extensionReceiver (22 bytes)
Event: 14.692 Thread 0x0000021498df9000 nmethod 11157 0x0000021482694290 code [0x0000021482694580, 0x0000021482695448]
Event: 14.692 Thread 0x0000021498df9000 11158       3       org.jetbrains.kotlin.backend.common.lower.matchers.ExtensionReceiverMatcher::<init> (16 bytes)
Event: 14.692 Thread 0x0000021498df9000 nmethod 11158 0x0000021482695910 code [0x0000021482695b40, 0x00000214826961b8]
Event: 14.692 Thread 0x0000021498df9000 11153       3       org.jetbrains.kotlin.ir.symbols.FqNameEqualityChecker::getHashCode (28 bytes)
Event: 14.693 Thread 0x0000021498df9000 nmethod 11153 0x0000021482696410 code [0x0000021482696660, 0x0000021482696ea8]

GC Heap History (19 events):
Event: 0.542 GC heap before
{Heap before GC invocations=0 (full 0):
 garbage-first heap   total 196608K, used 17408K [0x0000000741600000, 0x0000000800000000)
  region size 1024K, 14 young (14336K), 0 survivors (0K)
 Metaspace       used 9835K, capacity 10002K, committed 10112K, reserved 1058816K
  class space    used 842K, capacity 885K, committed 896K, reserved 1048576K
}
Event: 0.545 GC heap after
{Heap after GC invocations=1 (full 0):
 garbage-first heap   total 196608K, used 5476K [0x0000000741600000, 0x0000000800000000)
  region size 1024K, 2 young (2048K), 2 survivors (2048K)
 Metaspace       used 9835K, capacity 10002K, committed 10112K, reserved 1058816K
  class space    used 842K, capacity 885K, committed 896K, reserved 1048576K
}
Event: 1.537 GC heap before
{Heap before GC invocations=1 (full 0):
 garbage-first heap   total 196608K, used 50532K [0x0000000741600000, 0x0000000800000000)
  region size 1024K, 47 young (48128K), 2 survivors (2048K)
 Metaspace       used 20784K, capacity 21064K, committed 21248K, reserved 1069056K
  class space    used 2204K, capacity 2282K, committed 2304K, reserved 1048576K
}
Event: 1.551 GC heap after
{Heap after GC invocations=2 (full 0):
 garbage-first heap   total 196608K, used 9183K [0x0000000741600000, 0x0000000800000000)
  region size 1024K, 6 young (6144K), 6 survivors (6144K)
 Metaspace       used 20784K, capacity 21064K, committed 21248K, reserved 1069056K
  class space    used 2204K, capacity 2282K, committed 2304K, reserved 1048576K
}
Event: 2.732 GC heap before
{Heap before GC invocations=3 (full 0):
 garbage-first heap   total 196608K, used 60383K [0x0000000741600000, 0x0000000800000000)
  region size 1024K, 51 young (52224K), 6 survivors (6144K)
 Metaspace       used 32088K, capacity 32558K, committed 32768K, reserved 1077248K
  class space    used 3858K, capacity 4062K, committed 4096K, reserved 1048576K
}
Event: 2.752 GC heap after
{Heap after GC invocations=4 (full 0):
 garbage-first heap   total 196608K, used 19871K [0x0000000741600000, 0x0000000800000000)
  region size 1024K, 6 young (6144K), 6 survivors (6144K)
 Metaspace       used 32088K, capacity 32558K, committed 32768K, reserved 1077248K
  class space    used 3858K, capacity 4062K, committed 4096K, reserved 1048576K
}
Event: 3.052 GC heap before
{Heap before GC invocations=4 (full 0):
 garbage-first heap   total 196608K, used 34207K [0x0000000741600000, 0x0000000800000000)
  region size 1024K, 21 young (21504K), 6 survivors (6144K)
 Metaspace       used 34999K, capacity 35420K, committed 35628K, reserved 1081344K
  class space    used 4408K, capacity 4610K, committed 4736K, reserved 1048576K
}
Event: 3.063 GC heap after
{Heap after GC invocations=5 (full 0):
 garbage-first heap   total 196608K, used 22145K [0x0000000741600000, 0x0000000800000000)
  region size 1024K, 3 young (3072K), 3 survivors (3072K)
 Metaspace       used 34999K, capacity 35420K, committed 35628K, reserved 1081344K
  class space    used 4408K, capacity 4610K, committed 4736K, reserved 1048576K
}
Event: 4.538 GC heap before
{Heap before GC invocations=6 (full 0):
 garbage-first heap   total 196608K, used 80513K [0x0000000741600000, 0x0000000800000000)
  region size 1024K, 60 young (61440K), 3 survivors (3072K)
 Metaspace       used 46755K, capacity 47337K, committed 47532K, reserved 1091584K
  class space    used 5568K, capacity 5780K, committed 5888K, reserved 1048576K
}
Event: 4.554 GC heap after
{Heap after GC invocations=7 (full 0):
 garbage-first heap   total 236544K, used 25573K [0x0000000741600000, 0x0000000800000000)
  region size 1024K, 8 young (8192K), 8 survivors (8192K)
 Metaspace       used 46755K, capacity 47337K, committed 47532K, reserved 1091584K
  class space    used 5568K, capacity 5780K, committed 5888K, reserved 1048576K
}
Event: 7.757 GC heap before
{Heap before GC invocations=7 (full 0):
 garbage-first heap   total 236544K, used 161765K [0x0000000741600000, 0x0000000800000000)
  region size 1024K, 138 young (141312K), 8 survivors (8192K)
 Metaspace       used 57842K, capacity 58598K, committed 58924K, reserved 1101824K
  class space    used 6627K, capacity 6916K, committed 7040K, reserved 1048576K
}
Event: 7.801 GC heap after
{Heap after GC invocations=8 (full 0):
 garbage-first heap   total 236544K, used 44715K [0x0000000741600000, 0x0000000800000000)
  region size 1024K, 18 young (18432K), 18 survivors (18432K)
 Metaspace       used 57842K, capacity 58598K, committed 58924K, reserved 1101824K
  class space    used 6627K, capacity 6916K, committed 7040K, reserved 1048576K
}
Event: 8.082 GC heap before
{Heap before GC invocations=8 (full 0):
 garbage-first heap   total 236544K, used 51883K [0x0000000741600000, 0x0000000800000000)
  region size 1024K, 25 young (25600K), 18 survivors (18432K)
 Metaspace       used 58360K, capacity 59071K, committed 59180K, reserved 1101824K
  class space    used 6687K, capacity 6988K, committed 7040K, reserved 1048576K
}
Event: 8.118 GC heap after
{Heap after GC invocations=9 (full 0):
 garbage-first heap   total 236544K, used 47656K [0x0000000741600000, 0x0000000800000000)
  region size 1024K, 3 young (3072K), 3 survivors (3072K)
 Metaspace       used 58360K, capacity 59071K, committed 59180K, reserved 1101824K
  class space    used 6687K, capacity 6988K, committed 7040K, reserved 1048576K
}
Event: 8.330 GC heap before
{Heap before GC invocations=9 (full 0):
 garbage-first heap   total 236544K, used 56872K [0x0000000741600000, 0x0000000800000000)
  region size 1024K, 13 young (13312K), 3 survivors (3072K)
 Metaspace       used 58992K, capacity 59649K, committed 59808K, reserved 1101824K
  class space    used 6769K, capacity 7052K, committed 7156K, reserved 1048576K
}
Event: 8.339 GC heap after
{Heap after GC invocations=10 (full 0):
 garbage-first heap   total 236544K, used 48168K [0x0000000741600000, 0x0000000800000000)
  region size 1024K, 3 young (3072K), 3 survivors (3072K)
 Metaspace       used 58992K, capacity 59649K, committed 59808K, reserved 1101824K
  class space    used 6769K, capacity 7052K, committed 7156K, reserved 1048576K
}
Event: 11.892 GC heap before
{Heap before GC invocations=11 (full 0):
 garbage-first heap   total 236544K, used 120872K [0x0000000741600000, 0x0000000800000000)
  region size 1024K, 74 young (75776K), 3 survivors (3072K)
 Metaspace       used 67564K, capacity 68441K, committed 68640K, reserved 1110016K
  class space    used 7634K, capacity 7982K, committed 8052K, reserved 1048576K
}
Event: 11.912 GC heap after
{Heap after GC invocations=12 (full 0):
 garbage-first heap   total 236544K, used 56076K [0x0000000741600000, 0x0000000800000000)
  region size 1024K, 10 young (10240K), 10 survivors (10240K)
 Metaspace       used 67564K, capacity 68441K, committed 68640K, reserved 1110016K
  class space    used 7634K, capacity 7982K, committed 8052K, reserved 1048576K
}
Event: 14.701 GC heap before
{Heap before GC invocations=13 (full 0):
 garbage-first heap   total 236544K, used 134924K [0x0000000741600000, 0x0000000800000000)
  region size 1024K, 87 young (89088K), 10 survivors (10240K)
 Metaspace       used 78956K, capacity 79872K, committed 80032K, reserved 1120256K
  class space    used 8750K, capacity 9132K, committed 9204K, reserved 1048576K
}

Deoptimization events (20 events):
Event: 14.409 Thread 0x00000214fbb59000 Uncommon trap: trap_request=0xffffffc6 fr.pc=0x0000021487f65f18 relative=0x0000000000000698
Event: 14.409 Thread 0x00000214fbb59000 Uncommon trap: reason=bimorphic_or_optimized_type_check action=maybe_recompile pc=0x0000021487f65f18 method=org.jetbrains.kotlin.descriptors.impl.PackageFragmentDescriptorImpl.accept(Lorg/jetbrains/kotlin/descriptors/DeclarationDescriptorVisitor;Ljava/lan
Event: 14.409 Thread 0x00000214fbb59000 DEOPT PACKING pc=0x0000021487f65f18 sp=0x0000003c341fd8a0
Event: 14.409 Thread 0x00000214fbb59000 DEOPT UNPACKING pc=0x000002148004a1af sp=0x0000003c341fd878 mode 2
Event: 14.610 Thread 0x00000214fbb59000 Uncommon trap: trap_request=0xffffffde fr.pc=0x0000021487e42ac8 relative=0x0000000000001048
Event: 14.610 Thread 0x00000214fbb59000 Uncommon trap: reason=class_check action=maybe_recompile pc=0x0000021487e42ac8 method=org.jetbrains.kotlin.serialization.deserialization.descriptors.DeserializedMemberScope$OptimizedImplementation.getContributedVariables(Lorg/jetbrains/kotlin/name/Name;Lo
Event: 14.610 Thread 0x00000214fbb59000 DEOPT PACKING pc=0x0000021487e42ac8 sp=0x0000003c341fd5e0
Event: 14.610 Thread 0x00000214fbb59000 DEOPT UNPACKING pc=0x000002148004a1af sp=0x0000003c341fd5b0 mode 2
Event: 14.610 Thread 0x00000214fbb59000 Uncommon trap: trap_request=0xffffffde fr.pc=0x0000021487e42ac8 relative=0x0000000000001048
Event: 14.610 Thread 0x00000214fbb59000 Uncommon trap: reason=class_check action=maybe_recompile pc=0x0000021487e42ac8 method=org.jetbrains.kotlin.serialization.deserialization.descriptors.DeserializedMemberScope$OptimizedImplementation.getContributedVariables(Lorg/jetbrains/kotlin/name/Name;Lo
Event: 14.610 Thread 0x00000214fbb59000 DEOPT PACKING pc=0x0000021487e42ac8 sp=0x0000003c341fd5e0
Event: 14.610 Thread 0x00000214fbb59000 DEOPT UNPACKING pc=0x000002148004a1af sp=0x0000003c341fd5b0 mode 2
Event: 14.610 Thread 0x00000214fbb59000 Uncommon trap: trap_request=0xffffffde fr.pc=0x0000021487e42ac8 relative=0x0000000000001048
Event: 14.610 Thread 0x00000214fbb59000 Uncommon trap: reason=class_check action=maybe_recompile pc=0x0000021487e42ac8 method=org.jetbrains.kotlin.serialization.deserialization.descriptors.DeserializedMemberScope$OptimizedImplementation.getContributedVariables(Lorg/jetbrains/kotlin/name/Name;Lo
Event: 14.610 Thread 0x00000214fbb59000 DEOPT PACKING pc=0x0000021487e42ac8 sp=0x0000003c341fd5e0
Event: 14.610 Thread 0x00000214fbb59000 DEOPT UNPACKING pc=0x000002148004a1af sp=0x0000003c341fd5b0 mode 2
Event: 14.610 Thread 0x00000214fbb59000 Uncommon trap: trap_request=0xffffffde fr.pc=0x0000021487e42ac8 relative=0x0000000000001048
Event: 14.610 Thread 0x00000214fbb59000 Uncommon trap: reason=class_check action=maybe_recompile pc=0x0000021487e42ac8 method=org.jetbrains.kotlin.serialization.deserialization.descriptors.DeserializedMemberScope$OptimizedImplementation.getContributedVariables(Lorg/jetbrains/kotlin/name/Name;Lo
Event: 14.610 Thread 0x00000214fbb59000 DEOPT PACKING pc=0x0000021487e42ac8 sp=0x0000003c341fd5e0
Event: 14.610 Thread 0x00000214fbb59000 DEOPT UNPACKING pc=0x000002148004a1af sp=0x0000003c341fd5b0 mode 2

Classes redefined (0 events):
No events

Internal exceptions (20 events):
Event: 6.734 Thread 0x00000214fbb59000 Exception <a 'java/lang/NoSuchMethodError'{0x0000000749f81470}: 'java.lang.Object java.lang.invoke.DirectMethodHandle$Holder.invokeStaticInit(java.lang.Object, java.lang.Object, java.lang.Object)'> (0x0000000749f81470) thrown at [./src/hotspot/share/interpreter/linkResolver.cpp, line 773]
Event: 7.162 Thread 0x00000214fbb59000 Implicit null exception at 0x0000021487d330e0 to 0x0000021487d33998
Event: 7.288 Thread 0x00000214fbb59000 Implicit null exception at 0x0000021487d46b33 to 0x0000021487d482fc
Event: 7.640 Thread 0x00000214fbb59000 Exception <a 'java/lang/NoSuchMethodError'{0x000000074776f388}: 'java.lang.Object java.lang.invoke.DirectMethodHandle$Holder.invokeStatic(java.lang.Object, int, java.lang.Object, java.lang.Object)'> (0x000000074776f388) thrown at [./src/hotspot/share/interpreter/linkResolver.cpp, line 773]
Event: 8.761 Thread 0x00000214fbb59000 Exception <a 'java/lang/NoSuchMethodError'{0x000000074f150730}: 'int java.lang.invoke.DirectMethodHandle$Holder.invokeVirtual(java.lang.Object, java.lang.Object, java.lang.Object)'> (0x000000074f150730) thrown at [./src/hotspot/share/interpreter/linkResolver.cpp, line 773]
Event: 8.912 Thread 0x00000214fbb59000 Exception <a 'java/lang/NoSuchMethodError'{0x000000074ea5dc20}: 'java.lang.Object java.lang.invoke.DirectMethodHandle$Holder.invokeSpecial(java.lang.Object, java.lang.Object, java.lang.Object, java.lang.Object, java.lang.Object, int)'> (0x000000074ea5dc20) thrown at [./src/hotspot/share/interpreter/linkResolver.cpp, line 773]
Event: 8.912 Thread 0x00000214fbb59000 Exception <a 'java/lang/NoSuchMethodError'{0x000000074ea61a68}: 'java.lang.Object java.lang.invoke.Invokers$Holder.linkToTargetMethod(java.lang.Object, java.lang.Object, java.lang.Object, int, java.lang.Object)'> (0x000000074ea61a68) thrown at [./src/hotspot/share/interpreter/linkResolver.cpp, line 773]
Event: 8.982 Thread 0x00000214fbb59000 Exception <a 'java/lang/NoSuchMethodError'{0x000000074e818b20}: 'void java.lang.invoke.DirectMethodHandle$Holder.invokeInterface(java.lang.Object, java.lang.Object)'> (0x000000074e818b20) thrown at [./src/hotspot/share/interpreter/linkResolver.cpp, line 773]
Event: 9.078 Thread 0x00000214fbb59000 Exception <a 'java/lang/IncompatibleClassChangeError'{0x000000074e6035d0}: Found class java.lang.Object, but interface was expected> (0x000000074e6035d0) thrown at [./src/hotspot/share/interpreter/linkResolver.cpp, line 839]
Event: 9.143 Thread 0x00000214fbb59000 Exception <a 'java/lang/NoSuchMethodError'{0x000000074e5d3130}: 'java.lang.Object java.lang.invoke.Invokers$Holder.linkToTargetMethod(java.lang.Object, java.lang.Object, java.lang.Object, int, int, java.lang.Object)'> (0x000000074e5d3130) thrown at [./src/hotspot/share/interpreter/linkResolver.cpp, line 773]
Event: 9.153 Thread 0x00000214fbb59000 Implicit null exception at 0x0000021487ada5f7 to 0x0000021487adab04
Event: 9.171 Thread 0x00000214fbb59000 Exception <a 'java/lang/NoSuchMethodError'{0x000000074e48d290}: 'java.lang.Object java.lang.invoke.DirectMethodHandle$Holder.invokeInterface(java.lang.Object, java.lang.Object, java.lang.Object)'> (0x000000074e48d290) thrown at [./src/hotspot/share/interpreter/linkResolver.cpp, line 773]
Event: 9.172 Thread 0x00000214fbb59000 Exception <a 'java/lang/IncompatibleClassChangeError'{0x000000074e490f60}: Found class java.lang.Object, but interface was expected> (0x000000074e490f60) thrown at [./src/hotspot/share/interpreter/linkResolver.cpp, line 839]
Event: 9.186 Thread 0x00000214fbb59000 Implicit null exception at 0x0000021487addaf4 to 0x0000021487ade01c
Event: 9.668 Thread 0x00000214fbb59000 Exception <a 'java/lang/NoSuchMethodError'{0x000000074d66b180}: 'java.lang.Object java.lang.invoke.Invokers$Holder.linkToTargetMethod(java.lang.Object, java.lang.Object, java.lang.Object, java.lang.Object, java.lang.Object, java.lang.Object, java.lang.Object)'> (0x000000074d66b180) thrown at [./src/hotspot/share/interpreter/linkResolver.cpp, line 773]
Event: 11.504 Thread 0x00000214fbb59000 Implicit null exception at 0x0000021487b19675 to 0x0000021487b19858
Event: 12.003 Thread 0x00000214fbb59000 Implicit null exception at 0x0000021487d6427c to 0x0000021487d6456c
Event: 12.244 Thread 0x00000214fbb59000 Exception <a 'java/lang/NoSuchMethodError'{0x000000074f6541c0}: 'java.lang.Object java.lang.invoke.DirectMethodHandle$Holder.invokeStaticInit(java.lang.Object, java.lang.Object, java.lang.Object, java.lang.Object)'> (0x000000074f6541c0) thrown at [./src/hotspot/share/interpreter/linkResolver.cpp, line 773]
Event: 12.493 Thread 0x00000214fbb59000 Exception <a 'java/lang/NoSuchMethodError'{0x000000074edfeb68}: 'int java.lang.invoke.DirectMethodHandle$Holder.invokeStaticInit(java.lang.Object, java.lang.Object, java.lang.Object, java.lang.Object)'> (0x000000074edfeb68) thrown at [./src/hotspot/share/interpreter/linkResolver.cpp, line 773]
Event: 12.884 Thread 0x00000214fbb59000 Implicit null exception at 0x0000021487b274f4 to 0x0000021487b27724

Events (20 events):
Event: 14.698 loading class org/jetbrains/kotlin/backend/common/lower/loops/handlers/WithIndexHandler$matcher$1$1$2 done
Event: 14.698 loading class org/jetbrains/kotlin/backend/common/lower/loops/handlers/WithIndexHandler$matcher$1$1$3
Event: 14.698 loading class org/jetbrains/kotlin/backend/common/lower/loops/handlers/WithIndexHandler$matcher$1$1$3 done
Event: 14.698 loading class org/jetbrains/kotlin/backend/common/lower/loops/handlers/WithIndexHandler$matcher$1$2
Event: 14.698 loading class org/jetbrains/kotlin/backend/common/lower/loops/handlers/WithIndexHandler$matcher$1$2 done
Event: 14.698 loading class org/jetbrains/kotlin/backend/common/lower/loops/handlers/WithIndexHandler$matcher$1$2$1
Event: 14.698 loading class org/jetbrains/kotlin/backend/common/lower/loops/handlers/WithIndexHandler$matcher$1$2$1 done
Event: 14.699 loading class org/jetbrains/kotlin/backend/common/lower/loops/handlers/WithIndexHandler$matcher$1$2$2
Event: 14.699 loading class org/jetbrains/kotlin/backend/common/lower/loops/handlers/WithIndexHandler$matcher$1$2$2 done
Event: 14.699 loading class org/jetbrains/kotlin/backend/common/lower/loops/handlers/WithIndexHandler$matcher$1$2$3
Event: 14.699 loading class org/jetbrains/kotlin/backend/common/lower/loops/handlers/WithIndexHandler$matcher$1$2$3 done
Event: 14.700 loading class org/jetbrains/kotlin/backend/common/lower/loops/handlers/WithIndexHandler$matcher$1$3
Event: 14.700 loading class org/jetbrains/kotlin/backend/common/lower/loops/handlers/WithIndexHandler$matcher$1$3 done
Event: 14.700 loading class org/jetbrains/kotlin/backend/common/lower/loops/handlers/WithIndexHandler$matcher$1$3$1
Event: 14.700 loading class org/jetbrains/kotlin/backend/common/lower/loops/handlers/WithIndexHandler$matcher$1$3$1 done
Event: 14.701 loading class org/jetbrains/kotlin/backend/common/lower/loops/handlers/WithIndexHandler$matcher$1$3$2
Event: 14.701 loading class org/jetbrains/kotlin/backend/common/lower/loops/handlers/WithIndexHandler$matcher$1$3$2 done
Event: 14.701 loading class org/jetbrains/kotlin/backend/common/lower/loops/handlers/WithIndexHandler$matcher$1$3$3
Event: 14.701 loading class org/jetbrains/kotlin/backend/common/lower/loops/handlers/WithIndexHandler$matcher$1$3$3 done
Event: 14.701 Executing VM operation: G1CollectForAllocation


Dynamic libraries:
0x00007ff745cb0000 - 0x00007ff745cba000 	C:\Program Files\Android\Android Studio\jre\bin\java.exe
0x00007ff8c8bb0000 - 0x00007ff8c8da5000 	C:\Windows\SYSTEM32\ntdll.dll
0x00007ff8c6d10000 - 0x00007ff8c6dce000 	C:\Windows\System32\KERNEL32.DLL
0x00007ff8c6710000 - 0x00007ff8c69d9000 	C:\Windows\System32\KERNELBASE.dll
0x00007ff8c64d0000 - 0x00007ff8c65d0000 	C:\Windows\System32\ucrtbase.dll
0x00007ff8c1500000 - 0x00007ff8c1519000 	C:\Program Files\Android\Android Studio\jre\bin\jli.dll
0x00007ff8c7f80000 - 0x00007ff8c8121000 	C:\Windows\System32\USER32.dll
0x00007ff8c6a60000 - 0x00007ff8c6a82000 	C:\Windows\System32\win32u.dll
0x00007ff8c7850000 - 0x00007ff8c787b000 	C:\Windows\System32\GDI32.dll
0x00007ff8bf920000 - 0x00007ff8bf937000 	C:\Program Files\Android\Android Studio\jre\bin\VCRUNTIME140.dll
0x00007ff8c6af0000 - 0x00007ff8c6bfb000 	C:\Windows\System32\gdi32full.dll
0x00007ff8c62d0000 - 0x00007ff8c636d000 	C:\Windows\System32\msvcp_win.dll
0x00007ff8adca0000 - 0x00007ff8adf3a000 	C:\Windows\WinSxS\amd64_microsoft.windows.common-controls_6595b64144ccf1df_6.0.19041.1110_none_60b5254171f9507e\COMCTL32.dll
0x00007ff8c89a0000 - 0x00007ff8c8a3e000 	C:\Windows\System32\msvcrt.dll
0x00007ff8c8140000 - 0x00007ff8c8170000 	C:\Windows\System32\IMM32.DLL
0x00007ff8a79c0000 - 0x00007ff8a7a5d000 	C:\Program Files\Android\Android Studio\jre\bin\msvcp140.dll
0x00007ff89b230000 - 0x00007ff89bd15000 	C:\Program Files\Android\Android Studio\jre\bin\server\jvm.dll
0x00007ff8c6f50000 - 0x00007ff8c6ffc000 	C:\Windows\System32\ADVAPI32.dll
0x00007ff8c77b0000 - 0x00007ff8c784b000 	C:\Windows\System32\sechost.dll
0x00007ff8c8a40000 - 0x00007ff8c8b6a000 	C:\Windows\System32\RPCRT4.dll
0x00007ff8c7ef0000 - 0x00007ff8c7ef8000 	C:\Windows\System32\PSAPI.DLL
0x00007ff8c14c0000 - 0x00007ff8c14c9000 	C:\Windows\SYSTEM32\WSOCK32.dll
0x00007ff8c10e0000 - 0x00007ff8c1107000 	C:\Windows\SYSTEM32\WINMM.dll
0x00007ff8c7740000 - 0x00007ff8c77ab000 	C:\Windows\System32\WS2_32.dll
0x00007ff8bf4c0000 - 0x00007ff8bf4ca000 	C:\Windows\SYSTEM32\VERSION.dll
0x00007ff8c41d0000 - 0x00007ff8c41e2000 	C:\Windows\SYSTEM32\kernel.appcore.dll
0x00007ff8b53f0000 - 0x00007ff8b5401000 	C:\Program Files\Android\Android Studio\jre\bin\verify.dll
0x00007ff8ae340000 - 0x00007ff8ae524000 	C:\Windows\SYSTEM32\DBGHELP.DLL
0x00007ff8b1a30000 - 0x00007ff8b1a5c000 	C:\Windows\SYSTEM32\dbgcore.DLL
0x00007ff8c65d0000 - 0x00007ff8c6653000 	C:\Windows\System32\bcryptPrimitives.dll
0x00007ff8b2eb0000 - 0x00007ff8b2ed9000 	C:\Program Files\Android\Android Studio\jre\bin\java.dll
0x00007ff8b3270000 - 0x00007ff8b327b000 	C:\Program Files\Android\Android Studio\jre\bin\jimage.dll
0x00007ff8b2b60000 - 0x00007ff8b2b78000 	C:\Program Files\Android\Android Studio\jre\bin\zip.dll
0x00007ff8c8170000 - 0x00007ff8c88af000 	C:\Windows\System32\SHELL32.dll
0x00007ff8c43d0000 - 0x00007ff8c4b60000 	C:\Windows\SYSTEM32\windows.storage.dll
0x00007ff8c7300000 - 0x00007ff8c7655000 	C:\Windows\System32\combase.dll
0x00007ff8c5d20000 - 0x00007ff8c5d4c000 	C:\Windows\SYSTEM32\Wldp.dll
0x00007ff8c6c60000 - 0x00007ff8c6d0e000 	C:\Windows\System32\SHCORE.dll
0x00007ff8c6ef0000 - 0x00007ff8c6f45000 	C:\Windows\System32\shlwapi.dll
0x00007ff8c6210000 - 0x00007ff8c622f000 	C:\Windows\SYSTEM32\profapi.dll
0x00007ff8b2aa0000 - 0x00007ff8b2aba000 	C:\Program Files\Android\Android Studio\jre\bin\net.dll
0x00007ff8b5a70000 - 0x00007ff8b5b78000 	C:\Windows\SYSTEM32\WINHTTP.dll
0x00007ff8c5a80000 - 0x00007ff8c5aea000 	C:\Windows\system32\mswsock.dll
0x00007ff8b2a80000 - 0x00007ff8b2a94000 	C:\Program Files\Android\Android Studio\jre\bin\nio.dll

dbghelp: loaded successfully - version: 4.0.5 - missing functions: none
symbol engine: initialized successfully - sym options: 0x614 - pdb path: .;C:\Program Files\Android\Android Studio\jre\bin;C:\Windows\SYSTEM32;C:\Windows\WinSxS\amd64_microsoft.windows.common-controls_6595b64144ccf1df_6.0.19041.1110_none_60b5254171f9507e;C:\Program Files\Android\Android Studio\jre\bin\server

VM Arguments:
java_command: org.jetbrains.kotlin.cli.jvm.K2JVMCompiler @C:\Projects\Andriod\MyRecipe\app\build\20220831_2423776905181348067.compiler.options
java_class_path (initial): C:\Users\Ekaterina\.gradle\caches\modules-2\files-2.1\org.jetbrains.kotlin\kotlin-compiler-embeddable\1.6.21\97bdd5a752ce73b58ef16c17bc7f0ea2faff7a2e\kotlin-compiler-embeddable-1.6.21.jar;C:\Users\Ekaterina\.gradle\caches\modules-2\files-2.1\org.jetbrains.kotlin\kotlin-reflect\1.6.21\5dc3574d9b7bebfcb4ec6b10ada4aaa9e140bd0b\kotlin-reflect-1.6.21.jar;C:\Users\Ekaterina\.gradle\caches\modules-2\files-2.1\org.jetbrains.kotlin\kotlin-stdlib\1.6.21\11ef67f1900634fd951bad28c53ec957fabbe5b8\kotlin-stdlib-1.6.21.jar;C:\Users\Ekaterina\.gradle\caches\modules-2\files-2.1\org.jetbrains.kotlin\kotlin-script-runtime\1.6.21\99c6675100da5d6d5b1c5a1032f27f28008d101b\kotlin-script-runtime-1.6.21.jar;C:\Users\Ekaterina\.gradle\caches\modules-2\files-2.1\org.jetbrains.kotlin\kotlin-daemon-embeddable\1.6.21\46b78cf392e1c4f10854c3cadba44abb7b82250f\kotlin-daemon-embeddable-1.6.21.jar;C:\Users\Ekaterina\.gradle\caches\modules-2\files-2.1\org.jetbrains.intellij.deps\trove4j\1.0.20200330\3afb14d5f9ceb459d724e907a21145e8ff394f02\trove4j-1.0.20200330.jar;C:\Users\Ekaterina\.gradle\caches\modules-2\files-2.1\net.java.dev.jna\jna\5.6.0\330f2244e9030119ab3030fc3fededc86713d9cc\jna-5.6.0.jar;C:\Users\Ekaterina\.gradle\caches\modules-2\files-2.1\org.jetbrains.kotlin\kotlin-stdlib-common\1.6.21\5e5b55c26dbc80372a920aef60eb774b714559b8\kotlin-stdlib-common-1.6.21.jar;C:\Users\Ekaterina\.gradle\caches\modules-2\files-2.1\org.jetbrains\annotations\13.0\919f0dfe192fb4e063e7dacadee7f8bb9a2672a9\annotations-13.0.jar
Launcher Type: SUN_STANDARD

[Global flags]
     intx CICompilerCount                          = 3                                         {product} {ergonomic}
     uint ConcGCThreads                            = 1                                         {product} {ergonomic}
     uint G1ConcRefinementThreads                  = 4                                         {product} {ergonomic}
   size_t G1HeapRegionSize                         = 1048576                                   {product} {ergonomic}
    uintx GCDrainStackTargetSize                   = 64                                        {product} {ergonomic}
   size_t InitialHeapSize                          = 201326592                                 {product} {ergonomic}
   size_t MarkStackSize                            = 4194304                                   {product} {ergonomic}
   size_t MaxHeapSize                              = 3198156800                                {product} {ergonomic}
   size_t MaxNewSize                               = 1918894080                                {product} {ergonomic}
   size_t MinHeapDeltaBytes                        = 1048576                                   {product} {ergonomic}
    uintx NonNMethodCodeHeapSize                   = 5830732                                {pd product} {ergonomic}
    uintx NonProfiledCodeHeapSize                  = 122913754                              {pd product} {ergonomic}
    uintx ProfiledCodeHeapSize                     = 122913754                              {pd product} {ergonomic}
    uintx ReservedCodeCacheSize                    = 251658240                              {pd product} {ergonomic}
     bool SegmentedCodeCache                       = true                                      {product} {ergonomic}
     bool UseCompressedClassPointers               = true                                 {lp64_product} {ergonomic}
     bool UseCompressedOops                        = true                                 {lp64_product} {ergonomic}
     bool UseG1GC                                  = true                                      {product} {ergonomic}
     bool UseLargePagesIndividualAllocation        = false                                  {pd product} {ergonomic}

Logging:
Log output configuration:
 #0: stdout all=warning uptime,level,tags
 #1: stderr all=off uptime,level,tags

Environment Variables:
PATH=C:\Windows\system32;C:\Windows;C:\Windows\System32\Wbem;C:\Windows\System32\WindowsPowerShell\v1.0\;C:\Program Files\Git\cmd;C:\Users\Ekaterina\AppData\Local\Microsoft\WindowsApps;;C:\Users\Ekaterina\AppData\Local\Programs\Microsoft VS Code\bin
USERNAME=Ekaterina
OS=Windows_NT
PROCESSOR_IDENTIFIER=Intel64 Family 6 Model 142 Stepping 9, GenuineIntel



---------------  S Y S T E M  ---------------

OS: Windows 10 , 64 bit Build 19041 (10.0.19041.1200)
OS uptime: 32 days 1:54 hours

CPU:total 4 (initial active 4) (2 cores per cpu, 2 threads per core) family 6 model 142 stepping 9 microcode 0xb4, cmov, cx8, fxsr, mmx, sse, sse2, sse3, ssse3, sse4.1, sse4.2, popcnt, avx, avx2, aes, clmul, erms, 3dnowpref, lzcnt, ht, tsc, tscinvbit, bmi1, bmi2, adx, fma

Memory: 4k page, system-wide physical 12197M (646M free)
TotalPageFile size 12197M (AvailPageFile size 40M)
current process WorkingSet (physical memory assigned to process): 434M, peak: 434M
current process commit charge ("private bytes"): 484M, peak: 533M

vm_info: OpenJDK 64-Bit Server VM (11.0.12+7-b1504.28-7817840) for windows-amd64 JRE (11.0.12+7-b1504.28-7817840), built on Oct 13 2021 22:12:33 by "builder" with MS VC++ 14.0 (VS2015)

END.
