#
# There is insufficient memory for the Java Runtime Environment to continue.
# Native memory allocation (malloc) failed to allocate 398416 bytes for Chunk::new
# Possible reasons:
#   The system is out of physical RAM or swap space
#   The process is running with CompressedOops enabled, and the Java Heap may be blocking the growth of the native heap
# Possible solutions:
#   Reduce memory load on the system
#   Increase physical memory or swap space
#   Check if swap backing store is full
#   Decrease Java heap size (-Xmx/-Xms)
#   Decrease number of Java threads
#   Decrease Java thread stack sizes (-Xss)
#   Set larger code cache with -XX:ReservedCodeCacheSize=
#   JVM is running with Unscaled Compressed Oops mode in which the Java heap is
#     placed in the first 4GB address space. The Java Heap base address is the
#     maximum limit for the native heap growth. Please use -XX:HeapBaseMinAddress
#     to set the Java Heap base and to place the Java Heap above 4GB virtual address.
# This output file may be truncated or incomplete.
#
#  Out of Memory Error (./src/hotspot/share/memory/arena.cpp:197), pid=2212, tid=6480
#
# JRE version: OpenJDK Runtime Environment (11.0.12+7) (build 11.0.12+7-b1504.28-7817840)
# Java VM: OpenJDK 64-Bit Server VM (11.0.12+7-b1504.28-7817840, mixed mode, tiered, compressed oops, g1 gc, windows-amd64)
# No core dump will be written. Minidumps are not enabled by default on client versions of Windows
#

---------------  S U M M A R Y ------------

Command Line: --add-opens=java.base/java.util=ALL-UNNAMED --add-opens=java.base/java.lang=ALL-UNNAMED --add-opens=java.base/java.lang.invoke=ALL-UNNAMED --add-opens=java.base/java.util=ALL-UNNAMED --add-opens=java.prefs/java.util.prefs=ALL-UNNAMED --add-opens=java.prefs/java.util.prefs=ALL-UNNAMED --add-opens=java.base/java.nio.charset=ALL-UNNAMED --add-opens=java.base/java.net=ALL-UNNAMED --add-opens=java.base/java.util.concurrent.atomic=ALL-UNNAMED -Xmx2048m -Dfile.encoding=UTF-8 -Duser.country=RU -Duser.language=ru -Duser.variant org.gradle.launcher.daemon.bootstrap.GradleDaemon 7.3.3

Host: Intel(R) Core(TM) i3-7020U CPU @ 2.30GHz, 4 cores, 11G,  Windows 10 , 64 bit Build 19041 (10.0.19041.1200)
Time: Wed Aug 31 18:49:51 2022 RTZ 2 (зима) elapsed time: 3544.684579 seconds (0d 0h 59m 4s)

---------------  T H R E A D  ---------------

Current thread (0x00000193bbd7b000):  JavaThread "C2 CompilerThread0" daemon [_thread_in_native, id=6480, stack(0x0000004929f00000,0x000000492a000000)]


Current CompileTask:
C2:3544684 31732       4       org.gradle.api.tasks.util.PatternSet::copyFrom (9 bytes)

Stack: [0x0000004929f00000,0x000000492a000000]
Native frames: (J=compiled Java code, j=interpreted, Vv=VM code, C=native code)
V  [jvm.dll+0x5fbcea]
V  [jvm.dll+0x731905]
V  [jvm.dll+0x732f1d]
V  [jvm.dll+0x7335d3]
V  [jvm.dll+0x247bf8]
V  [jvm.dll+0xc018c]
V  [jvm.dll+0xc06cc]
V  [jvm.dll+0x35b31d]
V  [jvm.dll+0x328803]
V  [jvm.dll+0x327cfa]
V  [jvm.dll+0x200602]
V  [jvm.dll+0x1ff794]
V  [jvm.dll+0x18868c]
V  [jvm.dll+0x20e0d7]
V  [jvm.dll+0x20c901]
V  [jvm.dll+0x6f9b7f]
V  [jvm.dll+0x6f26a5]
V  [jvm.dll+0x5fabf6]
C  [ucrtbase.dll+0x21bb2]
C  [KERNEL32.DLL+0x17034]
C  [ntdll.dll+0x52651]


---------------  P R O C E S S  ---------------

Threads class SMR info:
_java_thread_list=0x00000193d0a2d1e0, length=107, elements={
0x00000193a118a800, 0x00000193bb563800, 0x00000193bb565000, 0x00000193bbd74800,
0x00000193bbd76800, 0x00000193bbd77800, 0x00000193bbd7b000, 0x00000193bbe1c000,
0x00000193bbe3c000, 0x00000193bbf21000, 0x00000193bca78800, 0x00000193be12f000,
0x00000193bc05b000, 0x00000193bda28000, 0x00000193bda29000, 0x00000193bda2a800,
0x00000193bda2b800, 0x00000193bda2d000, 0x00000193beb3f000, 0x00000193beb3d000,
0x00000193beb41000, 0x00000193beb3b000, 0x00000193beb42800, 0x00000193bfd70800,
0x00000193bfd6f000, 0x00000193bf298000, 0x00000193bf29f000, 0x00000193bf29c800,
0x00000193bf299000, 0x00000193c5b1d800, 0x00000193c5b25800, 0x00000193bf29a000,
0x00000193bf294000, 0x00000193bf296800, 0x00000193bf295000, 0x00000193bf29b800,
0x00000193bf296000, 0x00000193bf2a3000, 0x00000193bf29e000, 0x00000193bf29d000,
0x00000193bf2a2000, 0x00000193c2f69800, 0x00000193c2f6b000, 0x00000193c2f68800,
0x00000193c2f6c000, 0x00000193c2f66000, 0x00000193c2f67800, 0x00000193c2f6c800,
0x00000193c2f6d800, 0x00000193c2f6e800, 0x00000193c2f6a000, 0x00000193c2f74000,
0x00000193c2f75000, 0x00000193c2f70800, 0x00000193c2f70000, 0x00000193c2f71800,
0x00000193c2f72800, 0x00000193c2f73000, 0x00000193bfd69800, 0x00000193bfd65800,
0x00000193bfd6b000, 0x00000193bfd6c000, 0x00000193bfd66000, 0x00000193bfd6c800,
0x00000193bfd67000, 0x00000193bfd6a000, 0x00000193bfd6d800, 0x00000193bfd67800,
0x00000193bfd68800, 0x00000193bfd72800, 0x00000193bfd73000, 0x00000193bfd70000,
0x00000193bfd74000, 0x00000193bfd6e800, 0x00000193c5b20000, 0x00000193c5b20800,
0x00000193c5b21800, 0x00000193c5b1b800, 0x00000193c5b1c800, 0x00000193c5b23000,
0x00000193c5b24000, 0x00000193c5b1e000, 0x00000193c5b27000, 0x00000193c5b28000,
0x00000193beb40000, 0x00000193beb43800, 0x00000193beb3d800, 0x00000193beb44000,
0x00000193beb45000, 0x00000193beb46800, 0x00000193beb47800, 0x00000193beb48000,
0x00000193beb49000, 0x00000193bda2c800, 0x00000193bda2e000, 0x00000193beb45800,
0x00000193c5b24800, 0x00000193bf297800, 0x00000193bda2a000, 0x00000193c5b29800,
0x00000193be3fa800, 0x00000193be3f8000, 0x00000193be3f9000, 0x00000193be3f9800,
0x00000193be3fb800, 0x00000193be3fc000, 0x00000193be3fd000
}

Java Threads: ( => current thread )
  0x00000193a118a800 JavaThread "main" [_thread_blocked, id=6076, stack(0x0000004929300000,0x0000004929400000)]
  0x00000193bb563800 JavaThread "Reference Handler" daemon [_thread_blocked, id=8440, stack(0x0000004929a00000,0x0000004929b00000)]
  0x00000193bb565000 JavaThread "Finalizer" daemon [_thread_blocked, id=4960, stack(0x0000004929b00000,0x0000004929c00000)]
  0x00000193bbd74800 JavaThread "Signal Dispatcher" daemon [_thread_blocked, id=4220, stack(0x0000004929c00000,0x0000004929d00000)]
  0x00000193bbd76800 JavaThread "Attach Listener" daemon [_thread_blocked, id=3928, stack(0x0000004929d00000,0x0000004929e00000)]
  0x00000193bbd77800 JavaThread "Service Thread" daemon [_thread_blocked, id=4908, stack(0x0000004929e00000,0x0000004929f00000)]
=>0x00000193bbd7b000 JavaThread "C2 CompilerThread0" daemon [_thread_in_native, id=6480, stack(0x0000004929f00000,0x000000492a000000)]
  0x00000193bbe1c000 JavaThread "C1 CompilerThread0" daemon [_thread_blocked, id=8984, stack(0x000000492a000000,0x000000492a100000)]
  0x00000193bbe3c000 JavaThread "Sweeper thread" daemon [_thread_blocked, id=4628, stack(0x000000492a100000,0x000000492a200000)]
  0x00000193bbf21000 JavaThread "Common-Cleaner" daemon [_thread_blocked, id=1096, stack(0x000000492a200000,0x000000492a300000)]
  0x00000193bca78800 JavaThread "Daemon health stats" [_thread_blocked, id=5228, stack(0x000000492a800000,0x000000492a900000)]
  0x00000193be12f000 JavaThread "Incoming local TCP Connector on port 64534" [_thread_in_native, id=2980, stack(0x000000492a400000,0x000000492a500000)]
  0x00000193bc05b000 JavaThread "Daemon periodic checks" [_thread_blocked, id=7972, stack(0x000000492a900000,0x000000492aa00000)]
  0x00000193bda28000 JavaThread "Cache worker for journal cache (C:\Users\Ekaterina\.gradle\caches\journal-1)" [_thread_blocked, id=4636, stack(0x000000492b100000,0x000000492b200000)]
  0x00000193bda29000 JavaThread "File lock request listener" [_thread_in_native, id=5684, stack(0x000000492b200000,0x000000492b300000)]
  0x00000193bda2a800 JavaThread "Cache worker for file hash cache (C:\Users\Ekaterina\.gradle\caches\7.3.3\fileHashes)" [_thread_blocked, id=7888, stack(0x000000492b300000,0x000000492b400000)]
  0x00000193bda2b800 JavaThread "File watcher server" daemon [_thread_in_native, id=1636, stack(0x000000492b600000,0x000000492b700000)]
  0x00000193bda2d000 JavaThread "File watcher consumer" daemon [_thread_blocked, id=4936, stack(0x000000492b700000,0x000000492b800000)]
  0x00000193beb3f000 JavaThread "Cache worker for execution history cache (C:\Users\Ekaterina\.gradle\caches\7.3.3\executionHistory)" [_thread_blocked, id=8992, stack(0x000000492bb00000,0x000000492bc00000)]
  0x00000193beb3d000 JavaThread "jar transforms" [_thread_blocked, id=8140, stack(0x000000492bc00000,0x000000492bd00000)]
  0x00000193beb41000 JavaThread "Cache worker for file content cache (C:\Users\Ekaterina\.gradle\caches\7.3.3\fileContent)" [_thread_blocked, id=8592, stack(0x000000492bd00000,0x000000492be00000)]
  0x00000193beb3b000 JavaThread "jar transforms Thread 2" [_thread_blocked, id=3804, stack(0x000000492be00000,0x000000492bf00000)]
  0x00000193beb42800 JavaThread "jar transforms Thread 3" [_thread_blocked, id=7584, stack(0x000000492c000000,0x000000492c100000)]
  0x00000193bfd70800 JavaThread "jar transforms Thread 4" [_thread_blocked, id=1320, stack(0x000000492eb00000,0x000000492ec00000)]
  0x00000193bfd6f000 JavaThread "Memory manager" [_thread_blocked, id=1360, stack(0x000000492ec00000,0x000000492ed00000)]
  0x00000193bf298000 JavaThread "RMI Scheduler(0)" daemon [_thread_blocked, id=8744, stack(0x000000492c100000,0x000000492c200000)]
  0x00000193bf29f000 JavaThread "RMI GC Daemon" daemon [_thread_blocked, id=5444, stack(0x000000492fc00000,0x000000492fd00000)]
  0x00000193bf29c800 JavaThread "RMI TCP Accept-0" daemon [_thread_in_native, id=8512, stack(0x000000492fd00000,0x000000492fe00000)]
  0x00000193bf299000 JavaThread "RMI Reaper" [_thread_blocked, id=5872, stack(0x000000492fe00000,0x000000492ff00000)]
  0x00000193c5b1d800 JavaThread "Cache worker for Java compile cache (C:\Users\Ekaterina\.gradle\caches\7.3.3\javaCompile)" [_thread_blocked, id=3624, stack(0x000000492f700000,0x000000492f800000)]
  0x00000193c5b25800 JavaThread "ForkJoinPool.commonPool-worker-7" daemon [_thread_blocked, id=7388, stack(0x0000004930200000,0x0000004930300000)]
  0x00000193bf29a000 JavaThread "Daemon Thread 4" [_thread_blocked, id=6316, stack(0x0000004929100000,0x0000004929200000)]
  0x00000193bf294000 JavaThread "Handler for socket connection from /127.0.0.1:64534 to /127.0.0.1:49232" [_thread_in_native, id=6988, stack(0x0000004929200000,0x0000004929300000)]
  0x00000193bf296800 JavaThread "Cancel handler" [_thread_blocked, id=5948, stack(0x000000492aa00000,0x000000492ab00000)]
  0x00000193bf295000 JavaThread "Daemon worker Thread 4" [_thread_blocked, id=4312, stack(0x000000492ab00000,0x000000492ac00000)]
  0x00000193bf29b800 JavaThread "Asynchronous log dispatcher for DefaultDaemonConnection: socket connection from /127.0.0.1:64534 to /127.0.0.1:49232" [_thread_blocked, id=8064, stack(0x000000492ac00000,0x000000492ad00000)]
  0x00000193bf296000 JavaThread "Stdin handler" [_thread_blocked, id=256, stack(0x000000492ad00000,0x000000492ae00000)]
  0x00000193bf2a3000 JavaThread "Daemon client event forwarder" [_thread_blocked, id=7012, stack(0x000000492ae00000,0x000000492af00000)]
  0x00000193bf29e000 JavaThread "Cache worker for file hash cache (C:\Projects\Andriod\MyRecipe\.gradle\7.3.3\fileHashes)" [_thread_blocked, id=7608, stack(0x000000492af00000,0x000000492b000000)]
  0x00000193bf29d000 JavaThread "Cache worker for checksums cache (C:\Projects\Andriod\MyRecipe\.gradle\7.3.3\checksums)" [_thread_blocked, id=8612, stack(0x000000492b000000,0x000000492b100000)]
  0x00000193bf2a2000 JavaThread "Cache worker for cache directory md-supplier (C:\Users\Ekaterina\.gradle\caches\7.3.3\md-supplier)" [_thread_blocked, id=992, stack(0x000000492b400000,0x000000492b500000)]
  0x00000193c2f69800 JavaThread "Cache worker for cache directory md-rule (C:\Users\Ekaterina\.gradle\caches\7.3.3\md-rule)" [_thread_blocked, id=8544, stack(0x000000492b500000,0x000000492b600000)]
  0x00000193c2f6b000 JavaThread "Cache worker for dependencies-accessors (C:\Projects\Andriod\MyRecipe\.gradle\7.3.3\dependencies-accessors)" [_thread_blocked, id=1000, stack(0x000000492b800000,0x000000492b900000)]
  0x00000193c2f68800 JavaThread "Cache worker for Build Output Cleanup Cache (C:\Projects\Andriod\MyRecipe\.gradle\buildOutputCleanup)" [_thread_blocked, id=212, stack(0x000000492b900000,0x000000492ba00000)]
  0x00000193c2f6c000 JavaThread "Unconstrained build operations" [_thread_blocked, id=8052, stack(0x000000492c200000,0x000000492c300000)]
  0x00000193c2f66000 JavaThread "Unconstrained build operations Thread 2" [_thread_blocked, id=4560, stack(0x000000492c300000,0x000000492c400000)]
  0x00000193c2f67800 JavaThread "Unconstrained build operations Thread 3" [_thread_blocked, id=4676, stack(0x000000492c400000,0x000000492c500000)]
  0x00000193c2f6c800 JavaThread "Unconstrained build operations Thread 4" [_thread_blocked, id=5052, stack(0x000000492c500000,0x000000492c600000)]
  0x00000193c2f6d800 JavaThread "Unconstrained build operations Thread 5" [_thread_blocked, id=5648, stack(0x000000492c600000,0x000000492c700000)]
  0x00000193c2f6e800 JavaThread "Unconstrained build operations Thread 6" [_thread_blocked, id=7720, stack(0x000000492c700000,0x000000492c800000)]
  0x00000193c2f6a000 JavaThread "Unconstrained build operations Thread 7" [_thread_blocked, id=8680, stack(0x000000492c800000,0x000000492c900000)]
  0x00000193c2f74000 JavaThread "Unconstrained build operations Thread 8" [_thread_blocked, id=6596, stack(0x000000492c900000,0x000000492ca00000)]
  0x00000193c2f75000 JavaThread "Unconstrained build operations Thread 9" [_thread_blocked, id=8572, stack(0x000000492ca00000,0x000000492cb00000)]
  0x00000193c2f70800 JavaThread "Unconstrained build operations Thread 10" [_thread_blocked, id=5724, stack(0x000000492cb00000,0x000000492cc00000)]
  0x00000193c2f70000 JavaThread "Unconstrained build operations Thread 11" [_thread_blocked, id=2748, stack(0x000000492cc00000,0x000000492cd00000)]
  0x00000193c2f71800 JavaThread "Unconstrained build operations Thread 12" [_thread_blocked, id=8624, stack(0x000000492cd00000,0x000000492ce00000)]
  0x00000193c2f72800 JavaThread "Unconstrained build operations Thread 13" [_thread_blocked, id=8104, stack(0x000000492ce00000,0x000000492cf00000)]
  0x00000193c2f73000 JavaThread "Unconstrained build operations Thread 14" [_thread_blocked, id=5728, stack(0x000000492cf00000,0x000000492d000000)]
  0x00000193bfd69800 JavaThread "Unconstrained build operations Thread 15" [_thread_blocked, id=5472, stack(0x000000492d000000,0x000000492d100000)]
  0x00000193bfd65800 JavaThread "Unconstrained build operations Thread 16" [_thread_blocked, id=7964, stack(0x000000492d100000,0x000000492d200000)]
  0x00000193bfd6b000 JavaThread "Unconstrained build operations Thread 17" [_thread_blocked, id=3576, stack(0x000000492d200000,0x000000492d300000)]
  0x00000193bfd6c000 JavaThread "Unconstrained build operations Thread 18" [_thread_blocked, id=1060, stack(0x000000492d300000,0x000000492d400000)]
  0x00000193bfd66000 JavaThread "Unconstrained build operations Thread 19" [_thread_blocked, id=6744, stack(0x000000492d400000,0x000000492d500000)]
  0x00000193bfd6c800 JavaThread "Unconstrained build operations Thread 20" [_thread_blocked, id=1100, stack(0x000000492d500000,0x000000492d600000)]
  0x00000193bfd67000 JavaThread "Unconstrained build operations Thread 21" [_thread_blocked, id=7548, stack(0x000000492d600000,0x000000492d700000)]
  0x00000193bfd6a000 JavaThread "Unconstrained build operations Thread 22" [_thread_blocked, id=6448, stack(0x000000492d700000,0x000000492d800000)]
  0x00000193bfd6d800 JavaThread "Unconstrained build operations Thread 23" [_thread_blocked, id=2976, stack(0x000000492d800000,0x000000492d900000)]
  0x00000193bfd67800 JavaThread "Unconstrained build operations Thread 24" [_thread_blocked, id=8640, stack(0x000000492d900000,0x000000492da00000)]
  0x00000193bfd68800 JavaThread "Unconstrained build operations Thread 25" [_thread_blocked, id=3108, stack(0x000000492da00000,0x000000492db00000)]
  0x00000193bfd72800 JavaThread "Unconstrained build operations Thread 26" [_thread_blocked, id=5580, stack(0x000000492db00000,0x000000492dc00000)]
  0x00000193bfd73000 JavaThread "Unconstrained build operations Thread 27" [_thread_blocked, id=8764, stack(0x000000492dc00000,0x000000492dd00000)]
  0x00000193bfd70000 JavaThread "Unconstrained build operations Thread 28" [_thread_blocked, id=3164, stack(0x000000492dd00000,0x000000492de00000)]
  0x00000193bfd74000 JavaThread "Unconstrained build operations Thread 29" [_thread_blocked, id=8716, stack(0x000000492de00000,0x000000492df00000)]
  0x00000193bfd6e800 JavaThread "Unconstrained build operations Thread 30" [_thread_blocked, id=7428, stack(0x000000492df00000,0x000000492e000000)]
  0x00000193c5b20000 JavaThread "Unconstrained build operations Thread 31" [_thread_blocked, id=6196, stack(0x000000492e000000,0x000000492e100000)]
  0x00000193c5b20800 JavaThread "Unconstrained build operations Thread 32" [_thread_blocked, id=6908, stack(0x000000492e100000,0x000000492e200000)]
  0x00000193c5b21800 JavaThread "Unconstrained build operations Thread 33" [_thread_blocked, id=3336, stack(0x000000492e200000,0x000000492e300000)]
  0x00000193c5b1b800 JavaThread "Unconstrained build operations Thread 34" [_thread_blocked, id=848, stack(0x000000492e300000,0x000000492e400000)]
  0x00000193c5b1c800 JavaThread "Unconstrained build operations Thread 35" [_thread_blocked, id=8964, stack(0x000000492e400000,0x000000492e500000)]
  0x00000193c5b23000 JavaThread "Unconstrained build operations Thread 36" [_thread_blocked, id=6024, stack(0x000000492e500000,0x000000492e600000)]
  0x00000193c5b24000 JavaThread "Unconstrained build operations Thread 37" [_thread_blocked, id=8792, stack(0x000000492e600000,0x000000492e700000)]
  0x00000193c5b1e000 JavaThread "Unconstrained build operations Thread 38" [_thread_blocked, id=6740, stack(0x000000492e700000,0x000000492e800000)]
  0x00000193c5b27000 JavaThread "Unconstrained build operations Thread 39" [_thread_blocked, id=1436, stack(0x000000492e800000,0x000000492e900000)]
  0x00000193c5b28000 JavaThread "Unconstrained build operations Thread 40" [_thread_blocked, id=5864, stack(0x000000492e900000,0x000000492ea00000)]
  0x00000193beb40000 JavaThread "build event listener" [_thread_blocked, id=7764, stack(0x000000492ea00000,0x000000492eb00000)]
  0x00000193beb43800 JavaThread "Execution worker for ':'" [_thread_blocked, id=5592, stack(0x000000492ed00000,0x000000492ee00000)]
  0x00000193beb3d800 JavaThread "Execution worker for ':' Thread 2" [_thread_in_native, id=3476, stack(0x000000492ee00000,0x000000492ef00000)]
  0x00000193beb44000 JavaThread "Execution worker for ':' Thread 3" [_thread_blocked, id=3180, stack(0x000000492ef00000,0x000000492f000000)]
  0x00000193beb45000 JavaThread "Cache worker for execution history cache (C:\Projects\Andriod\MyRecipe\.gradle\7.3.3\executionHistory)" [_thread_blocked, id=5224, stack(0x000000492f000000,0x000000492f100000)]
  0x00000193beb46800 JavaThread "WorkerExecutor Queue" [_thread_blocked, id=6500, stack(0x000000492f100000,0x000000492f200000)]
  0x00000193beb47800 JavaThread "WorkerExecutor Queue Thread 2" [_thread_blocked, id=6320, stack(0x000000492bf00000,0x000000492c000000)]
  0x00000193beb48000 JavaThread "pool-14-thread-1" [_thread_blocked, id=4224, stack(0x000000492f300000,0x000000492f400000)]
  0x00000193beb49000 JavaThread "stderr" [_thread_in_native, id=6580, stack(0x000000492f400000,0x000000492f500000)]
  0x00000193bda2c800 JavaThread "stdout" [_thread_in_native, id=3216, stack(0x000000492f500000,0x000000492f600000)]
  0x00000193bda2e000 JavaThread "RMI TCP Connection(39)-127.0.0.1" daemon [_thread_in_native, id=1932, stack(0x000000492f200000,0x000000492f300000)]
  0x00000193beb45800 JavaThread "WorkerExecutor Queue Thread 4" [_thread_blocked, id=7820, stack(0x000000492f800000,0x000000492f900000)]
  0x00000193c5b24800 JavaThread "RMI TCP Accept-0" daemon [_thread_in_native, id=3140, stack(0x000000492fa00000,0x000000492fb00000)]
  0x00000193bf297800 JavaThread "RMI TCP Connection(38)-127.0.0.1" daemon [_thread_in_native, id=5488, stack(0x000000492fb00000,0x000000492fc00000)]
  0x00000193bda2a000 JavaThread "RMI TCP Connection(37)-127.0.0.1" daemon [_thread_in_native, id=5024, stack(0x000000492f600000,0x000000492f700000)]
  0x00000193c5b29800 JavaThread "WorkerExecutor Queue Thread 5" [_thread_blocked, id=5256, stack(0x000000492f900000,0x000000492fa00000)]
  0x00000193be3fa800 JavaThread "RMI TCP Connection(36)-127.0.0.1" daemon [_thread_in_native, id=4624, stack(0x000000492ff00000,0x0000004930000000)]
  0x00000193be3f8000 JavaThread "RMI TCP Connection(40)-127.0.0.1" daemon [_thread_in_native, id=2720, stack(0x0000004930000000,0x0000004930100000)]
  0x00000193be3f9000 JavaThread "Build operations" [_thread_blocked, id=8460, stack(0x0000004929000000,0x0000004929100000)]
  0x00000193be3f9800 JavaThread "Build operations Thread 2" [_thread_blocked, id=8848, stack(0x0000004930100000,0x0000004930200000)]
  0x00000193be3fb800 JavaThread "Build operations Thread 3" [_thread_blocked, id=2436, stack(0x0000004930300000,0x0000004930400000)]
  0x00000193be3fc000 JavaThread "Build operations Thread 4" [_thread_blocked, id=8956, stack(0x0000004930400000,0x0000004930500000)]
  0x00000193be3fd000 JavaThread "C2 CompilerThread1" daemon [_thread_in_native, id=7184, stack(0x0000004930500000,0x0000004930600000)]

Other Threads:
  0x00000193bb54c800 VMThread "VM Thread" [stack: 0x0000004929900000,0x0000004929a00000] [id=5200]
  0x00000193bbf2e000 WatcherThread [stack: 0x000000492a300000,0x000000492a400000] [id=7948]
  0x00000193a11a4000 GCTaskThread "GC Thread#0" [stack: 0x0000004929400000,0x0000004929500000] [id=708]
  0x00000193bca8e800 GCTaskThread "GC Thread#1" [stack: 0x000000492a500000,0x000000492a600000] [id=6192]
  0x00000193bc38e800 GCTaskThread "GC Thread#2" [stack: 0x000000492a600000,0x000000492a700000] [id=6632]
  0x00000193bc386000 GCTaskThread "GC Thread#3" [stack: 0x000000492a700000,0x000000492a800000] [id=1312]
  0x00000193a11d4800 ConcurrentGCThread "G1 Main Marker" [stack: 0x0000004929500000,0x0000004929600000] [id=2232]
  0x00000193a11d5800 ConcurrentGCThread "G1 Conc#0" [stack: 0x0000004929600000,0x0000004929700000] [id=7932]
  0x00000193a126e800 ConcurrentGCThread "G1 Refine#0" [stack: 0x0000004929700000,0x0000004929800000] [id=968]
  0x00000193bb39c800 ConcurrentGCThread "G1 Young RemSet Sampling" [stack: 0x0000004929800000,0x0000004929900000] [id=8296]

Threads with active compile tasks:
C2 CompilerThread03544749 31732       4       org.gradle.api.tasks.util.PatternSet::copyFrom (9 bytes)
C2 CompilerThread13544749 31727       4       org.gradle.api.internal.tasks.compile.incremental.compilerapi.deps.DependentsSet::merge (230 bytes)

VM state:not at safepoint (normal execution)

VM Mutex/Monitor currently owned by a thread: None

Heap address: 0x0000000080000000, size: 2048 MB, Compressed Oops mode: 32-bit
Narrow klass base: 0x0000000000000000, Narrow klass shift: 3
Compressed class space size: 1073741824 Address: 0x0000000100000000

Heap:
 garbage-first heap   total 303104K, used 230983K [0x0000000080000000, 0x0000000100000000)
  region size 1024K, 10 young (10240K), 1 survivors (1024K)
 Metaspace       used 224980K, capacity 230193K, committed 230652K, reserved 1249280K
  class space    used 28029K, capacity 29951K, committed 30080K, reserved 1048576K
Heap Regions: E=young(eden), S=young(survivor), O=old, HS=humongous(starts), HC=humongous(continues), CS=collection set, F=free, A=archive, TAMS=top-at-mark-start (previous, next)
|   0|0x0000000080000000, 0x0000000080100000, 0x0000000080100000|100%| O|  |TAMS 0x0000000080100000, 0x0000000080000000| Untracked 
|   1|0x0000000080100000, 0x0000000080200000, 0x0000000080200000|100%| O|  |TAMS 0x0000000080200000, 0x0000000080100000| Untracked 
|   2|0x0000000080200000, 0x0000000080300000, 0x0000000080300000|100%| O|  |TAMS 0x0000000080300000, 0x0000000080200000| Untracked 
|   3|0x0000000080300000, 0x0000000080400000, 0x0000000080400000|100%|HS|  |TAMS 0x0000000080400000, 0x0000000080300000| Complete 
|   4|0x0000000080400000, 0x0000000080500000, 0x0000000080500000|100%|HC|  |TAMS 0x0000000080500000, 0x0000000080400000| Complete 
|   5|0x0000000080500000, 0x0000000080600000, 0x0000000080600000|100%|HC|  |TAMS 0x0000000080600000, 0x0000000080500000| Complete 
|   6|0x0000000080600000, 0x0000000080700000, 0x0000000080700000|100%| O|  |TAMS 0x0000000080700000, 0x0000000080600000| Untracked 
|   7|0x0000000080700000, 0x0000000080800000, 0x0000000080800000|100%| O|  |TAMS 0x0000000080800000, 0x0000000080700000| Untracked 
|   8|0x0000000080800000, 0x0000000080900000, 0x0000000080900000|100%| O|  |TAMS 0x0000000080900000, 0x0000000080800000| Untracked 
|   9|0x0000000080900000, 0x0000000080a00000, 0x0000000080a00000|100%| O|  |TAMS 0x0000000080a00000, 0x0000000080900000| Untracked 
|  10|0x0000000080a00000, 0x0000000080b00000, 0x0000000080b00000|100%| O|  |TAMS 0x0000000080b00000, 0x0000000080a00000| Complete 
|  11|0x0000000080b00000, 0x0000000080c00000, 0x0000000080c00000|100%| O|  |TAMS 0x0000000080c00000, 0x0000000080b00000| Untracked 
|  12|0x0000000080c00000, 0x0000000080d00000, 0x0000000080d00000|100%| O|  |TAMS 0x0000000080d00000, 0x0000000080c00000| Untracked 
|  13|0x0000000080d00000, 0x0000000080e00000, 0x0000000080e00000|100%| O|  |TAMS 0x0000000080e00000, 0x0000000080d00000| Untracked 
|  14|0x0000000080e00000, 0x0000000080f00000, 0x0000000080f00000|100%| O|  |TAMS 0x0000000080f00000, 0x0000000080e00000| Complete 
|  15|0x0000000080f00000, 0x0000000081000000, 0x0000000081000000|100%| O|  |TAMS 0x0000000081000000, 0x0000000080f00000| Untracked 
|  16|0x0000000081000000, 0x0000000081100000, 0x0000000081100000|100%| O|  |TAMS 0x0000000081100000, 0x0000000081000000| Complete 
|  17|0x0000000081100000, 0x0000000081200000, 0x0000000081200000|100%| O|  |TAMS 0x0000000081200000, 0x0000000081100000| Complete 
|  18|0x0000000081200000, 0x0000000081300000, 0x0000000081300000|100%| O|  |TAMS 0x0000000081300000, 0x0000000081200000| Complete 
|  19|0x0000000081300000, 0x0000000081400000, 0x0000000081400000|100%| O|  |TAMS 0x0000000081400000, 0x0000000081300000| Complete 
|  20|0x0000000081400000, 0x0000000081500000, 0x0000000081500000|100%| O|  |TAMS 0x0000000081500000, 0x0000000081400000| Complete 
|  21|0x0000000081500000, 0x0000000081600000, 0x0000000081600000|100%| O|  |TAMS 0x0000000081600000, 0x0000000081500000| Untracked 
|  22|0x0000000081600000, 0x0000000081700000, 0x0000000081700000|100%| O|  |TAMS 0x0000000081700000, 0x0000000081600000| Complete 
|  23|0x0000000081700000, 0x0000000081800000, 0x0000000081800000|100%| O|  |TAMS 0x0000000081800000, 0x0000000081700000| Complete 
|  24|0x0000000081800000, 0x0000000081900000, 0x0000000081900000|100%| O|  |TAMS 0x0000000081900000, 0x0000000081800000| Untracked 
|  25|0x0000000081900000, 0x0000000081a00000, 0x0000000081a00000|100%| O|  |TAMS 0x0000000081a00000, 0x0000000081900000| Untracked 
|  26|0x0000000081a00000, 0x0000000081b00000, 0x0000000081b00000|100%| O|  |TAMS 0x0000000081b00000, 0x0000000081a00000| Untracked 
|  27|0x0000000081b00000, 0x0000000081c00000, 0x0000000081c00000|100%| O|  |TAMS 0x0000000081c00000, 0x0000000081b00000| Untracked 
|  28|0x0000000081c00000, 0x0000000081d00000, 0x0000000081d00000|100%| O|  |TAMS 0x0000000081d00000, 0x0000000081c00000| Complete 
|  29|0x0000000081d00000, 0x0000000081e00000, 0x0000000081e00000|100%|HS|  |TAMS 0x0000000081e00000, 0x0000000081d00000| Complete 
|  30|0x0000000081e00000, 0x0000000081f00000, 0x0000000081f00000|100%|HS|  |TAMS 0x0000000081f00000, 0x0000000081e00000| Complete 
|  31|0x0000000081f00000, 0x0000000082000000, 0x0000000082000000|100%|HS|  |TAMS 0x0000000082000000, 0x0000000081f00000| Complete 
|  32|0x0000000082000000, 0x0000000082100000, 0x0000000082100000|100%|HS|  |TAMS 0x0000000082100000, 0x0000000082000000| Complete 
|  33|0x0000000082100000, 0x0000000082200000, 0x0000000082200000|100%|HC|  |TAMS 0x0000000082200000, 0x0000000082100000| Complete 
|  34|0x0000000082200000, 0x0000000082300000, 0x0000000082300000|100%|HC|  |TAMS 0x0000000082300000, 0x0000000082200000| Complete 
|  35|0x0000000082300000, 0x0000000082400000, 0x0000000082400000|100%|HS|  |TAMS 0x0000000082400000, 0x0000000082300000| Complete 
|  36|0x0000000082400000, 0x0000000082500000, 0x0000000082500000|100%|HC|  |TAMS 0x0000000082500000, 0x0000000082400000| Complete 
|  37|0x0000000082500000, 0x0000000082600000, 0x0000000082600000|100%|HS|  |TAMS 0x0000000082600000, 0x0000000082500000| Complete 
|  38|0x0000000082600000, 0x0000000082700000, 0x0000000082700000|100%|HC|  |TAMS 0x0000000082700000, 0x0000000082600000| Complete 
|  39|0x0000000082700000, 0x0000000082800000, 0x0000000082800000|100%| O|  |TAMS 0x0000000082800000, 0x0000000082700000| Complete 
|  40|0x0000000082800000, 0x0000000082900000, 0x0000000082900000|100%| O|  |TAMS 0x0000000082900000, 0x0000000082800000| Untracked 
|  41|0x0000000082900000, 0x0000000082a00000, 0x0000000082a00000|100%| O|  |TAMS 0x0000000082a00000, 0x0000000082900000| Untracked 
|  42|0x0000000082a00000, 0x0000000082b00000, 0x0000000082b00000|100%| O|  |TAMS 0x0000000082b00000, 0x0000000082a00000| Untracked 
|  43|0x0000000082b00000, 0x0000000082c00000, 0x0000000082c00000|100%| O|  |TAMS 0x0000000082c00000, 0x0000000082b00000| Untracked 
|  44|0x0000000082c00000, 0x0000000082d00000, 0x0000000082d00000|100%| O|  |TAMS 0x0000000082d00000, 0x0000000082c00000| Untracked 
|  45|0x0000000082d00000, 0x0000000082e00000, 0x0000000082e00000|100%| O|  |TAMS 0x0000000082e00000, 0x0000000082d00000| Untracked 
|  46|0x0000000082e00000, 0x0000000082f00000, 0x0000000082f00000|100%| O|  |TAMS 0x0000000082f00000, 0x0000000082e00000| Untracked 
|  47|0x0000000082f00000, 0x0000000083000000, 0x0000000083000000|100%| O|  |TAMS 0x0000000083000000, 0x0000000082f00000| Untracked 
|  48|0x0000000083000000, 0x0000000083100000, 0x0000000083100000|100%| O|  |TAMS 0x0000000083100000, 0x0000000083000000| Complete 
|  49|0x0000000083100000, 0x0000000083200000, 0x0000000083200000|100%| O|  |TAMS 0x0000000083200000, 0x0000000083100000| Untracked 
|  50|0x0000000083200000, 0x0000000083300000, 0x0000000083300000|100%| O|  |TAMS 0x0000000083300000, 0x0000000083200000| Untracked 
|  51|0x0000000083300000, 0x0000000083400000, 0x0000000083400000|100%| O|  |TAMS 0x0000000083400000, 0x0000000083300000| Complete 
|  52|0x0000000083400000, 0x0000000083500000, 0x0000000083500000|100%| O|  |TAMS 0x0000000083500000, 0x0000000083400000| Untracked 
|  53|0x0000000083500000, 0x0000000083600000, 0x0000000083600000|100%| O|  |TAMS 0x0000000083600000, 0x0000000083500000| Untracked 
|  54|0x0000000083600000, 0x0000000083700000, 0x0000000083700000|100%| O|  |TAMS 0x0000000083700000, 0x0000000083600000| Complete 
|  55|0x0000000083700000, 0x0000000083800000, 0x0000000083800000|100%| O|  |TAMS 0x0000000083800000, 0x0000000083700000| Complete 
|  56|0x0000000083800000, 0x0000000083900000, 0x0000000083900000|100%| O|  |TAMS 0x0000000083900000, 0x0000000083800000| Complete 
|  57|0x0000000083900000, 0x0000000083a00000, 0x0000000083a00000|100%| O|  |TAMS 0x0000000083a00000, 0x0000000083900000| Untracked 
|  58|0x0000000083a00000, 0x0000000083b00000, 0x0000000083b00000|100%| O|  |TAMS 0x0000000083b00000, 0x0000000083a00000| Untracked 
|  59|0x0000000083b00000, 0x0000000083c00000, 0x0000000083c00000|100%| O|  |TAMS 0x0000000083c00000, 0x0000000083b00000| Untracked 
|  60|0x0000000083c00000, 0x0000000083d00000, 0x0000000083d00000|100%| O|  |TAMS 0x0000000083d00000, 0x0000000083c00000| Untracked 
|  61|0x0000000083d00000, 0x0000000083e00000, 0x0000000083e00000|100%| O|  |TAMS 0x0000000083e00000, 0x0000000083d00000| Untracked 
|  62|0x0000000083e00000, 0x0000000083f00000, 0x0000000083f00000|100%| O|  |TAMS 0x0000000083f00000, 0x0000000083e00000| Untracked 
|  63|0x0000000083f00000, 0x0000000084000000, 0x0000000084000000|100%| O|  |TAMS 0x0000000084000000, 0x0000000083f00000| Complete 
|  64|0x0000000084000000, 0x0000000084100000, 0x0000000084100000|100%| O|  |TAMS 0x0000000084100000, 0x0000000084000000| Untracked 
|  65|0x0000000084100000, 0x0000000084200000, 0x0000000084200000|100%| O|  |TAMS 0x0000000084200000, 0x0000000084100000| Untracked 
|  66|0x0000000084200000, 0x0000000084300000, 0x0000000084300000|100%| O|  |TAMS 0x0000000084300000, 0x0000000084200000| Complete 
|  67|0x0000000084300000, 0x0000000084400000, 0x0000000084400000|100%| O|  |TAMS 0x0000000084400000, 0x0000000084300000| Complete 
|  68|0x0000000084400000, 0x0000000084500000, 0x0000000084500000|100%| O|  |TAMS 0x0000000084500000, 0x0000000084400000| Untracked 
|  69|0x0000000084500000, 0x0000000084600000, 0x0000000084600000|100%| O|  |TAMS 0x0000000084600000, 0x0000000084500000| Untracked 
|  70|0x0000000084600000, 0x0000000084600000, 0x0000000084700000|  0%| F|  |TAMS 0x0000000084600000, 0x0000000084600000| Untracked 
|  71|0x0000000084700000, 0x0000000084800000, 0x0000000084800000|100%| O|  |TAMS 0x0000000084800000, 0x0000000084700000| Complete 
|  72|0x0000000084800000, 0x0000000084900000, 0x0000000084900000|100%| O|  |TAMS 0x0000000084900000, 0x0000000084800000| Untracked 
|  73|0x0000000084900000, 0x0000000084a00000, 0x0000000084a00000|100%| O|  |TAMS 0x0000000084a00000, 0x0000000084900000| Untracked 
|  74|0x0000000084a00000, 0x0000000084b00000, 0x0000000084b00000|100%| O|  |TAMS 0x0000000084a00000, 0x0000000084a00000| Untracked 
|  75|0x0000000084b00000, 0x0000000084c00000, 0x0000000084c00000|100%| O|  |TAMS 0x0000000084c00000, 0x0000000084b00000| Untracked 
|  76|0x0000000084c00000, 0x0000000084d00000, 0x0000000084d00000|100%|HS|  |TAMS 0x0000000084d00000, 0x0000000084c00000| Complete 
|  77|0x0000000084d00000, 0x0000000084e00000, 0x0000000084e00000|100%|HS|  |TAMS 0x0000000084e00000, 0x0000000084d00000| Complete 
|  78|0x0000000084e00000, 0x0000000084f00000, 0x0000000084f00000|100%| O|  |TAMS 0x0000000084f00000, 0x0000000084e00000| Complete 
|  79|0x0000000084f00000, 0x0000000085000000, 0x0000000085000000|100%| O|  |TAMS 0x0000000085000000, 0x0000000084f00000| Complete 
|  80|0x0000000085000000, 0x0000000085100000, 0x0000000085100000|100%| O|  |TAMS 0x0000000085100000, 0x0000000085000000| Complete 
|  81|0x0000000085100000, 0x0000000085200000, 0x0000000085200000|100%| O|  |TAMS 0x0000000085200000, 0x0000000085100000| Complete 
|  82|0x0000000085200000, 0x0000000085300000, 0x0000000085300000|100%| O|  |TAMS 0x0000000085300000, 0x0000000085200000| Complete 
|  83|0x0000000085300000, 0x0000000085400000, 0x0000000085400000|100%| O|  |TAMS 0x0000000085400000, 0x0000000085300000| Untracked 
|  84|0x0000000085400000, 0x0000000085500000, 0x0000000085500000|100%| O|  |TAMS 0x0000000085500000, 0x0000000085400000| Untracked 
|  85|0x0000000085500000, 0x0000000085600000, 0x0000000085600000|100%| O|  |TAMS 0x0000000085600000, 0x0000000085500000| Untracked 
|  86|0x0000000085600000, 0x0000000085700000, 0x0000000085700000|100%| O|  |TAMS 0x0000000085700000, 0x0000000085600000| Complete 
|  87|0x0000000085700000, 0x0000000085800000, 0x0000000085800000|100%| O|  |TAMS 0x0000000085800000, 0x0000000085700000| Complete 
|  88|0x0000000085800000, 0x0000000085900000, 0x0000000085900000|100%| O|  |TAMS 0x0000000085900000, 0x0000000085800000| Complete 
|  89|0x0000000085900000, 0x0000000085a00000, 0x0000000085a00000|100%| O|  |TAMS 0x0000000085a00000, 0x0000000085900000| Untracked 
|  90|0x0000000085a00000, 0x0000000085b00000, 0x0000000085b00000|100%| O|  |TAMS 0x0000000085b00000, 0x0000000085a00000| Untracked 
|  91|0x0000000085b00000, 0x0000000085c00000, 0x0000000085c00000|100%| O|  |TAMS 0x0000000085c00000, 0x0000000085b00000| Untracked 
|  92|0x0000000085c00000, 0x0000000085d00000, 0x0000000085d00000|100%| O|  |TAMS 0x0000000085d00000, 0x0000000085c00000| Untracked 
|  93|0x0000000085d00000, 0x0000000085e00000, 0x0000000085e00000|100%|HS|  |TAMS 0x0000000085e00000, 0x0000000085d00000| Complete 
|  94|0x0000000085e00000, 0x0000000085f00000, 0x0000000085f00000|100%| O|  |TAMS 0x0000000085f00000, 0x0000000085e00000| Untracked 
|  95|0x0000000085f00000, 0x0000000086000000, 0x0000000086000000|100%| O|  |TAMS 0x0000000086000000, 0x0000000085f00000| Untracked 
|  96|0x0000000086000000, 0x0000000086100000, 0x0000000086100000|100%| O|  |TAMS 0x0000000086100000, 0x0000000086000000| Untracked 
|  97|0x0000000086100000, 0x0000000086200000, 0x0000000086200000|100%| O|  |TAMS 0x0000000086200000, 0x0000000086100000| Untracked 
|  98|0x0000000086200000, 0x0000000086300000, 0x0000000086300000|100%| O|  |TAMS 0x0000000086300000, 0x0000000086200000| Complete 
|  99|0x0000000086300000, 0x0000000086400000, 0x0000000086400000|100%| O|  |TAMS 0x0000000086400000, 0x0000000086300000| Complete 
| 100|0x0000000086400000, 0x0000000086500000, 0x0000000086500000|100%|HS|  |TAMS 0x0000000086500000, 0x0000000086400000| Complete 
| 101|0x0000000086500000, 0x0000000086600000, 0x0000000086600000|100%| O|  |TAMS 0x0000000086600000, 0x0000000086500000| Untracked 
| 102|0x0000000086600000, 0x0000000086700000, 0x0000000086700000|100%|HS|  |TAMS 0x0000000086700000, 0x0000000086600000| Complete 
| 103|0x0000000086700000, 0x0000000086800000, 0x0000000086800000|100%|HC|  |TAMS 0x0000000086800000, 0x0000000086700000| Complete 
| 104|0x0000000086800000, 0x0000000086900000, 0x0000000086900000|100%|HC|  |TAMS 0x0000000086900000, 0x0000000086800000| Complete 
| 105|0x0000000086900000, 0x0000000086a00000, 0x0000000086a00000|100%| O|  |TAMS 0x0000000086a00000, 0x0000000086900000| Untracked 
| 106|0x0000000086a00000, 0x0000000086b00000, 0x0000000086b00000|100%| O|  |TAMS 0x0000000086b00000, 0x0000000086a00000| Complete 
| 107|0x0000000086b00000, 0x0000000086c00000, 0x0000000086c00000|100%| O|  |TAMS 0x0000000086c00000, 0x0000000086b00000| Complete 
| 108|0x0000000086c00000, 0x0000000086d00000, 0x0000000086d00000|100%| O|  |TAMS 0x0000000086d00000, 0x0000000086c00000| Complete 
| 109|0x0000000086d00000, 0x0000000086e00000, 0x0000000086e00000|100%| O|  |TAMS 0x0000000086e00000, 0x0000000086d00000| Untracked 
| 110|0x0000000086e00000, 0x0000000086f00000, 0x0000000086f00000|100%| O|  |TAMS 0x0000000086f00000, 0x0000000086e00000| Untracked 
| 111|0x0000000086f00000, 0x0000000087000000, 0x0000000087000000|100%| O|  |TAMS 0x0000000087000000, 0x0000000086f00000| Untracked 
| 112|0x0000000087000000, 0x0000000087100000, 0x0000000087100000|100%| O|  |TAMS 0x0000000087100000, 0x0000000087000000| Untracked 
| 113|0x0000000087100000, 0x0000000087200000, 0x0000000087200000|100%| O|  |TAMS 0x0000000087200000, 0x0000000087100000| Untracked 
| 114|0x0000000087200000, 0x0000000087300000, 0x0000000087300000|100%| O|  |TAMS 0x0000000087300000, 0x0000000087200000| Untracked 
| 115|0x0000000087300000, 0x0000000087400000, 0x0000000087400000|100%| O|  |TAMS 0x0000000087400000, 0x0000000087300000| Untracked 
| 116|0x0000000087400000, 0x0000000087500000, 0x0000000087500000|100%| O|  |TAMS 0x0000000087500000, 0x0000000087400000| Complete 
| 117|0x0000000087500000, 0x0000000087600000, 0x0000000087600000|100%| O|  |TAMS 0x0000000087600000, 0x0000000087500000| Untracked 
| 118|0x0000000087600000, 0x00000000876e4e00, 0x0000000087700000| 89%| O|  |TAMS 0x0000000087600000, 0x0000000087600000| Untracked 
| 119|0x0000000087700000, 0x0000000087800000, 0x0000000087800000|100%|HS|  |TAMS 0x0000000087800000, 0x0000000087700000| Complete 
| 120|0x0000000087800000, 0x0000000087900000, 0x0000000087900000|100%|HC|  |TAMS 0x0000000087900000, 0x0000000087800000| Complete 
| 121|0x0000000087900000, 0x0000000087a00000, 0x0000000087a00000|100%| O|  |TAMS 0x0000000087a00000, 0x0000000087900000| Untracked 
| 122|0x0000000087a00000, 0x0000000087a00000, 0x0000000087b00000|  0%| F|  |TAMS 0x0000000087a00000, 0x0000000087a00000| Untracked 
| 123|0x0000000087b00000, 0x0000000087c00000, 0x0000000087c00000|100%| O|  |TAMS 0x0000000087c00000, 0x0000000087b00000| Untracked 
| 124|0x0000000087c00000, 0x0000000087d00000, 0x0000000087d00000|100%|HS|  |TAMS 0x0000000087d00000, 0x0000000087c00000| Complete 
| 125|0x0000000087d00000, 0x0000000087e00000, 0x0000000087e00000|100%|HC|  |TAMS 0x0000000087e00000, 0x0000000087d00000| Complete 
| 126|0x0000000087e00000, 0x0000000087f00000, 0x0000000087f00000|100%|HC|  |TAMS 0x0000000087f00000, 0x0000000087e00000| Complete 
| 127|0x0000000087f00000, 0x0000000088000000, 0x0000000088000000|100%| O|  |TAMS 0x0000000088000000, 0x0000000087f00000| Untracked 
| 128|0x0000000088000000, 0x0000000088100000, 0x0000000088100000|100%|HS|  |TAMS 0x0000000088100000, 0x0000000088000000| Complete 
| 129|0x0000000088100000, 0x0000000088200000, 0x0000000088200000|100%|HC|  |TAMS 0x0000000088200000, 0x0000000088100000| Complete 
| 130|0x0000000088200000, 0x0000000088300000, 0x0000000088300000|100%|HC|  |TAMS 0x0000000088300000, 0x0000000088200000| Complete 
| 131|0x0000000088300000, 0x0000000088400000, 0x0000000088400000|100%| O|  |TAMS 0x0000000088400000, 0x0000000088300000| Untracked 
| 132|0x0000000088400000, 0x0000000088400000, 0x0000000088500000|  0%| F|  |TAMS 0x0000000088400000, 0x0000000088400000| Untracked 
| 133|0x0000000088500000, 0x0000000088600000, 0x0000000088600000|100%| O|  |TAMS 0x0000000088600000, 0x0000000088500000| Complete 
| 134|0x0000000088600000, 0x0000000088600000, 0x0000000088700000|  0%| F|  |TAMS 0x0000000088600000, 0x0000000088600000| Untracked 
| 135|0x0000000088700000, 0x0000000088800000, 0x0000000088800000|100%| O|  |TAMS 0x0000000088800000, 0x0000000088700000| Complete 
| 136|0x0000000088800000, 0x0000000088900000, 0x0000000088900000|100%| O|  |TAMS 0x0000000088900000, 0x0000000088800000| Untracked 
| 137|0x0000000088900000, 0x0000000088a00000, 0x0000000088a00000|100%| O|  |TAMS 0x0000000088a00000, 0x0000000088900000| Untracked 
| 138|0x0000000088a00000, 0x0000000088b00000, 0x0000000088b00000|100%| O|  |TAMS 0x0000000088b00000, 0x0000000088a00000| Untracked 
| 139|0x0000000088b00000, 0x0000000088c00000, 0x0000000088c00000|100%| O|  |TAMS 0x0000000088c00000, 0x0000000088b00000| Complete 
| 140|0x0000000088c00000, 0x0000000088d00000, 0x0000000088d00000|100%| O|  |TAMS 0x0000000088d00000, 0x0000000088c00000| Untracked 
| 141|0x0000000088d00000, 0x0000000088e00000, 0x0000000088e00000|100%| O|  |TAMS 0x0000000088e00000, 0x0000000088d00000| Untracked 
| 142|0x0000000088e00000, 0x0000000088f00000, 0x0000000088f00000|100%| O|  |TAMS 0x0000000088f00000, 0x0000000088e00000| Untracked 
| 143|0x0000000088f00000, 0x0000000089000000, 0x0000000089000000|100%| O|  |TAMS 0x0000000089000000, 0x0000000088f00000| Untracked 
| 144|0x0000000089000000, 0x0000000089100000, 0x0000000089100000|100%| O|  |TAMS 0x0000000089100000, 0x0000000089000000| Complete 
| 145|0x0000000089100000, 0x0000000089200000, 0x0000000089200000|100%| O|  |TAMS 0x0000000089200000, 0x0000000089100000| Complete 
| 146|0x0000000089200000, 0x0000000089300000, 0x0000000089300000|100%| O|  |TAMS 0x0000000089300000, 0x0000000089200000| Complete 
| 147|0x0000000089300000, 0x0000000089400000, 0x0000000089400000|100%|HS|  |TAMS 0x0000000089400000, 0x0000000089300000| Complete 
| 148|0x0000000089400000, 0x0000000089500000, 0x0000000089500000|100%|HC|  |TAMS 0x0000000089500000, 0x0000000089400000| Complete 
| 149|0x0000000089500000, 0x0000000089600000, 0x0000000089600000|100%|HC|  |TAMS 0x0000000089600000, 0x0000000089500000| Complete 
| 150|0x0000000089600000, 0x0000000089700000, 0x0000000089700000|100%|HC|  |TAMS 0x0000000089700000, 0x0000000089600000| Complete 
| 151|0x0000000089700000, 0x0000000089800000, 0x0000000089800000|100%| O|  |TAMS 0x0000000089800000, 0x0000000089700000| Untracked 
| 152|0x0000000089800000, 0x0000000089900000, 0x0000000089900000|100%| O|  |TAMS 0x0000000089900000, 0x0000000089800000| Complete 
| 153|0x0000000089900000, 0x0000000089a00000, 0x0000000089a00000|100%| O|  |TAMS 0x0000000089a00000, 0x0000000089900000| Complete 
| 154|0x0000000089a00000, 0x0000000089b00000, 0x0000000089b00000|100%| O|  |TAMS 0x0000000089b00000, 0x0000000089a00000| Untracked 
| 155|0x0000000089b00000, 0x0000000089c00000, 0x0000000089c00000|100%| O|  |TAMS 0x0000000089c00000, 0x0000000089b00000| Complete 
| 156|0x0000000089c00000, 0x0000000089d00000, 0x0000000089d00000|100%| O|  |TAMS 0x0000000089d00000, 0x0000000089c00000| Complete 
| 157|0x0000000089d00000, 0x0000000089e00000, 0x0000000089e00000|100%|HS|  |TAMS 0x0000000089e00000, 0x0000000089d00000| Complete 
| 158|0x0000000089e00000, 0x0000000089f00000, 0x0000000089f00000|100%|HC|  |TAMS 0x0000000089f00000, 0x0000000089e00000| Complete 
| 159|0x0000000089f00000, 0x000000008a000000, 0x000000008a000000|100%|HC|  |TAMS 0x000000008a000000, 0x0000000089f00000| Complete 
| 160|0x000000008a000000, 0x000000008a100000, 0x000000008a100000|100%| O|  |TAMS 0x000000008a100000, 0x000000008a000000| Complete 
| 161|0x000000008a100000, 0x000000008a100000, 0x000000008a200000|  0%| F|  |TAMS 0x000000008a100000, 0x000000008a100000| Untracked 
| 162|0x000000008a200000, 0x000000008a300000, 0x000000008a300000|100%|HS|  |TAMS 0x000000008a300000, 0x000000008a200000| Complete 
| 163|0x000000008a300000, 0x000000008a400000, 0x000000008a400000|100%|HC|  |TAMS 0x000000008a400000, 0x000000008a300000| Complete 
| 164|0x000000008a400000, 0x000000008a500000, 0x000000008a500000|100%|HC|  |TAMS 0x000000008a500000, 0x000000008a400000| Complete 
| 165|0x000000008a500000, 0x000000008a600000, 0x000000008a600000|100%|HC|  |TAMS 0x000000008a600000, 0x000000008a500000| Complete 
| 166|0x000000008a600000, 0x000000008a600000, 0x000000008a700000|  0%| F|  |TAMS 0x000000008a600000, 0x000000008a600000| Untracked 
| 167|0x000000008a700000, 0x000000008a800000, 0x000000008a800000|100%| O|  |TAMS 0x000000008a800000, 0x000000008a700000| Untracked 
| 168|0x000000008a800000, 0x000000008a900000, 0x000000008a900000|100%| O|  |TAMS 0x000000008a900000, 0x000000008a800000| Untracked 
| 169|0x000000008a900000, 0x000000008aa00000, 0x000000008aa00000|100%| O|  |TAMS 0x000000008aa00000, 0x000000008a900000| Untracked 
| 170|0x000000008aa00000, 0x000000008ab00000, 0x000000008ab00000|100%| O|  |TAMS 0x000000008ab00000, 0x000000008aa00000| Complete 
| 171|0x000000008ab00000, 0x000000008ac00000, 0x000000008ac00000|100%|HS|  |TAMS 0x000000008ac00000, 0x000000008ab00000| Complete 
| 172|0x000000008ac00000, 0x000000008ad00000, 0x000000008ad00000|100%|HC|  |TAMS 0x000000008ad00000, 0x000000008ac00000| Complete 
| 173|0x000000008ad00000, 0x000000008ae00000, 0x000000008ae00000|100%|HC|  |TAMS 0x000000008ae00000, 0x000000008ad00000| Complete 
| 174|0x000000008ae00000, 0x000000008af00000, 0x000000008af00000|100%|HS|  |TAMS 0x000000008af00000, 0x000000008ae00000| Complete 
| 175|0x000000008af00000, 0x000000008b000000, 0x000000008b000000|100%|HC|  |TAMS 0x000000008b000000, 0x000000008af00000| Complete 
| 176|0x000000008b000000, 0x000000008b100000, 0x000000008b100000|100%|HC|  |TAMS 0x000000008b100000, 0x000000008b000000| Complete 
| 177|0x000000008b100000, 0x000000008b200000, 0x000000008b200000|100%|HC|  |TAMS 0x000000008b200000, 0x000000008b100000| Complete 
| 178|0x000000008b200000, 0x000000008b300000, 0x000000008b300000|100%| O|  |TAMS 0x000000008b300000, 0x000000008b200000| Complete 
| 179|0x000000008b300000, 0x000000008b400000, 0x000000008b400000|100%| O|  |TAMS 0x000000008b400000, 0x000000008b300000| Complete 
| 180|0x000000008b400000, 0x000000008b500000, 0x000000008b500000|100%| O|  |TAMS 0x000000008b500000, 0x000000008b400000| Complete 
| 181|0x000000008b500000, 0x000000008b600000, 0x000000008b600000|100%| O|  |TAMS 0x000000008b600000, 0x000000008b500000| Untracked 
| 182|0x000000008b600000, 0x000000008b700000, 0x000000008b700000|100%| O|  |TAMS 0x000000008b700000, 0x000000008b600000| Untracked 
| 183|0x000000008b700000, 0x000000008b800000, 0x000000008b800000|100%| O|  |TAMS 0x000000008b800000, 0x000000008b700000| Untracked 
| 184|0x000000008b800000, 0x000000008b900000, 0x000000008b900000|100%| O|  |TAMS 0x000000008b900000, 0x000000008b800000| Untracked 
| 185|0x000000008b900000, 0x000000008ba00000, 0x000000008ba00000|100%| O|  |TAMS 0x000000008ba00000, 0x000000008b900000| Untracked 
| 186|0x000000008ba00000, 0x000000008bb00000, 0x000000008bb00000|100%| O|  |TAMS 0x000000008bb00000, 0x000000008ba00000| Untracked 
| 187|0x000000008bb00000, 0x000000008bc00000, 0x000000008bc00000|100%| O|  |TAMS 0x000000008bc00000, 0x000000008bb00000| Complete 
| 188|0x000000008bc00000, 0x000000008bd00000, 0x000000008bd00000|100%| O|  |TAMS 0x000000008bd00000, 0x000000008bc00000| Untracked 
| 189|0x000000008bd00000, 0x000000008bd00000, 0x000000008be00000|  0%| F|  |TAMS 0x000000008bd00000, 0x000000008bd00000| Untracked 
| 190|0x000000008be00000, 0x000000008bf00000, 0x000000008bf00000|100%| O|  |TAMS 0x000000008bf00000, 0x000000008be00000| Untracked 
| 191|0x000000008bf00000, 0x000000008c000000, 0x000000008c000000|100%| O|  |TAMS 0x000000008c000000, 0x000000008bf00000| Untracked 
| 192|0x000000008c000000, 0x000000008c100000, 0x000000008c100000|100%| O|  |TAMS 0x000000008c100000, 0x000000008c000000| Untracked 
| 193|0x000000008c100000, 0x000000008c200000, 0x000000008c200000|100%| O|  |TAMS 0x000000008c200000, 0x000000008c100000| Complete 
| 194|0x000000008c200000, 0x000000008c300000, 0x000000008c300000|100%| O|  |TAMS 0x000000008c300000, 0x000000008c200000| Untracked 
| 195|0x000000008c300000, 0x000000008c400000, 0x000000008c400000|100%| O|  |TAMS 0x000000008c400000, 0x000000008c300000| Untracked 
| 196|0x000000008c400000, 0x000000008c500000, 0x000000008c500000|100%| O|  |TAMS 0x000000008c500000, 0x000000008c400000| Untracked 
| 197|0x000000008c500000, 0x000000008c600000, 0x000000008c600000|100%| O|  |TAMS 0x000000008c600000, 0x000000008c500000| Untracked 
| 198|0x000000008c600000, 0x000000008c700000, 0x000000008c700000|100%| O|  |TAMS 0x000000008c700000, 0x000000008c600000| Untracked 
| 199|0x000000008c700000, 0x000000008c800000, 0x000000008c800000|100%| O|  |TAMS 0x000000008c800000, 0x000000008c700000| Untracked 
| 200|0x000000008c800000, 0x000000008c900000, 0x000000008c900000|100%| O|  |TAMS 0x000000008c900000, 0x000000008c800000| Untracked 
| 201|0x000000008c900000, 0x000000008ca00000, 0x000000008ca00000|100%| O|  |TAMS 0x000000008ca00000, 0x000000008c900000| Untracked 
| 202|0x000000008ca00000, 0x000000008cb00000, 0x000000008cb00000|100%| O|  |TAMS 0x000000008cb00000, 0x000000008ca00000| Untracked 
| 203|0x000000008cb00000, 0x000000008cc00000, 0x000000008cc00000|100%| O|  |TAMS 0x000000008cc00000, 0x000000008cb00000| Untracked 
| 204|0x000000008cc00000, 0x000000008cd00000, 0x000000008cd00000|100%| O|  |TAMS 0x000000008cd00000, 0x000000008cc00000| Untracked 
| 205|0x000000008cd00000, 0x000000008ce00000, 0x000000008ce00000|100%| O|  |TAMS 0x000000008ce00000, 0x000000008cd00000| Untracked 
| 206|0x000000008ce00000, 0x000000008cf00000, 0x000000008cf00000|100%| O|  |TAMS 0x000000008cf00000, 0x000000008ce00000| Untracked 
| 207|0x000000008cf00000, 0x000000008d000000, 0x000000008d000000|100%| O|  |TAMS 0x000000008d000000, 0x000000008cf00000| Untracked 
| 208|0x000000008d000000, 0x000000008d100000, 0x000000008d100000|100%| O|  |TAMS 0x000000008d100000, 0x000000008d000000| Untracked 
| 209|0x000000008d100000, 0x000000008d200000, 0x000000008d200000|100%| O|  |TAMS 0x000000008d200000, 0x000000008d100000| Untracked 
| 210|0x000000008d200000, 0x000000008d300000, 0x000000008d300000|100%| O|  |TAMS 0x000000008d300000, 0x000000008d200000| Untracked 
| 211|0x000000008d300000, 0x000000008d400000, 0x000000008d400000|100%| O|  |TAMS 0x000000008d400000, 0x000000008d300000| Untracked 
| 212|0x000000008d400000, 0x000000008d500000, 0x000000008d500000|100%| O|  |TAMS 0x000000008d500000, 0x000000008d400000| Complete 
| 213|0x000000008d500000, 0x000000008d600000, 0x000000008d600000|100%| O|  |TAMS 0x000000008d600000, 0x000000008d500000| Untracked 
| 214|0x000000008d600000, 0x000000008d700000, 0x000000008d700000|100%| O|  |TAMS 0x000000008d700000, 0x000000008d600000| Untracked 
| 215|0x000000008d700000, 0x000000008d800000, 0x000000008d800000|100%| O|  |TAMS 0x000000008d800000, 0x000000008d700000| Complete 
| 216|0x000000008d800000, 0x000000008d900000, 0x000000008d900000|100%| O|  |TAMS 0x000000008d900000, 0x000000008d800000| Untracked 
| 217|0x000000008d900000, 0x000000008da00000, 0x000000008da00000|100%| O|  |TAMS 0x000000008da00000, 0x000000008d900000| Untracked 
| 218|0x000000008da00000, 0x000000008db00000, 0x000000008db00000|100%|HS|  |TAMS 0x000000008db00000, 0x000000008da00000| Complete 
| 219|0x000000008db00000, 0x000000008dc00000, 0x000000008dc00000|100%|HC|  |TAMS 0x000000008dc00000, 0x000000008db00000| Complete 
| 220|0x000000008dc00000, 0x000000008dd00000, 0x000000008dd00000|100%| O|  |TAMS 0x000000008dd00000, 0x000000008dc00000| Untracked 
| 221|0x000000008dd00000, 0x000000008de00000, 0x000000008de00000|100%| O|  |TAMS 0x000000008de00000, 0x000000008dd00000| Complete 
| 222|0x000000008de00000, 0x000000008df00000, 0x000000008df00000|100%| O|  |TAMS 0x000000008df00000, 0x000000008de00000| Untracked 
| 223|0x000000008df00000, 0x000000008e000000, 0x000000008e000000|100%| O|  |TAMS 0x000000008e000000, 0x000000008df00000| Untracked 
| 224|0x000000008e000000, 0x000000008e100000, 0x000000008e100000|100%| O|  |TAMS 0x000000008e0eda00, 0x000000008e000000| Untracked 
| 225|0x000000008e100000, 0x000000008e100000, 0x000000008e200000|  0%| F|  |TAMS 0x000000008e100000, 0x000000008e100000| Untracked 
| 226|0x000000008e200000, 0x000000008e200000, 0x000000008e300000|  0%| F|  |TAMS 0x000000008e200000, 0x000000008e200000| Untracked 
| 227|0x000000008e300000, 0x000000008e300000, 0x000000008e400000|  0%| F|  |TAMS 0x000000008e300000, 0x000000008e300000| Untracked 
| 228|0x000000008e400000, 0x000000008e400000, 0x000000008e500000|  0%| F|  |TAMS 0x000000008e400000, 0x000000008e400000| Untracked 
| 229|0x000000008e500000, 0x000000008e500000, 0x000000008e600000|  0%| F|  |TAMS 0x000000008e500000, 0x000000008e500000| Untracked 
| 230|0x000000008e600000, 0x000000008e600000, 0x000000008e700000|  0%| F|  |TAMS 0x000000008e600000, 0x000000008e600000| Untracked 
| 231|0x000000008e700000, 0x000000008e700000, 0x000000008e800000|  0%| F|  |TAMS 0x000000008e700000, 0x000000008e700000| Untracked 
| 232|0x000000008e800000, 0x000000008e800000, 0x000000008e900000|  0%| F|  |TAMS 0x000000008e800000, 0x000000008e800000| Untracked 
| 233|0x000000008e900000, 0x000000008e900000, 0x000000008ea00000|  0%| F|  |TAMS 0x000000008e900000, 0x000000008e900000| Untracked 
| 234|0x000000008ea00000, 0x000000008ea00000, 0x000000008eb00000|  0%| F|  |TAMS 0x000000008ea00000, 0x000000008ea00000| Untracked 
| 235|0x000000008eb00000, 0x000000008eb00000, 0x000000008ec00000|  0%| F|  |TAMS 0x000000008eb00000, 0x000000008eb00000| Untracked 
| 236|0x000000008ec00000, 0x000000008ec00000, 0x000000008ed00000|  0%| F|  |TAMS 0x000000008ec00000, 0x000000008ec00000| Untracked 
| 237|0x000000008ed00000, 0x000000008ed00000, 0x000000008ee00000|  0%| F|  |TAMS 0x000000008ed00000, 0x000000008ed00000| Untracked 
| 238|0x000000008ee00000, 0x000000008ee00000, 0x000000008ef00000|  0%| F|  |TAMS 0x000000008ee00000, 0x000000008ee00000| Untracked 
| 239|0x000000008ef00000, 0x000000008ef00000, 0x000000008f000000|  0%| F|  |TAMS 0x000000008ef00000, 0x000000008ef00000| Untracked 
| 240|0x000000008f000000, 0x000000008f000000, 0x000000008f100000|  0%| F|  |TAMS 0x000000008f000000, 0x000000008f000000| Untracked 
| 241|0x000000008f100000, 0x000000008f100000, 0x000000008f200000|  0%| F|  |TAMS 0x000000008f100000, 0x000000008f100000| Untracked 
| 242|0x000000008f200000, 0x000000008f200000, 0x000000008f300000|  0%| F|  |TAMS 0x000000008f200000, 0x000000008f200000| Untracked 
| 243|0x000000008f300000, 0x000000008f300000, 0x000000008f400000|  0%| F|  |TAMS 0x000000008f300000, 0x000000008f300000| Untracked 
| 244|0x000000008f400000, 0x000000008f400000, 0x000000008f500000|  0%| F|  |TAMS 0x000000008f400000, 0x000000008f400000| Untracked 
| 245|0x000000008f500000, 0x000000008f500000, 0x000000008f600000|  0%| F|  |TAMS 0x000000008f500000, 0x000000008f500000| Untracked 
| 246|0x000000008f600000, 0x000000008f600000, 0x000000008f700000|  0%| F|  |TAMS 0x000000008f600000, 0x000000008f600000| Untracked 
| 247|0x000000008f700000, 0x000000008f700000, 0x000000008f800000|  0%| F|  |TAMS 0x000000008f700000, 0x000000008f700000| Untracked 
| 248|0x000000008f800000, 0x000000008f800000, 0x000000008f900000|  0%| F|  |TAMS 0x000000008f800000, 0x000000008f800000| Untracked 
| 249|0x000000008f900000, 0x000000008f900000, 0x000000008fa00000|  0%| F|  |TAMS 0x000000008f900000, 0x000000008f900000| Untracked 
| 250|0x000000008fa00000, 0x000000008fa00000, 0x000000008fb00000|  0%| F|  |TAMS 0x000000008fa00000, 0x000000008fa00000| Untracked 
| 251|0x000000008fb00000, 0x000000008fb00000, 0x000000008fc00000|  0%| F|  |TAMS 0x000000008fb00000, 0x000000008fb00000| Untracked 
| 252|0x000000008fc00000, 0x000000008fc00000, 0x000000008fd00000|  0%| F|  |TAMS 0x000000008fc00000, 0x000000008fc00000| Untracked 
| 253|0x000000008fd00000, 0x000000008fd00000, 0x000000008fe00000|  0%| F|  |TAMS 0x000000008fd00000, 0x000000008fd00000| Untracked 
| 254|0x000000008fe00000, 0x000000008fe00000, 0x000000008ff00000|  0%| F|  |TAMS 0x000000008fe00000, 0x000000008fe00000| Untracked 
| 255|0x000000008ff00000, 0x000000008ff00000, 0x0000000090000000|  0%| F|  |TAMS 0x000000008ff00000, 0x000000008ff00000| Untracked 
| 256|0x0000000090000000, 0x0000000090000000, 0x0000000090100000|  0%| F|  |TAMS 0x0000000090000000, 0x0000000090000000| Untracked 
| 257|0x0000000090100000, 0x0000000090100000, 0x0000000090200000|  0%| F|  |TAMS 0x0000000090100000, 0x0000000090100000| Untracked 
| 258|0x0000000090200000, 0x0000000090200000, 0x0000000090300000|  0%| F|  |TAMS 0x0000000090200000, 0x0000000090200000| Untracked 
| 259|0x0000000090300000, 0x0000000090300000, 0x0000000090400000|  0%| F|  |TAMS 0x0000000090300000, 0x0000000090300000| Untracked 
| 260|0x0000000090400000, 0x0000000090400000, 0x0000000090500000|  0%| F|  |TAMS 0x0000000090400000, 0x0000000090400000| Untracked 
| 261|0x0000000090500000, 0x0000000090500000, 0x0000000090600000|  0%| F|  |TAMS 0x0000000090500000, 0x0000000090500000| Untracked 
| 262|0x0000000090600000, 0x0000000090600000, 0x0000000090700000|  0%| F|  |TAMS 0x0000000090600000, 0x0000000090600000| Untracked 
| 263|0x0000000090700000, 0x0000000090700000, 0x0000000090800000|  0%| F|  |TAMS 0x0000000090700000, 0x0000000090700000| Untracked 
| 264|0x0000000090800000, 0x0000000090800000, 0x0000000090900000|  0%| F|  |TAMS 0x0000000090800000, 0x0000000090800000| Untracked 
| 265|0x0000000090900000, 0x0000000090900000, 0x0000000090a00000|  0%| F|  |TAMS 0x0000000090900000, 0x0000000090900000| Untracked 
| 266|0x0000000090a00000, 0x0000000090a00000, 0x0000000090b00000|  0%| F|  |TAMS 0x0000000090a00000, 0x0000000090a00000| Untracked 
| 267|0x0000000090b00000, 0x0000000090b00000, 0x0000000090c00000|  0%| F|  |TAMS 0x0000000090b00000, 0x0000000090b00000| Untracked 
| 268|0x0000000090c00000, 0x0000000090c00000, 0x0000000090d00000|  0%| F|  |TAMS 0x0000000090c00000, 0x0000000090c00000| Untracked 
| 269|0x0000000090d00000, 0x0000000090d00000, 0x0000000090e00000|  0%| F|  |TAMS 0x0000000090d00000, 0x0000000090d00000| Untracked 
| 270|0x0000000090e00000, 0x0000000090e00000, 0x0000000090f00000|  0%| F|  |TAMS 0x0000000090e00000, 0x0000000090e00000| Untracked 
| 271|0x0000000090f00000, 0x0000000090f00000, 0x0000000091000000|  0%| F|  |TAMS 0x0000000090f00000, 0x0000000090f00000| Untracked 
| 272|0x0000000091000000, 0x00000000910ad1c0, 0x0000000091100000| 67%| S|CS|TAMS 0x0000000091000000, 0x0000000091000000| Complete 
| 273|0x0000000091100000, 0x0000000091100000, 0x0000000091200000|  0%| F|  |TAMS 0x0000000091100000, 0x0000000091100000| Untracked 
| 274|0x0000000091200000, 0x0000000091200000, 0x0000000091300000|  0%| F|  |TAMS 0x0000000091200000, 0x0000000091200000| Untracked 
| 275|0x0000000091300000, 0x0000000091300000, 0x0000000091400000|  0%| F|  |TAMS 0x0000000091300000, 0x0000000091300000| Untracked 
| 276|0x0000000091400000, 0x0000000091400000, 0x0000000091500000|  0%| F|  |TAMS 0x0000000091400000, 0x0000000091400000| Untracked 
| 277|0x0000000091500000, 0x0000000091500000, 0x0000000091600000|  0%| F|  |TAMS 0x0000000091500000, 0x0000000091500000| Untracked 
| 278|0x0000000091600000, 0x0000000091600000, 0x0000000091700000|  0%| F|  |TAMS 0x0000000091600000, 0x0000000091600000| Untracked 
| 279|0x0000000091700000, 0x0000000091700000, 0x0000000091800000|  0%| F|  |TAMS 0x0000000091700000, 0x0000000091700000| Untracked 
| 280|0x0000000091800000, 0x0000000091800000, 0x0000000091900000|  0%| F|  |TAMS 0x0000000091800000, 0x0000000091800000| Untracked 
| 281|0x0000000091900000, 0x0000000091900000, 0x0000000091a00000|  0%| F|  |TAMS 0x0000000091900000, 0x0000000091900000| Untracked 
| 282|0x0000000091a00000, 0x0000000091a00000, 0x0000000091b00000|  0%| F|  |TAMS 0x0000000091a00000, 0x0000000091a00000| Untracked 
| 283|0x0000000091b00000, 0x0000000091b00000, 0x0000000091c00000|  0%| F|  |TAMS 0x0000000091b00000, 0x0000000091b00000| Untracked 
| 284|0x0000000091c00000, 0x0000000091c00000, 0x0000000091d00000|  0%| F|  |TAMS 0x0000000091c00000, 0x0000000091c00000| Untracked 
| 285|0x0000000091d00000, 0x0000000091d00000, 0x0000000091e00000|  0%| F|  |TAMS 0x0000000091d00000, 0x0000000091d00000| Untracked 
| 286|0x0000000091e00000, 0x0000000091e00000, 0x0000000091f00000|  0%| F|  |TAMS 0x0000000091e00000, 0x0000000091e00000| Untracked 
| 287|0x0000000091f00000, 0x0000000091f82b98, 0x0000000092000000| 51%| E|  |TAMS 0x0000000091f00000, 0x0000000091f00000| Complete 
| 288|0x0000000092000000, 0x0000000092100000, 0x0000000092100000|100%| E|  |TAMS 0x0000000092000000, 0x0000000092000000| Complete 
| 289|0x0000000092100000, 0x0000000092200000, 0x0000000092200000|100%| E|CS|TAMS 0x0000000092100000, 0x0000000092100000| Complete 
| 290|0x0000000092200000, 0x0000000092300000, 0x0000000092300000|100%| E|CS|TAMS 0x0000000092200000, 0x0000000092200000| Complete 
| 291|0x0000000092300000, 0x0000000092400000, 0x0000000092400000|100%| E|CS|TAMS 0x0000000092300000, 0x0000000092300000| Complete 
| 292|0x0000000092400000, 0x0000000092500000, 0x0000000092500000|100%| E|CS|TAMS 0x0000000092400000, 0x0000000092400000| Complete 
| 293|0x0000000092500000, 0x0000000092600000, 0x0000000092600000|100%| E|CS|TAMS 0x0000000092500000, 0x0000000092500000| Complete 
| 294|0x0000000092600000, 0x0000000092700000, 0x0000000092700000|100%| E|CS|TAMS 0x0000000092600000, 0x0000000092600000| Complete 
| 295|0x0000000092700000, 0x0000000092800000, 0x0000000092800000|100%| E|CS|TAMS 0x0000000092700000, 0x0000000092700000| Complete 

Card table byte_map: [0x00000193b46d0000,0x00000193b4ad0000] _byte_map_base: 0x00000193b42d0000

Marking Bits (Prev, Next): (CMBitMap*) 0x00000193a11cb780, (CMBitMap*) 0x00000193a11cb748
 Prev Bits: [0x00000193b6ed0000, 0x00000193b8ed0000)
 Next Bits: [0x00000193b4ed0000, 0x00000193b6ed0000)

Polling page: 0x000001939fb30000

Metaspace:

Usage:
  Non-class:    195.55 MB capacity,   192.34 MB ( 98%) used,     2.61 MB (  1%) free+waste,   615.63 KB ( <1%) overhead. 
      Class:     29.25 MB capacity,    27.37 MB ( 94%) used,     1.62 MB (  6%) free+waste,   262.75 KB ( <1%) overhead. 
       Both:    224.80 MB capacity,   219.71 MB ( 98%) used,     4.23 MB (  2%) free+waste,   878.38 KB ( <1%) overhead. 

Virtual space:
  Non-class space:      196.00 MB reserved,     195.87 MB (>99%) committed 
      Class space:        1.00 GB reserved,      29.38 MB (  3%) committed 
             Both:        1.19 GB reserved,     225.25 MB ( 18%) committed 

Chunk freelists:
   Non-Class:  138.00 KB
       Class:  33.00 KB
        Both:  171.00 KB

MaxMetaspaceSize: 17179869184.00 GB
CompressedClassSpaceSize: 1.00 GB
Initial GC threshold: 20.80 MB
Current GC threshold: 375.00 MB
CDS: off

CodeHeap 'non-profiled nmethods': size=120064Kb used=20732Kb max_used=20732Kb free=99331Kb
 bounds [0x00000193ac760000, 0x00000193adba0000, 0x00000193b3ca0000]
CodeHeap 'profiled nmethods': size=120000Kb used=62166Kb max_used=62217Kb free=57833Kb
 bounds [0x00000193a5230000, 0x00000193a8f50000, 0x00000193ac760000]
CodeHeap 'non-nmethods': size=5696Kb used=2569Kb max_used=2644Kb free=3126Kb
 bounds [0x00000193a4ca0000, 0x00000193a4f40000, 0x00000193a5230000]
 total_blobs=28330 nmethods=27211 adapters=1030
 compilation: enabled
              stopped_count=0, restarted_count=0
 full_count=0

Compilation events (20 events):
Event: 3544.505 Thread 0x00000193be3fd000 nmethod 31726 0x00000193ac97a110 code [0x00000193ac97a2a0, 0x00000193ac97a358]
Event: 3544.505 Thread 0x00000193be3fd000 31727       4       org.gradle.api.internal.tasks.compile.incremental.compilerapi.deps.DependentsSet::merge (230 bytes)
Event: 3544.506 Thread 0x00000193bbd7b000 nmethod 31720 0x00000193ac979810 code [0x00000193ac9799e0, 0x00000193ac979e48]
Event: 3544.507 Thread 0x00000193bbd7b000 31728       4       com.google.common.collect.AbstractMapBasedMultimap$AsMap$AsMapIterator::next (5 bytes)
Event: 3544.573 Thread 0x00000193bbd7b000 nmethod 31728 0x00000193adb9c110 code [0x00000193adb9c320, 0x00000193adb9d418]
Event: 3544.574 Thread 0x00000193bbd7b000 31729       4       com.google.common.collect.Sets$3$1::computeNext (48 bytes)
Event: 3544.607 Thread 0x00000193bbd7b000 nmethod 31729 0x00000193adb9da10 code [0x00000193adb9dc00, 0x00000193adb9e438]
Event: 3544.607 Thread 0x00000193bbd7b000 31731       4       com.google.common.collect.RegularImmutableMap$KeySet::contains (9 bytes)
Event: 3544.614 Thread 0x00000193bbd7b000 nmethod 31731 0x00000193ac979290 code [0x00000193ac979440, 0x00000193ac979618]
Event: 3544.614 Thread 0x00000193bbd7b000 31730       4       org.gradle.api.internal.tasks.compile.incremental.deps.ClassSetAnalysisData::getDependents (91 bytes)
Event: 3544.624 Thread 0x00000193bbe1c000 31733       3       org.gradle.api.internal.file.pattern.FixedStepPathMatcher::isPrefix (49 bytes)
Event: 3544.624 Thread 0x00000193bbe1c000 nmethod 31733 0x00000193a7de9c90 code [0x00000193a7de9e60, 0x00000193a7dea218]
Event: 3544.641 Thread 0x00000193bbe1c000 31734       1       com.android.build.api.variant.impl.SourceDirectoriesImpl::access$getVariantServices$p (5 bytes)
Event: 3544.642 Thread 0x00000193bbe1c000 nmethod 31734 0x00000193ac978f90 code [0x00000193ac979140, 0x00000193ac9791d8]
Event: 3544.647 Thread 0x00000193bbd7b000 nmethod 31730 0x00000193adb9e990 code [0x00000193adb9eb60, 0x00000193adb9f378]
Event: 3544.647 Thread 0x00000193bbd7b000 31732       4       org.gradle.api.tasks.util.PatternSet::copyFrom (9 bytes)
Event: 3544.670 Thread 0x00000193bbe1c000 31738       3       java.util.JumboEnumSet::add (72 bytes)
Event: 3544.670 Thread 0x00000193bbe1c000 nmethod 31738 0x00000193a7bc4110 code [0x00000193a7bc42e0, 0x00000193a7bc4548]
Event: 3544.670 Thread 0x00000193bbe1c000 31739       3       com.sun.tools.javac.main.Option::hasArg (16 bytes)
Event: 3544.671 Thread 0x00000193bbe1c000 nmethod 31739 0x00000193a7cb6190 code [0x00000193a7cb6340, 0x00000193a7cb64b8]

GC Heap History (20 events):
Event: 3524.026 GC heap before
{Heap before GC invocations=108 (full 0):
 garbage-first heap   total 303104K, used 257696K [0x0000000080000000, 0x0000000100000000)
  region size 1024K, 34 young (34816K), 5 survivors (5120K)
 Metaspace       used 218660K, capacity 223613K, committed 224252K, reserved 1245184K
  class space    used 27526K, capacity 29394K, committed 29568K, reserved 1048576K
}
Event: 3524.052 GC heap after
{Heap after GC invocations=109 (full 0):
 garbage-first heap   total 303104K, used 233152K [0x0000000080000000, 0x0000000100000000)
  region size 1024K, 5 young (5120K), 5 survivors (5120K)
 Metaspace       used 218660K, capacity 223613K, committed 224252K, reserved 1245184K
  class space    used 27526K, capacity 29394K, committed 29568K, reserved 1048576K
}
Event: 3524.292 GC heap before
{Heap before GC invocations=109 (full 0):
 garbage-first heap   total 303104K, used 241344K [0x0000000080000000, 0x0000000100000000)
  region size 1024K, 14 young (14336K), 5 survivors (5120K)
 Metaspace       used 218702K, capacity 223677K, committed 224508K, reserved 1245184K
  class space    used 27526K, capacity 29394K, committed 29568K, reserved 1048576K
}
Event: 3524.323 GC heap after
{Heap after GC invocations=110 (full 0):
 garbage-first heap   total 303104K, used 218609K [0x0000000080000000, 0x0000000100000000)
  region size 1024K, 1 young (1024K), 1 survivors (1024K)
 Metaspace       used 218702K, capacity 223677K, committed 224508K, reserved 1245184K
  class space    used 27526K, capacity 29394K, committed 29568K, reserved 1048576K
}
Event: 3525.353 GC heap before
{Heap before GC invocations=110 (full 0):
 garbage-first heap   total 303104K, used 251377K [0x0000000080000000, 0x0000000100000000)
  region size 1024K, 33 young (33792K), 1 survivors (1024K)
 Metaspace       used 219685K, capacity 224647K, committed 225404K, reserved 1245184K
  class space    used 27638K, capacity 29501K, committed 29696K, reserved 1048576K
}
Event: 3525.366 GC heap after
{Heap after GC invocations=111 (full 0):
 garbage-first heap   total 303104K, used 221249K [0x0000000080000000, 0x0000000100000000)
  region size 1024K, 4 young (4096K), 4 survivors (4096K)
 Metaspace       used 219685K, capacity 224647K, committed 225404K, reserved 1245184K
  class space    used 27638K, capacity 29501K, committed 29696K, reserved 1048576K
}
Event: 3530.500 GC heap before
{Heap before GC invocations=112 (full 0):
 garbage-first heap   total 303104K, used 250945K [0x0000000080000000, 0x0000000100000000)
  region size 1024K, 36 young (36864K), 4 survivors (4096K)
 Metaspace       used 220516K, capacity 225557K, committed 225916K, reserved 1245184K
  class space    used 27747K, capacity 29636K, committed 29696K, reserved 1048576K
}
Event: 3530.523 GC heap after
{Heap after GC invocations=113 (full 0):
 garbage-first heap   total 303104K, used 226304K [0x0000000080000000, 0x0000000100000000)
  region size 1024K, 5 young (5120K), 5 survivors (5120K)
 Metaspace       used 220516K, capacity 225557K, committed 225916K, reserved 1245184K
  class space    used 27747K, capacity 29636K, committed 29696K, reserved 1048576K
}
Event: 3530.740 GC heap before
{Heap before GC invocations=113 (full 0):
 garbage-first heap   total 303104K, used 234496K [0x0000000080000000, 0x0000000100000000)
  region size 1024K, 14 young (14336K), 5 survivors (5120K)
 Metaspace       used 220710K, capacity 225823K, committed 226300K, reserved 1245184K
  class space    used 27770K, capacity 29679K, committed 29824K, reserved 1048576K
}
Event: 3530.764 GC heap after
{Heap after GC invocations=114 (full 0):
 garbage-first heap   total 303104K, used 217547K [0x0000000080000000, 0x0000000100000000)
  region size 1024K, 1 young (1024K), 1 survivors (1024K)
 Metaspace       used 220710K, capacity 225823K, committed 226300K, reserved 1245184K
  class space    used 27770K, capacity 29679K, committed 29824K, reserved 1048576K
}
Event: 3530.970 GC heap before
{Heap before GC invocations=114 (full 0):
 garbage-first heap   total 303104K, used 220619K [0x0000000080000000, 0x0000000100000000)
  region size 1024K, 6 young (6144K), 1 survivors (1024K)
 Metaspace       used 221515K, capacity 226585K, committed 227068K, reserved 1247232K
  class space    used 27827K, capacity 29717K, committed 29824K, reserved 1048576K
}
Event: 3530.979 GC heap after
{Heap after GC invocations=115 (full 0):
 garbage-first heap   total 303104K, used 218133K [0x0000000080000000, 0x0000000100000000)
  region size 1024K, 2 young (2048K), 2 survivors (2048K)
 Metaspace       used 221515K, capacity 226585K, committed 227068K, reserved 1247232K
  class space    used 27827K, capacity 29717K, committed 29824K, reserved 1048576K
}
Event: 3532.045 GC heap before
{Heap before GC invocations=116 (full 0):
 garbage-first heap   total 303104K, used 254997K [0x0000000080000000, 0x0000000100000000)
  region size 1024K, 32 young (32768K), 2 survivors (2048K)
 Metaspace       used 222609K, capacity 227764K, committed 228092K, reserved 1247232K
  class space    used 27870K, capacity 29789K, committed 29824K, reserved 1048576K
}
Event: 3532.064 GC heap after
{Heap after GC invocations=117 (full 0):
 garbage-first heap   total 303104K, used 226982K [0x0000000080000000, 0x0000000100000000)
  region size 1024K, 4 young (4096K), 4 survivors (4096K)
 Metaspace       used 222609K, capacity 227764K, committed 228092K, reserved 1247232K
  class space    used 27870K, capacity 29789K, committed 29824K, reserved 1048576K
}
Event: 3532.285 GC heap before
{Heap before GC invocations=117 (full 0):
 garbage-first heap   total 303104K, used 237222K [0x0000000080000000, 0x0000000100000000)
  region size 1024K, 14 young (14336K), 4 survivors (4096K)
 Metaspace       used 222631K, capacity 227764K, committed 228092K, reserved 1247232K
  class space    used 27870K, capacity 29789K, committed 29824K, reserved 1048576K
}
Event: 3532.305 GC heap after
{Heap after GC invocations=118 (full 0):
 garbage-first heap   total 303104K, used 227254K [0x0000000080000000, 0x0000000100000000)
  region size 1024K, 2 young (2048K), 2 survivors (2048K)
 Metaspace       used 222631K, capacity 227764K, committed 228092K, reserved 1247232K
  class space    used 27870K, capacity 29789K, committed 29824K, reserved 1048576K
}
Event: 3532.440 GC heap before
{Heap before GC invocations=118 (full 0):
 garbage-first heap   total 303104K, used 232374K [0x0000000080000000, 0x0000000100000000)
  region size 1024K, 9 young (9216K), 2 survivors (2048K)
 Metaspace       used 223876K, capacity 229044K, committed 229244K, reserved 1249280K
  class space    used 27990K, capacity 29917K, committed 29952K, reserved 1048576K
}
Event: 3532.448 GC heap after
{Heap after GC invocations=119 (full 0):
 garbage-first heap   total 303104K, used 227944K [0x0000000080000000, 0x0000000100000000)
  region size 1024K, 3 young (3072K), 3 survivors (3072K)
 Metaspace       used 223876K, capacity 229044K, committed 229244K, reserved 1249280K
  class space    used 27990K, capacity 29917K, committed 29952K, reserved 1048576K
}
Event: 3544.276 GC heap before
{Heap before GC invocations=120 (full 0):
 garbage-first heap   total 303104K, used 244328K [0x0000000080000000, 0x0000000100000000)
  region size 1024K, 23 young (23552K), 3 survivors (3072K)
 Metaspace       used 224914K, capacity 230192K, committed 230652K, reserved 1249280K
  class space    used 28021K, capacity 29951K, committed 30080K, reserved 1048576K
}
Event: 3544.287 GC heap after
{Heap after GC invocations=121 (full 0):
 garbage-first heap   total 303104K, used 223815K [0x0000000080000000, 0x0000000100000000)
  region size 1024K, 1 young (1024K), 1 survivors (1024K)
 Metaspace       used 224914K, capacity 230192K, committed 230652K, reserved 1249280K
  class space    used 28021K, capacity 29951K, committed 30080K, reserved 1048576K
}

Deoptimization events (20 events):
Event: 3531.443 Thread 0x00000193beb46800 Uncommon trap: trap_request=0xffffff6e fr.pc=0x00000193ac7cb47c relative=0x000000000000145c
Event: 3531.443 Thread 0x00000193beb46800 Uncommon trap: reason=speculate_class_check action=maybe_recompile pc=0x00000193ac7cb47c method=jdk.nio.zipfs.ZipFileSystem.iteratorOf(Ljdk/nio/zipfs/ZipPath;Ljava/nio/file/DirectoryStream$Filter;)Ljava/util/Iterator; @ 15 c2
Event: 3531.443 Thread 0x00000193beb46800 DEOPT PACKING pc=0x00000193ac7cb47c sp=0x000000492f1fc950
Event: 3531.443 Thread 0x00000193beb46800 DEOPT UNPACKING pc=0x00000193a4cea1af sp=0x000000492f1fc928 mode 2
Event: 3531.443 Thread 0x00000193beb46800 Uncommon trap: trap_request=0xffffff6e fr.pc=0x00000193ac7cb47c relative=0x000000000000145c
Event: 3531.443 Thread 0x00000193beb46800 Uncommon trap: reason=speculate_class_check action=maybe_recompile pc=0x00000193ac7cb47c method=jdk.nio.zipfs.ZipFileSystem.iteratorOf(Ljdk/nio/zipfs/ZipPath;Ljava/nio/file/DirectoryStream$Filter;)Ljava/util/Iterator; @ 15 c2
Event: 3531.443 Thread 0x00000193beb46800 DEOPT PACKING pc=0x00000193ac7cb47c sp=0x000000492f1fc950
Event: 3531.443 Thread 0x00000193beb46800 DEOPT UNPACKING pc=0x00000193a4cea1af sp=0x000000492f1fc928 mode 2
Event: 3531.443 Thread 0x00000193beb46800 Uncommon trap: trap_request=0xffffff6e fr.pc=0x00000193ac7cb47c relative=0x000000000000145c
Event: 3531.443 Thread 0x00000193beb46800 Uncommon trap: reason=speculate_class_check action=maybe_recompile pc=0x00000193ac7cb47c method=jdk.nio.zipfs.ZipFileSystem.iteratorOf(Ljdk/nio/zipfs/ZipPath;Ljava/nio/file/DirectoryStream$Filter;)Ljava/util/Iterator; @ 15 c2
Event: 3531.443 Thread 0x00000193beb46800 DEOPT PACKING pc=0x00000193ac7cb47c sp=0x000000492f1fc950
Event: 3531.443 Thread 0x00000193beb46800 DEOPT UNPACKING pc=0x00000193a4cea1af sp=0x000000492f1fc928 mode 2
Event: 3531.672 Thread 0x00000193beb46800 DEOPT PACKING pc=0x00000193a72c6d5f sp=0x000000492f1fc630
Event: 3531.672 Thread 0x00000193beb46800 DEOPT UNPACKING pc=0x00000193a4cea95e sp=0x000000492f1fbb90 mode 0
Event: 3531.957 Thread 0x00000193beb46800 DEOPT PACKING pc=0x00000193a72c6d5f sp=0x000000492f1fc630
Event: 3531.957 Thread 0x00000193beb46800 DEOPT UNPACKING pc=0x00000193a4cea95e sp=0x000000492f1fbb90 mode 0
Event: 3532.847 Thread 0x00000193beb46800 DEOPT PACKING pc=0x00000193a71c9ff4 sp=0x000000492f1fb320
Event: 3532.847 Thread 0x00000193beb46800 DEOPT UNPACKING pc=0x00000193a4cea95e sp=0x000000492f1fa780 mode 0
Event: 3544.483 Thread 0x00000193c5b1d800 DEOPT PACKING pc=0x00000193a55c7939 sp=0x000000492f7fda10
Event: 3544.483 Thread 0x00000193c5b1d800 DEOPT UNPACKING pc=0x00000193a4cea95e sp=0x000000492f7fceb0 mode 0

Classes redefined (0 events):
No events

Internal exceptions (20 events):
Event: 3532.272 Thread 0x00000193beb46800 Exception <a 'sun/nio/fs/WindowsException'{0x0000000091e4feb8}> (0x0000000091e4feb8) thrown at [./src/hotspot/share/prims/jni.cpp, line 615]
Event: 3532.274 Thread 0x00000193beb46800 Exception <a 'sun/nio/fs/WindowsException'{0x0000000091e70ae8}> (0x0000000091e70ae8) thrown at [./src/hotspot/share/prims/jni.cpp, line 615]
Event: 3532.274 Thread 0x00000193beb46800 Exception <a 'sun/nio/fs/WindowsException'{0x0000000091e70b68}> (0x0000000091e70b68) thrown at [./src/hotspot/share/prims/jni.cpp, line 615]
Event: 3532.274 Thread 0x00000193beb46800 Exception <a 'sun/nio/fs/WindowsException'{0x0000000091e71fb8}> (0x0000000091e71fb8) thrown at [./src/hotspot/share/prims/jni.cpp, line 615]
Event: 3532.275 Thread 0x00000193beb46800 Exception <a 'sun/nio/fs/WindowsException'{0x0000000091e72038}> (0x0000000091e72038) thrown at [./src/hotspot/share/prims/jni.cpp, line 615]
Event: 3532.275 Thread 0x00000193beb46800 Exception <a 'sun/nio/fs/WindowsException'{0x0000000091e73450}> (0x0000000091e73450) thrown at [./src/hotspot/share/prims/jni.cpp, line 615]
Event: 3532.275 Thread 0x00000193beb46800 Exception <a 'sun/nio/fs/WindowsException'{0x0000000091e734d0}> (0x0000000091e734d0) thrown at [./src/hotspot/share/prims/jni.cpp, line 615]
Event: 3532.275 Thread 0x00000193beb46800 Exception <a 'sun/nio/fs/WindowsException'{0x0000000091e77690}> (0x0000000091e77690) thrown at [./src/hotspot/share/prims/jni.cpp, line 615]
Event: 3532.275 Thread 0x00000193beb46800 Exception <a 'sun/nio/fs/WindowsException'{0x0000000091e77710}> (0x0000000091e77710) thrown at [./src/hotspot/share/prims/jni.cpp, line 615]
Event: 3532.275 Thread 0x00000193beb46800 Exception <a 'sun/nio/fs/WindowsException'{0x0000000091e78ba0}> (0x0000000091e78ba0) thrown at [./src/hotspot/share/prims/jni.cpp, line 615]
Event: 3532.275 Thread 0x00000193beb46800 Exception <a 'sun/nio/fs/WindowsException'{0x0000000091e78c20}> (0x0000000091e78c20) thrown at [./src/hotspot/share/prims/jni.cpp, line 615]
Event: 3532.275 Thread 0x00000193beb46800 Exception <a 'sun/nio/fs/WindowsException'{0x0000000091e7a070}> (0x0000000091e7a070) thrown at [./src/hotspot/share/prims/jni.cpp, line 615]
Event: 3532.276 Thread 0x00000193beb46800 Exception <a 'sun/nio/fs/WindowsException'{0x0000000091e7a0f0}> (0x0000000091e7a0f0) thrown at [./src/hotspot/share/prims/jni.cpp, line 615]
Event: 3532.276 Thread 0x00000193beb46800 Exception <a 'sun/nio/fs/WindowsException'{0x0000000091e7fe00}> (0x0000000091e7fe00) thrown at [./src/hotspot/share/prims/jni.cpp, line 615]
Event: 3532.276 Thread 0x00000193beb46800 Exception <a 'sun/nio/fs/WindowsException'{0x0000000091e7fe80}> (0x0000000091e7fe80) thrown at [./src/hotspot/share/prims/jni.cpp, line 615]
Event: 3532.276 Thread 0x00000193beb46800 Exception <a 'sun/nio/fs/WindowsException'{0x0000000091e81378}> (0x0000000091e81378) thrown at [./src/hotspot/share/prims/jni.cpp, line 615]
Event: 3532.276 Thread 0x00000193beb46800 Exception <a 'sun/nio/fs/WindowsException'{0x0000000091e813f8}> (0x0000000091e813f8) thrown at [./src/hotspot/share/prims/jni.cpp, line 615]
Event: 3532.276 Thread 0x00000193beb46800 Exception <a 'sun/nio/fs/WindowsException'{0x0000000091e828a8}> (0x0000000091e828a8) thrown at [./src/hotspot/share/prims/jni.cpp, line 615]
Event: 3532.276 Thread 0x00000193beb46800 Exception <a 'sun/nio/fs/WindowsException'{0x0000000091e82928}> (0x0000000091e82928) thrown at [./src/hotspot/share/prims/jni.cpp, line 615]
Event: 3533.870 Thread 0x00000193beb41800 Exception <a 'java/lang/InterruptedException'{0x00000000916ce5c8}> (0x00000000916ce5c8) thrown at [./src/hotspot/share/runtime/objectMonitor.cpp, line 1635]

Events (20 events):
Event: 3540.546 Executing VM operation: RevokeBias
Event: 3540.546 Executing VM operation: RevokeBias done
Event: 3544.224 Executing VM operation: RevokeBias
Event: 3544.224 Executing VM operation: RevokeBias done
Event: 3544.276 Executing VM operation: G1CollectForAllocation
Event: 3544.287 Executing VM operation: G1CollectForAllocation done
Event: 3544.291 Executing VM operation: RevokeBias
Event: 3544.292 Executing VM operation: RevokeBias done
Event: 3544.292 Executing VM operation: RevokeBias
Event: 3544.292 Executing VM operation: RevokeBias done
Event: 3544.292 Executing VM operation: RevokeBias
Event: 3544.292 Executing VM operation: RevokeBias done
Event: 3544.301 Thread 0x00000193beb41800 Thread exited: 0x00000193beb41800
Event: 3544.364 loading class org/gradle/api/internal/tasks/compile/incremental/compilerapi/deps/DependentsSet$1
Event: 3544.364 loading class org/gradle/api/internal/tasks/compile/incremental/compilerapi/deps/DependentsSet$1 done
Event: 3544.375 Thread 0x00000193be3f9000 Thread added: 0x00000193be3f9000
Event: 3544.376 Thread 0x00000193be3f9800 Thread added: 0x00000193be3f9800
Event: 3544.376 Thread 0x00000193be3fb800 Thread added: 0x00000193be3fb800
Event: 3544.376 Thread 0x00000193be3fc000 Thread added: 0x00000193be3fc000
Event: 3544.389 Thread 0x00000193be3fd000 Thread added: 0x00000193be3fd000


Dynamic libraries:
0x00007ff745cb0000 - 0x00007ff745cba000 	C:\Program Files\Android\Android Studio\jre\bin\java.exe
0x00007ff8c8bb0000 - 0x00007ff8c8da5000 	C:\Windows\SYSTEM32\ntdll.dll
0x00007ff8c6d10000 - 0x00007ff8c6dce000 	C:\Windows\System32\KERNEL32.DLL
0x00007ff8c6710000 - 0x00007ff8c69d9000 	C:\Windows\System32\KERNELBASE.dll
0x00007ff8c64d0000 - 0x00007ff8c65d0000 	C:\Windows\System32\ucrtbase.dll
0x00007ff8be230000 - 0x00007ff8be247000 	C:\Program Files\Android\Android Studio\jre\bin\VCRUNTIME140.dll
0x00007ff8bba80000 - 0x00007ff8bba99000 	C:\Program Files\Android\Android Studio\jre\bin\jli.dll
0x00007ff8c7f80000 - 0x00007ff8c8121000 	C:\Windows\System32\USER32.dll
0x00007ff8c6a60000 - 0x00007ff8c6a82000 	C:\Windows\System32\win32u.dll
0x00007ff8c7850000 - 0x00007ff8c787b000 	C:\Windows\System32\GDI32.dll
0x00007ff8c6af0000 - 0x00007ff8c6bfb000 	C:\Windows\System32\gdi32full.dll
0x00007ff8c62d0000 - 0x00007ff8c636d000 	C:\Windows\System32\msvcp_win.dll
0x00007ff8adca0000 - 0x00007ff8adf3a000 	C:\Windows\WinSxS\amd64_microsoft.windows.common-controls_6595b64144ccf1df_6.0.19041.1110_none_60b5254171f9507e\COMCTL32.dll
0x00007ff8c89a0000 - 0x00007ff8c8a3e000 	C:\Windows\System32\msvcrt.dll
0x00007ff8c8140000 - 0x00007ff8c8170000 	C:\Windows\System32\IMM32.DLL
0x00007ff8b92e0000 - 0x00007ff8b937d000 	C:\Program Files\Android\Android Studio\jre\bin\msvcp140.dll
0x00007ff89b230000 - 0x00007ff89bd15000 	C:\Program Files\Android\Android Studio\jre\bin\server\jvm.dll
0x00007ff8c6f50000 - 0x00007ff8c6ffc000 	C:\Windows\System32\ADVAPI32.dll
0x00007ff8c77b0000 - 0x00007ff8c784b000 	C:\Windows\System32\sechost.dll
0x00007ff8c8a40000 - 0x00007ff8c8b6a000 	C:\Windows\System32\RPCRT4.dll
0x00007ff8c7ef0000 - 0x00007ff8c7ef8000 	C:\Windows\System32\PSAPI.DLL
0x00007ff8c14c0000 - 0x00007ff8c14c9000 	C:\Windows\SYSTEM32\WSOCK32.dll
0x00007ff8c7740000 - 0x00007ff8c77ab000 	C:\Windows\System32\WS2_32.dll
0x00007ff8c10e0000 - 0x00007ff8c1107000 	C:\Windows\SYSTEM32\WINMM.dll
0x00007ff8bf4c0000 - 0x00007ff8bf4ca000 	C:\Windows\SYSTEM32\VERSION.dll
0x00007ff8c41d0000 - 0x00007ff8c41e2000 	C:\Windows\SYSTEM32\kernel.appcore.dll
0x00007ff8b53f0000 - 0x00007ff8b5401000 	C:\Program Files\Android\Android Studio\jre\bin\verify.dll
0x00007ff8ae340000 - 0x00007ff8ae524000 	C:\Windows\SYSTEM32\DBGHELP.DLL
0x00007ff8b1a30000 - 0x00007ff8b1a5c000 	C:\Windows\SYSTEM32\dbgcore.DLL
0x00007ff8c65d0000 - 0x00007ff8c6653000 	C:\Windows\System32\bcryptPrimitives.dll
0x00007ff8b2eb0000 - 0x00007ff8b2ed9000 	C:\Program Files\Android\Android Studio\jre\bin\java.dll
0x00007ff8b3270000 - 0x00007ff8b327b000 	C:\Program Files\Android\Android Studio\jre\bin\jimage.dll
0x00007ff8b2b60000 - 0x00007ff8b2b78000 	C:\Program Files\Android\Android Studio\jre\bin\zip.dll
0x00007ff8c8170000 - 0x00007ff8c88af000 	C:\Windows\System32\SHELL32.dll
0x00007ff8c43d0000 - 0x00007ff8c4b60000 	C:\Windows\SYSTEM32\windows.storage.dll
0x00007ff8c7300000 - 0x00007ff8c7655000 	C:\Windows\System32\combase.dll
0x00007ff8c5d20000 - 0x00007ff8c5d4c000 	C:\Windows\SYSTEM32\Wldp.dll
0x00007ff8c6c60000 - 0x00007ff8c6d0e000 	C:\Windows\System32\SHCORE.dll
0x00007ff8c6ef0000 - 0x00007ff8c6f45000 	C:\Windows\System32\shlwapi.dll
0x00007ff8c6210000 - 0x00007ff8c622f000 	C:\Windows\SYSTEM32\profapi.dll
0x00007ff8b2aa0000 - 0x00007ff8b2aba000 	C:\Program Files\Android\Android Studio\jre\bin\net.dll
0x00007ff8b5a70000 - 0x00007ff8b5b78000 	C:\Windows\SYSTEM32\WINHTTP.dll
0x00007ff8c5a80000 - 0x00007ff8c5aea000 	C:\Windows\system32\mswsock.dll
0x00007ff8b2a80000 - 0x00007ff8b2a94000 	C:\Program Files\Android\Android Studio\jre\bin\nio.dll
0x00007ff8c1110000 - 0x00007ff8c1137000 	C:\Users\Ekaterina\.gradle\native\e1d6ef7f7dcc3fd88c89a11ec53ec762bb8ba0a96d01ffa2cd45eb1d1d8dd5c5\windows-amd64\native-platform.dll
0x00007ff8a79a0000 - 0x00007ff8a7ae4000 	C:\Users\Ekaterina\.gradle\native\5664cfc778a61ccfe75a443a1ab52a65af34e5dc3c78e0209fed803814484fcb\windows-amd64\native-platform-file-events.dll
0x00007ff8b2ea0000 - 0x00007ff8b2eaa000 	C:\Program Files\Android\Android Studio\jre\bin\management.dll
0x00007ff8b2b50000 - 0x00007ff8b2b5d000 	C:\Program Files\Android\Android Studio\jre\bin\management_ext.dll
0x00007ff8c5c70000 - 0x00007ff8c5c88000 	C:\Windows\SYSTEM32\CRYPTSP.dll
0x00007ff8c5390000 - 0x00007ff8c53c4000 	C:\Windows\system32\rsaenh.dll
0x00007ff8c69e0000 - 0x00007ff8c6a07000 	C:\Windows\System32\bcrypt.dll
0x00007ff8c6190000 - 0x00007ff8c61be000 	C:\Windows\SYSTEM32\USERENV.dll
0x00007ff8c5c90000 - 0x00007ff8c5c9c000 	C:\Windows\SYSTEM32\CRYPTBASE.dll
0x00007ff8c5720000 - 0x00007ff8c575b000 	C:\Windows\SYSTEM32\IPHLPAPI.DLL
0x00007ff8c8130000 - 0x00007ff8c8138000 	C:\Windows\System32\NSI.dll
0x00007ff8bdec0000 - 0x00007ff8bded7000 	C:\Windows\SYSTEM32\dhcpcsvc6.DLL
0x00007ff8bcd00000 - 0x00007ff8bcd1d000 	C:\Windows\SYSTEM32\dhcpcsvc.DLL
0x00007ff8c5770000 - 0x00007ff8c583c000 	C:\Windows\SYSTEM32\DNSAPI.dll
0x00007ff8b3040000 - 0x00007ff8b3067000 	C:\Program Files\Android\Android Studio\jre\bin\sunec.dll
0x00007ff8bcc90000 - 0x00007ff8bcc9a000 	C:\Windows\System32\rasadhlp.dll
0x00007ff8b5350000 - 0x00007ff8b53cf000 	C:\Windows\System32\fwpuclnt.dll
0x00007ff8c4fc0000 - 0x00007ff8c4ff3000 	C:\Windows\SYSTEM32\ntmarta.dll
0x00007ff8c1500000 - 0x00007ff8c151e000 	C:\Temp\native-platform13847882194913271875dir\native-platform.dll
0x00007ff8c19e0000 - 0x00007ff8c19e8000 	C:\Program Files\Android\Android Studio\jre\bin\rmi.dll

dbghelp: loaded successfully - version: 4.0.5 - missing functions: none
symbol engine: initialized successfully - sym options: 0x614 - pdb path: .;C:\Program Files\Android\Android Studio\jre\bin;C:\Windows\SYSTEM32;C:\Windows\WinSxS\amd64_microsoft.windows.common-controls_6595b64144ccf1df_6.0.19041.1110_none_60b5254171f9507e;C:\Program Files\Android\Android Studio\jre\bin\server;C:\Users\Ekaterina\.gradle\native\e1d6ef7f7dcc3fd88c89a11ec53ec762bb8ba0a96d01ffa2cd45eb1d1d8dd5c5\windows-amd64;C:\Users\Ekaterina\.gradle\native\5664cfc778a61ccfe75a443a1ab52a65af34e5dc3c78e0209fed803814484fcb\windows-amd64;C:\Temp\native-platform13847882194913271875dir

VM Arguments:
jvm_args: --add-opens=java.base/java.util=ALL-UNNAMED --add-opens=java.base/java.lang=ALL-UNNAMED --add-opens=java.base/java.lang.invoke=ALL-UNNAMED --add-opens=java.base/java.util=ALL-UNNAMED --add-opens=java.prefs/java.util.prefs=ALL-UNNAMED --add-opens=java.prefs/java.util.prefs=ALL-UNNAMED --add-opens=java.base/java.nio.charset=ALL-UNNAMED --add-opens=java.base/java.net=ALL-UNNAMED --add-opens=java.base/java.util.concurrent.atomic=ALL-UNNAMED -Xmx2048m -Dfile.encoding=UTF-8 -Duser.country=RU -Duser.language=ru -Duser.variant 
java_command: org.gradle.launcher.daemon.bootstrap.GradleDaemon 7.3.3
java_class_path (initial): C:\Users\Ekaterina\.gradle\wrapper\dists\gradle-7.3.3-bin\6a41zxkdtcxs8rphpq6y0069z\gradle-7.3.3\lib\gradle-launcher-7.3.3.jar
Launcher Type: SUN_STANDARD

[Global flags]
     intx CICompilerCount                          = 3                                         {product} {ergonomic}
     uint ConcGCThreads                            = 1                                         {product} {ergonomic}
     uint G1ConcRefinementThreads                  = 4                                         {product} {ergonomic}
   size_t G1HeapRegionSize                         = 1048576                                   {product} {ergonomic}
    uintx GCDrainStackTargetSize                   = 64                                        {product} {ergonomic}
   size_t InitialHeapSize                          = 201326592                                 {product} {ergonomic}
   size_t MarkStackSize                            = 4194304                                   {product} {ergonomic}
   size_t MaxHeapSize                              = 2147483648                                {product} {command line}
   size_t MaxNewSize                               = 1287651328                                {product} {ergonomic}
   size_t MinHeapDeltaBytes                        = 1048576                                   {product} {ergonomic}
    uintx NonNMethodCodeHeapSize                   = 5830732                                {pd product} {ergonomic}
    uintx NonProfiledCodeHeapSize                  = 122913754                              {pd product} {ergonomic}
    uintx ProfiledCodeHeapSize                     = 122913754                              {pd product} {ergonomic}
    uintx ReservedCodeCacheSize                    = 251658240                              {pd product} {ergonomic}
     bool SegmentedCodeCache                       = true                                      {product} {ergonomic}
     bool UseCompressedClassPointers               = true                                 {lp64_product} {ergonomic}
     bool UseCompressedOops                        = true                                 {lp64_product} {ergonomic}
     bool UseG1GC                                  = true                                      {product} {ergonomic}
     bool UseLargePagesIndividualAllocation        = false                                  {pd product} {ergonomic}

Logging:
Log output configuration:
 #0: stdout all=warning uptime,level,tags
 #1: stderr all=off uptime,level,tags

Environment Variables:
PATH=C:\Windows\system32;C:\Windows;C:\Windows\System32\Wbem;C:\Windows\System32\WindowsPowerShell\v1.0\;C:\Program Files\Git\cmd;C:\Users\Ekaterina\AppData\Local\Microsoft\WindowsApps;;C:\Users\Ekaterina\AppData\Local\Programs\Microsoft VS Code\bin
USERNAME=Ekaterina
OS=Windows_NT
PROCESSOR_IDENTIFIER=Intel64 Family 6 Model 142 Stepping 9, GenuineIntel



---------------  S Y S T E M  ---------------

OS: Windows 10 , 64 bit Build 19041 (10.0.19041.1200)
OS uptime: 32 days 1:17 hours

CPU:total 4 (initial active 4) (2 cores per cpu, 2 threads per core) family 6 model 142 stepping 9 microcode 0xb4, cmov, cx8, fxsr, mmx, sse, sse2, sse3, ssse3, sse4.1, sse4.2, popcnt, avx, avx2, aes, clmul, erms, 3dnowpref, lzcnt, ht, tsc, tscinvbit, bmi1, bmi2, adx, fma

Memory: 4k page, system-wide physical 12197M (518M free)
TotalPageFile size 12197M (AvailPageFile size 5M)
current process WorkingSet (physical memory assigned to process): 794M, peak: 820M
current process commit charge ("private bytes"): 826M, peak: 846M

vm_info: OpenJDK 64-Bit Server VM (11.0.12+7-b1504.28-7817840) for windows-amd64 JRE (11.0.12+7-b1504.28-7817840), built on Oct 13 2021 22:12:33 by "builder" with MS VC++ 14.0 (VS2015)

END.
